[0.052s] DEBUG:colcon:Command line arguments: ['/usr/bin/colcon', 'build', '--symlink-install']
[0.052s] DEBUG:colcon:Parsed command line arguments: Namespace(log_base=None, log_level=None, verb_name='build', build_base='build', install_base='install', merge_install=False, symlink_install=True, test_result_base=None, continue_on_error=False, executor='parallel', parallel_workers=20, event_handlers=None, ignore_user_meta=False, metas=['./colcon.meta'], base_paths=['.'], packages_ignore=None, packages_ignore_regex=None, paths=None, packages_up_to=None, packages_up_to_regex=None, packages_above=None, packages_above_and_dependencies=None, packages_above_depth=None, packages_select_by_dep=None, packages_skip_by_dep=None, packages_skip_up_to=None, packages_select_build_failed=False, packages_skip_build_finished=False, packages_select_test_failures=False, packages_skip_test_passed=False, packages_select=None, packages_skip=None, packages_select_regex=None, packages_skip_regex=None, packages_start=None, packages_end=None, allow_overriding=[], cmake_args=None, cmake_target=None, cmake_target_skip_unavailable=False, cmake_clean_cache=False, cmake_clean_first=False, cmake_force_configure=False, ament_cmake_args=None, catkin_cmake_args=None, catkin_skip_building_tests=False, mixin_files=None, mixin=None, verb_parser=<colcon_mixin.mixin.mixin_argument.MixinArgumentDecorator object at 0x7a758c62a890>, verb_extension=<colcon_core.verb.build.BuildVerb object at 0x7a758c722f50>, main=<bound method BuildVerb.main of <colcon_core.verb.build.BuildVerb object at 0x7a758c722f50>>, mixin_verb=('build',))
[0.146s] Level 1:colcon.colcon_core.package_discovery:discover_packages(colcon_meta) check parameters
[0.146s] Level 1:colcon.colcon_core.package_discovery:discover_packages(recursive) check parameters
[0.146s] Level 1:colcon.colcon_core.package_discovery:discover_packages(ignore) check parameters
[0.146s] Level 1:colcon.colcon_core.package_discovery:discover_packages(path) check parameters
[0.146s] Level 1:colcon.colcon_core.package_discovery:discover_packages(colcon_meta) discover
[0.146s] Level 1:colcon.colcon_core.package_discovery:discover_packages(recursive) discover
[0.146s] INFO:colcon.colcon_core.package_discovery:Crawling recursively for packages in '/home/rishabh/Desktop/MRT/Assignments/Assignment2/ros2_ws'
[0.146s] Level 1:colcon.colcon_core.package_identification:_identify(.) by extensions ['ignore', 'ignore_ament_install']
[0.146s] Level 1:colcon.colcon_core.package_identification:_identify(.) by extension 'ignore'
[0.146s] Level 1:colcon.colcon_core.package_identification:_identify(.) by extension 'ignore_ament_install'
[0.146s] Level 1:colcon.colcon_core.package_identification:_identify(.) by extensions ['colcon_pkg']
[0.146s] Level 1:colcon.colcon_core.package_identification:_identify(.) by extension 'colcon_pkg'
[0.146s] Level 1:colcon.colcon_core.package_identification:_identify(.) by extensions ['colcon_meta']
[0.146s] Level 1:colcon.colcon_core.package_identification:_identify(.) by extension 'colcon_meta'
[0.146s] Level 1:colcon.colcon_core.package_identification:_identify(.) by extensions ['ros']
[0.146s] Level 1:colcon.colcon_core.package_identification:_identify(.) by extension 'ros'
[0.152s] Level 1:colcon.colcon_core.package_identification:_identify(.) by extensions ['cmake', 'python']
[0.152s] Level 1:colcon.colcon_core.package_identification:_identify(.) by extension 'cmake'
[0.152s] Level 1:colcon.colcon_core.package_identification:_identify(.) by extension 'python'
[0.152s] Level 1:colcon.colcon_core.package_identification:_identify(.) by extensions ['python_setup_py']
[0.152s] Level 1:colcon.colcon_core.package_identification:_identify(.) by extension 'python_setup_py'
[0.152s] Level 1:colcon.colcon_core.package_identification:_identify(build) by extensions ['ignore', 'ignore_ament_install']
[0.152s] Level 1:colcon.colcon_core.package_identification:_identify(build) by extension 'ignore'
[0.152s] Level 1:colcon.colcon_core.package_identification:_identify(build) ignored
[0.152s] Level 1:colcon.colcon_core.package_identification:_identify(install) by extensions ['ignore', 'ignore_ament_install']
[0.153s] Level 1:colcon.colcon_core.package_identification:_identify(install) by extension 'ignore'
[0.153s] Level 1:colcon.colcon_core.package_identification:_identify(install) ignored
[0.153s] Level 1:colcon.colcon_core.package_identification:_identify(log) by extensions ['ignore', 'ignore_ament_install']
[0.153s] Level 1:colcon.colcon_core.package_identification:_identify(log) by extension 'ignore'
[0.153s] Level 1:colcon.colcon_core.package_identification:_identify(log) ignored
[0.153s] Level 1:colcon.colcon_core.package_identification:_identify(src) by extensions ['ignore', 'ignore_ament_install']
[0.153s] Level 1:colcon.colcon_core.package_identification:_identify(src) by extension 'ignore'
[0.153s] Level 1:colcon.colcon_core.package_identification:_identify(src) by extension 'ignore_ament_install'
[0.153s] Level 1:colcon.colcon_core.package_identification:_identify(src) by extensions ['colcon_pkg']
[0.153s] Level 1:colcon.colcon_core.package_identification:_identify(src) by extension 'colcon_pkg'
[0.153s] Level 1:colcon.colcon_core.package_identification:_identify(src) by extensions ['colcon_meta']
[0.153s] Level 1:colcon.colcon_core.package_identification:_identify(src) by extension 'colcon_meta'
[0.153s] Level 1:colcon.colcon_core.package_identification:_identify(src) by extensions ['ros']
[0.153s] Level 1:colcon.colcon_core.package_identification:_identify(src) by extension 'ros'
[0.153s] Level 1:colcon.colcon_core.package_identification:_identify(src) by extensions ['cmake', 'python']
[0.153s] Level 1:colcon.colcon_core.package_identification:_identify(src) by extension 'cmake'
[0.153s] Level 1:colcon.colcon_core.package_identification:_identify(src) by extension 'python'
[0.153s] Level 1:colcon.colcon_core.package_identification:_identify(src) by extensions ['python_setup_py']
[0.153s] Level 1:colcon.colcon_core.package_identification:_identify(src) by extension 'python_setup_py'
[0.153s] Level 1:colcon.colcon_core.package_identification:_identify(src/rover_movement) by extensions ['ignore', 'ignore_ament_install']
[0.153s] Level 1:colcon.colcon_core.package_identification:_identify(src/rover_movement) by extension 'ignore'
[0.153s] Level 1:colcon.colcon_core.package_identification:_identify(src/rover_movement) by extension 'ignore_ament_install'
[0.153s] Level 1:colcon.colcon_core.package_identification:_identify(src/rover_movement) by extensions ['colcon_pkg']
[0.153s] Level 1:colcon.colcon_core.package_identification:_identify(src/rover_movement) by extension 'colcon_pkg'
[0.153s] Level 1:colcon.colcon_core.package_identification:_identify(src/rover_movement) by extensions ['colcon_meta']
[0.153s] Level 1:colcon.colcon_core.package_identification:_identify(src/rover_movement) by extension 'colcon_meta'
[0.153s] Level 1:colcon.colcon_core.package_identification:_identify(src/rover_movement) by extensions ['ros']
[0.153s] Level 1:colcon.colcon_core.package_identification:_identify(src/rover_movement) by extension 'ros'
[0.154s] DEBUG:colcon.colcon_core.package_identification:Package 'src/rover_movement' with type 'ros.ament_python' and name 'rover_movement'
[0.154s] Level 1:colcon.colcon_core.package_identification:_identify(src/rover_odometry) by extensions ['ignore', 'ignore_ament_install']
[0.154s] Level 1:colcon.colcon_core.package_identification:_identify(src/rover_odometry) by extension 'ignore'
[0.154s] Level 1:colcon.colcon_core.package_identification:_identify(src/rover_odometry) by extension 'ignore_ament_install'
[0.154s] Level 1:colcon.colcon_core.package_identification:_identify(src/rover_odometry) by extensions ['colcon_pkg']
[0.154s] Level 1:colcon.colcon_core.package_identification:_identify(src/rover_odometry) by extension 'colcon_pkg'
[0.154s] Level 1:colcon.colcon_core.package_identification:_identify(src/rover_odometry) by extensions ['colcon_meta']
[0.154s] Level 1:colcon.colcon_core.package_identification:_identify(src/rover_odometry) by extension 'colcon_meta'
[0.154s] Level 1:colcon.colcon_core.package_identification:_identify(src/rover_odometry) by extensions ['ros']
[0.155s] Level 1:colcon.colcon_core.package_identification:_identify(src/rover_odometry) by extension 'ros'
[0.159s] DEBUG:colcon.colcon_core.package_identification:Package 'src/rover_odometry' with type 'ros.ament_python' and name 'rover_odometry'
[0.159s] Level 1:colcon.colcon_core.package_identification:_identify(src/rover_status) by extensions ['ignore', 'ignore_ament_install']
[0.159s] Level 1:colcon.colcon_core.package_identification:_identify(src/rover_status) by extension 'ignore'
[0.159s] Level 1:colcon.colcon_core.package_identification:_identify(src/rover_status) by extension 'ignore_ament_install'
[0.159s] Level 1:colcon.colcon_core.package_identification:_identify(src/rover_status) by extensions ['colcon_pkg']
[0.159s] Level 1:colcon.colcon_core.package_identification:_identify(src/rover_status) by extension 'colcon_pkg'
[0.159s] Level 1:colcon.colcon_core.package_identification:_identify(src/rover_status) by extensions ['colcon_meta']
[0.159s] Level 1:colcon.colcon_core.package_identification:_identify(src/rover_status) by extension 'colcon_meta'
[0.159s] Level 1:colcon.colcon_core.package_identification:_identify(src/rover_status) by extensions ['ros']
[0.159s] Level 1:colcon.colcon_core.package_identification:_identify(src/rover_status) by extension 'ros'
[0.159s] DEBUG:colcon.colcon_core.package_identification:Package 'src/rover_status' with type 'ros.ament_python' and name 'rover_status'
[0.159s] Level 1:colcon.colcon_core.package_discovery:discover_packages(recursive) using defaults
[0.159s] Level 1:colcon.colcon_core.package_discovery:discover_packages(ignore) discover
[0.159s] Level 1:colcon.colcon_core.package_discovery:discover_packages(ignore) using defaults
[0.159s] Level 1:colcon.colcon_core.package_discovery:discover_packages(path) discover
[0.159s] Level 1:colcon.colcon_core.package_discovery:discover_packages(path) using defaults
[0.169s] Level 1:colcon.colcon_core.package_discovery:discover_packages(prefix_path) check parameters
[0.169s] Level 1:colcon.colcon_core.package_discovery:discover_packages(prefix_path) discover
[0.170s] DEBUG:colcon.colcon_installed_package_information.package_discovery:Found 3 installed packages in /home/rishabh/Desktop/MRT/Assignments/Assignment2/ros2_ws/install
[0.171s] DEBUG:colcon.colcon_installed_package_information.package_discovery:Found 293 installed packages in /opt/ros/humble
[0.171s] Level 1:colcon.colcon_core.package_discovery:discover_packages(prefix_path) using defaults
[0.189s] Level 5:colcon.colcon_core.verb:set package 'rover_movement' build argument 'cmake_args' from command line to 'None'
[0.189s] Level 5:colcon.colcon_core.verb:set package 'rover_movement' build argument 'cmake_target' from command line to 'None'
[0.189s] Level 5:colcon.colcon_core.verb:set package 'rover_movement' build argument 'cmake_target_skip_unavailable' from command line to 'False'
[0.189s] Level 5:colcon.colcon_core.verb:set package 'rover_movement' build argument 'cmake_clean_cache' from command line to 'False'
[0.189s] Level 5:colcon.colcon_core.verb:set package 'rover_movement' build argument 'cmake_clean_first' from command line to 'False'
[0.189s] Level 5:colcon.colcon_core.verb:set package 'rover_movement' build argument 'cmake_force_configure' from command line to 'False'
[0.189s] Level 5:colcon.colcon_core.verb:set package 'rover_movement' build argument 'ament_cmake_args' from command line to 'None'
[0.189s] Level 5:colcon.colcon_core.verb:set package 'rover_movement' build argument 'catkin_cmake_args' from command line to 'None'
[0.189s] Level 5:colcon.colcon_core.verb:set package 'rover_movement' build argument 'catkin_skip_building_tests' from command line to 'False'
[0.189s] DEBUG:colcon.colcon_core.verb:Building package 'rover_movement' with the following arguments: {'ament_cmake_args': None, 'build_base': '/home/rishabh/Desktop/MRT/Assignments/Assignment2/ros2_ws/build/rover_movement', 'catkin_cmake_args': None, 'catkin_skip_building_tests': False, 'cmake_args': None, 'cmake_clean_cache': False, 'cmake_clean_first': False, 'cmake_force_configure': False, 'cmake_target': None, 'cmake_target_skip_unavailable': False, 'install_base': '/home/rishabh/Desktop/MRT/Assignments/Assignment2/ros2_ws/install/rover_movement', 'merge_install': False, 'path': '/home/rishabh/Desktop/MRT/Assignments/Assignment2/ros2_ws/src/rover_movement', 'symlink_install': True, 'test_result_base': None}
[0.189s] Level 5:colcon.colcon_core.verb:set package 'rover_odometry' build argument 'cmake_args' from command line to 'None'
[0.189s] Level 5:colcon.colcon_core.verb:set package 'rover_odometry' build argument 'cmake_target' from command line to 'None'
[0.189s] Level 5:colcon.colcon_core.verb:set package 'rover_odometry' build argument 'cmake_target_skip_unavailable' from command line to 'False'
[0.189s] Level 5:colcon.colcon_core.verb:set package 'rover_odometry' build argument 'cmake_clean_cache' from command line to 'False'
[0.189s] Level 5:colcon.colcon_core.verb:set package 'rover_odometry' build argument 'cmake_clean_first' from command line to 'False'
[0.189s] Level 5:colcon.colcon_core.verb:set package 'rover_odometry' build argument 'cmake_force_configure' from command line to 'False'
[0.189s] Level 5:colcon.colcon_core.verb:set package 'rover_odometry' build argument 'ament_cmake_args' from command line to 'None'
[0.189s] Level 5:colcon.colcon_core.verb:set package 'rover_odometry' build argument 'catkin_cmake_args' from command line to 'None'
[0.189s] Level 5:colcon.colcon_core.verb:set package 'rover_odometry' build argument 'catkin_skip_building_tests' from command line to 'False'
[0.189s] DEBUG:colcon.colcon_core.verb:Building package 'rover_odometry' with the following arguments: {'ament_cmake_args': None, 'build_base': '/home/rishabh/Desktop/MRT/Assignments/Assignment2/ros2_ws/build/rover_odometry', 'catkin_cmake_args': None, 'catkin_skip_building_tests': False, 'cmake_args': None, 'cmake_clean_cache': False, 'cmake_clean_first': False, 'cmake_force_configure': False, 'cmake_target': None, 'cmake_target_skip_unavailable': False, 'install_base': '/home/rishabh/Desktop/MRT/Assignments/Assignment2/ros2_ws/install/rover_odometry', 'merge_install': False, 'path': '/home/rishabh/Desktop/MRT/Assignments/Assignment2/ros2_ws/src/rover_odometry', 'symlink_install': True, 'test_result_base': None}
[0.189s] Level 5:colcon.colcon_core.verb:set package 'rover_status' build argument 'cmake_args' from command line to 'None'
[0.189s] Level 5:colcon.colcon_core.verb:set package 'rover_status' build argument 'cmake_target' from command line to 'None'
[0.189s] Level 5:colcon.colcon_core.verb:set package 'rover_status' build argument 'cmake_target_skip_unavailable' from command line to 'False'
[0.189s] Level 5:colcon.colcon_core.verb:set package 'rover_status' build argument 'cmake_clean_cache' from command line to 'False'
[0.189s] Level 5:colcon.colcon_core.verb:set package 'rover_status' build argument 'cmake_clean_first' from command line to 'False'
[0.189s] Level 5:colcon.colcon_core.verb:set package 'rover_status' build argument 'cmake_force_configure' from command line to 'False'
[0.189s] Level 5:colcon.colcon_core.verb:set package 'rover_status' build argument 'ament_cmake_args' from command line to 'None'
[0.189s] Level 5:colcon.colcon_core.verb:set package 'rover_status' build argument 'catkin_cmake_args' from command line to 'None'
[0.189s] Level 5:colcon.colcon_core.verb:set package 'rover_status' build argument 'catkin_skip_building_tests' from command line to 'False'
[0.189s] DEBUG:colcon.colcon_core.verb:Building package 'rover_status' with the following arguments: {'ament_cmake_args': None, 'build_base': '/home/rishabh/Desktop/MRT/Assignments/Assignment2/ros2_ws/build/rover_status', 'catkin_cmake_args': None, 'catkin_skip_building_tests': False, 'cmake_args': None, 'cmake_clean_cache': False, 'cmake_clean_first': False, 'cmake_force_configure': False, 'cmake_target': None, 'cmake_target_skip_unavailable': False, 'install_base': '/home/rishabh/Desktop/MRT/Assignments/Assignment2/ros2_ws/install/rover_status', 'merge_install': False, 'path': '/home/rishabh/Desktop/MRT/Assignments/Assignment2/ros2_ws/src/rover_status', 'symlink_install': True, 'test_result_base': None}
[0.190s] INFO:colcon.colcon_core.executor:Executing jobs using 'parallel' executor
[0.190s] DEBUG:colcon.colcon_parallel_executor.executor.parallel:run_until_complete
[0.190s] INFO:colcon.colcon_ros.task.ament_python.build:Building ROS package in '/home/rishabh/Desktop/MRT/Assignments/Assignment2/ros2_ws/src/rover_movement' with build type 'ament_python'
[0.190s] Level 1:colcon.colcon_core.shell:create_environment_hook('rover_movement', 'ament_prefix_path')
[0.191s] INFO:colcon.colcon_core.plugin_system:Skipping extension 'colcon_core.shell.bat': Not used on non-Windows systems
[0.192s] INFO:colcon.colcon_core.shell:Creating environment hook '/home/rishabh/Desktop/MRT/Assignments/Assignment2/ros2_ws/install/rover_movement/share/rover_movement/hook/ament_prefix_path.ps1'
[0.192s] INFO:colcon.colcon_core.shell:Creating environment descriptor '/home/rishabh/Desktop/MRT/Assignments/Assignment2/ros2_ws/install/rover_movement/share/rover_movement/hook/ament_prefix_path.dsv'
[0.192s] INFO:colcon.colcon_core.shell:Creating environment hook '/home/rishabh/Desktop/MRT/Assignments/Assignment2/ros2_ws/install/rover_movement/share/rover_movement/hook/ament_prefix_path.sh'
[0.193s] INFO:colcon.colcon_core.shell:Skip shell extension 'powershell' for command environment: Not usable outside of PowerShell
[0.193s] DEBUG:colcon.colcon_core.shell:Skip shell extension 'dsv' for command environment
[0.194s] INFO:colcon.colcon_ros.task.ament_python.build:Building ROS package in '/home/rishabh/Desktop/MRT/Assignments/Assignment2/ros2_ws/src/rover_odometry' with build type 'ament_python'
[0.194s] Level 1:colcon.colcon_core.shell:create_environment_hook('rover_odometry', 'ament_prefix_path')
[0.194s] INFO:colcon.colcon_core.shell:Creating environment hook '/home/rishabh/Desktop/MRT/Assignments/Assignment2/ros2_ws/install/rover_odometry/share/rover_odometry/hook/ament_prefix_path.ps1'
[0.195s] INFO:colcon.colcon_core.shell:Creating environment descriptor '/home/rishabh/Desktop/MRT/Assignments/Assignment2/ros2_ws/install/rover_odometry/share/rover_odometry/hook/ament_prefix_path.dsv'
[0.195s] INFO:colcon.colcon_core.shell:Creating environment hook '/home/rishabh/Desktop/MRT/Assignments/Assignment2/ros2_ws/install/rover_odometry/share/rover_odometry/hook/ament_prefix_path.sh'
[0.195s] INFO:colcon.colcon_core.shell:Skip shell extension 'powershell' for command environment: Not usable outside of PowerShell
[0.195s] DEBUG:colcon.colcon_core.shell:Skip shell extension 'dsv' for command environment
[0.197s] INFO:colcon.colcon_ros.task.ament_python.build:Building ROS package in '/home/rishabh/Desktop/MRT/Assignments/Assignment2/ros2_ws/src/rover_status' with build type 'ament_python'
[0.197s] Level 1:colcon.colcon_core.shell:create_environment_hook('rover_status', 'ament_prefix_path')
[0.197s] INFO:colcon.colcon_core.shell:Creating environment hook '/home/rishabh/Desktop/MRT/Assignments/Assignment2/ros2_ws/install/rover_status/share/rover_status/hook/ament_prefix_path.ps1'
[0.197s] INFO:colcon.colcon_core.shell:Creating environment descriptor '/home/rishabh/Desktop/MRT/Assignments/Assignment2/ros2_ws/install/rover_status/share/rover_status/hook/ament_prefix_path.dsv'
[0.197s] INFO:colcon.colcon_core.shell:Creating environment hook '/home/rishabh/Desktop/MRT/Assignments/Assignment2/ros2_ws/install/rover_status/share/rover_status/hook/ament_prefix_path.sh'
[0.197s] INFO:colcon.colcon_core.shell:Skip shell extension 'powershell' for command environment: Not usable outside of PowerShell
[0.197s] DEBUG:colcon.colcon_core.shell:Skip shell extension 'dsv' for command environment
[0.326s] INFO:colcon.colcon_core.task.python.build:Building Python package in '/home/rishabh/Desktop/MRT/Assignments/Assignment2/ros2_ws/src/rover_movement'
[0.327s] INFO:colcon.colcon_core.shell:Skip shell extension 'powershell' for command environment: Not usable outside of PowerShell
[0.327s] DEBUG:colcon.colcon_core.shell:Skip shell extension 'dsv' for command environment
[0.454s] INFO:colcon.colcon_core.task.python.build:Building Python package in '/home/rishabh/Desktop/MRT/Assignments/Assignment2/ros2_ws/src/rover_odometry'
[0.454s] INFO:colcon.colcon_core.shell:Skip shell extension 'powershell' for command environment: Not usable outside of PowerShell
[0.454s] DEBUG:colcon.colcon_core.shell:Skip shell extension 'dsv' for command environment
[0.583s] INFO:colcon.colcon_core.task.python.build:Building Python package in '/home/rishabh/Desktop/MRT/Assignments/Assignment2/ros2_ws/src/rover_status'
[0.583s] INFO:colcon.colcon_core.shell:Skip shell extension 'powershell' for command environment: Not usable outside of PowerShell
[0.583s] DEBUG:colcon.colcon_core.shell:Skip shell extension 'dsv' for command environment
[0.772s] DEBUG:colcon.colcon_core.event_handler.log_command:Invoking command in '/home/rishabh/Desktop/MRT/Assignments/Assignment2/ros2_ws/build/rover_movement': PYTHONPATH=/home/rishabh/Desktop/MRT/Assignments/Assignment2/ros2_ws/build/rover_movement/prefix_override:/usr/lib/python3/dist-packages/colcon_core/task/python/colcon_distutils_commands:/home/rishabh/Desktop/MRT/Assignments/Assignment2/ros2_ws/install/rover_movement/lib/python3.10/site-packages:${PYTHONPATH} /usr/bin/python3 -W ignore:setup.py install is deprecated setup.py develop --editable --build-directory /home/rishabh/Desktop/MRT/Assignments/Assignment2/ros2_ws/build/rover_movement/build --no-deps symlink_data
[0.788s] DEBUG:colcon.colcon_core.event_handler.log_command:Invoking command in '/home/rishabh/Desktop/MRT/Assignments/Assignment2/ros2_ws/build/rover_odometry': PYTHONPATH=/home/rishabh/Desktop/MRT/Assignments/Assignment2/ros2_ws/build/rover_odometry/prefix_override:/usr/lib/python3/dist-packages/colcon_core/task/python/colcon_distutils_commands:/home/rishabh/Desktop/MRT/Assignments/Assignment2/ros2_ws/install/rover_odometry/lib/python3.10/site-packages:${PYTHONPATH} /usr/bin/python3 -W ignore:setup.py install is deprecated setup.py develop --editable --build-directory /home/rishabh/Desktop/MRT/Assignments/Assignment2/ros2_ws/build/rover_odometry/build --no-deps symlink_data
[0.789s] DEBUG:colcon.colcon_core.event_handler.log_command:Invoking command in '/home/rishabh/Desktop/MRT/Assignments/Assignment2/ros2_ws/build/rover_status': PYTHONPATH=/home/rishabh/Desktop/MRT/Assignments/Assignment2/ros2_ws/build/rover_status/prefix_override:/usr/lib/python3/dist-packages/colcon_core/task/python/colcon_distutils_commands:/home/rishabh/Desktop/MRT/Assignments/Assignment2/ros2_ws/install/rover_status/lib/python3.10/site-packages:${PYTHONPATH} /usr/bin/python3 -W ignore:setup.py install is deprecated setup.py develop --editable --build-directory /home/rishabh/Desktop/MRT/Assignments/Assignment2/ros2_ws/build/rover_status/build --no-deps symlink_data
[1.017s] Level 1:colcon.colcon_core.shell:create_environment_hook('rover_movement', 'pythonpath_develop')
[1.017s] INFO:colcon.colcon_core.shell:Creating environment hook '/home/rishabh/Desktop/MRT/Assignments/Assignment2/ros2_ws/build/rover_movement/share/rover_movement/hook/pythonpath_develop.ps1'
[1.018s] DEBUG:colcon.colcon_core.event_handler.log_command:Invoked command in '/home/rishabh/Desktop/MRT/Assignments/Assignment2/ros2_ws/build/rover_movement' returned '0': PYTHONPATH=/home/rishabh/Desktop/MRT/Assignments/Assignment2/ros2_ws/build/rover_movement/prefix_override:/usr/lib/python3/dist-packages/colcon_core/task/python/colcon_distutils_commands:/home/rishabh/Desktop/MRT/Assignments/Assignment2/ros2_ws/install/rover_movement/lib/python3.10/site-packages:${PYTHONPATH} /usr/bin/python3 -W ignore:setup.py install is deprecated setup.py develop --editable --build-directory /home/rishabh/Desktop/MRT/Assignments/Assignment2/ros2_ws/build/rover_movement/build --no-deps symlink_data
[1.018s] INFO:colcon.colcon_core.shell:Creating environment descriptor '/home/rishabh/Desktop/MRT/Assignments/Assignment2/ros2_ws/build/rover_movement/share/rover_movement/hook/pythonpath_develop.dsv'
[1.018s] INFO:colcon.colcon_core.shell:Creating environment hook '/home/rishabh/Desktop/MRT/Assignments/Assignment2/ros2_ws/build/rover_movement/share/rover_movement/hook/pythonpath_develop.sh'
[1.019s] Level 1:colcon.colcon_core.environment:checking '/home/rishabh/Desktop/MRT/Assignments/Assignment2/ros2_ws/install/rover_movement' for CMake module files
[1.020s] Level 1:colcon.colcon_core.environment:checking '/home/rishabh/Desktop/MRT/Assignments/Assignment2/ros2_ws/install/rover_movement' for CMake config files
[1.020s] Level 1:colcon.colcon_core.environment:checking '/home/rishabh/Desktop/MRT/Assignments/Assignment2/ros2_ws/install/rover_movement/lib'
[1.020s] Level 1:colcon.colcon_core.environment:checking '/home/rishabh/Desktop/MRT/Assignments/Assignment2/ros2_ws/install/rover_movement/bin'
[1.020s] Level 1:colcon.colcon_core.environment:checking '/home/rishabh/Desktop/MRT/Assignments/Assignment2/ros2_ws/install/rover_movement/lib/pkgconfig/rover_movement.pc'
[1.020s] Level 1:colcon.colcon_core.environment:checking '/home/rishabh/Desktop/MRT/Assignments/Assignment2/ros2_ws/install/rover_movement/lib/python3.10/site-packages'
[1.020s] Level 1:colcon.colcon_core.shell:create_environment_hook('rover_movement', 'pythonpath')
[1.021s] INFO:colcon.colcon_core.shell:Creating environment hook '/home/rishabh/Desktop/MRT/Assignments/Assignment2/ros2_ws/install/rover_movement/share/rover_movement/hook/pythonpath.ps1'
[1.021s] INFO:colcon.colcon_core.shell:Creating environment descriptor '/home/rishabh/Desktop/MRT/Assignments/Assignment2/ros2_ws/install/rover_movement/share/rover_movement/hook/pythonpath.dsv'
[1.021s] INFO:colcon.colcon_core.shell:Creating environment hook '/home/rishabh/Desktop/MRT/Assignments/Assignment2/ros2_ws/install/rover_movement/share/rover_movement/hook/pythonpath.sh'
[1.022s] Level 1:colcon.colcon_core.environment:checking '/home/rishabh/Desktop/MRT/Assignments/Assignment2/ros2_ws/install/rover_movement/bin'
[1.022s] Level 1:colcon.colcon_core.environment:create_environment_scripts_only(rover_movement)
[1.022s] INFO:colcon.colcon_core.shell:Creating package script '/home/rishabh/Desktop/MRT/Assignments/Assignment2/ros2_ws/install/rover_movement/share/rover_movement/package.ps1'
[1.023s] INFO:colcon.colcon_core.shell:Creating package descriptor '/home/rishabh/Desktop/MRT/Assignments/Assignment2/ros2_ws/install/rover_movement/share/rover_movement/package.dsv'
[1.023s] INFO:colcon.colcon_core.shell:Creating package script '/home/rishabh/Desktop/MRT/Assignments/Assignment2/ros2_ws/install/rover_movement/share/rover_movement/package.sh'
[1.023s] INFO:colcon.colcon_core.shell:Creating package script '/home/rishabh/Desktop/MRT/Assignments/Assignment2/ros2_ws/install/rover_movement/share/rover_movement/package.bash'
[1.024s] INFO:colcon.colcon_core.shell:Creating package script '/home/rishabh/Desktop/MRT/Assignments/Assignment2/ros2_ws/install/rover_movement/share/rover_movement/package.zsh'
[1.024s] Level 1:colcon.colcon_core.environment:create_file_with_runtime_dependencies(/home/rishabh/Desktop/MRT/Assignments/Assignment2/ros2_ws/install/rover_movement/share/colcon-core/packages/rover_movement)
[1.028s] Level 1:colcon.colcon_core.shell:create_environment_hook('rover_odometry', 'pythonpath_develop')
[1.029s] INFO:colcon.colcon_core.shell:Creating environment hook '/home/rishabh/Desktop/MRT/Assignments/Assignment2/ros2_ws/build/rover_odometry/share/rover_odometry/hook/pythonpath_develop.ps1'
[1.029s] DEBUG:colcon.colcon_core.event_handler.log_command:Invoked command in '/home/rishabh/Desktop/MRT/Assignments/Assignment2/ros2_ws/build/rover_odometry' returned '0': PYTHONPATH=/home/rishabh/Desktop/MRT/Assignments/Assignment2/ros2_ws/build/rover_odometry/prefix_override:/usr/lib/python3/dist-packages/colcon_core/task/python/colcon_distutils_commands:/home/rishabh/Desktop/MRT/Assignments/Assignment2/ros2_ws/install/rover_odometry/lib/python3.10/site-packages:${PYTHONPATH} /usr/bin/python3 -W ignore:setup.py install is deprecated setup.py develop --editable --build-directory /home/rishabh/Desktop/MRT/Assignments/Assignment2/ros2_ws/build/rover_odometry/build --no-deps symlink_data
[1.030s] INFO:colcon.colcon_core.shell:Creating environment descriptor '/home/rishabh/Desktop/MRT/Assignments/Assignment2/ros2_ws/build/rover_odometry/share/rover_odometry/hook/pythonpath_develop.dsv'
[1.030s] INFO:colcon.colcon_core.shell:Creating environment hook '/home/rishabh/Desktop/MRT/Assignments/Assignment2/ros2_ws/build/rover_odometry/share/rover_odometry/hook/pythonpath_develop.sh'
[1.030s] Level 1:colcon.colcon_core.environment:checking '/home/rishabh/Desktop/MRT/Assignments/Assignment2/ros2_ws/install/rover_odometry' for CMake module files
[1.031s] Level 1:colcon.colcon_core.environment:checking '/home/rishabh/Desktop/MRT/Assignments/Assignment2/ros2_ws/install/rover_odometry' for CMake config files
[1.031s] Level 1:colcon.colcon_core.environment:checking '/home/rishabh/Desktop/MRT/Assignments/Assignment2/ros2_ws/install/rover_odometry/lib'
[1.031s] Level 1:colcon.colcon_core.environment:checking '/home/rishabh/Desktop/MRT/Assignments/Assignment2/ros2_ws/install/rover_odometry/bin'
[1.031s] Level 1:colcon.colcon_core.environment:checking '/home/rishabh/Desktop/MRT/Assignments/Assignment2/ros2_ws/install/rover_odometry/lib/pkgconfig/rover_odometry.pc'
[1.031s] Level 1:colcon.colcon_core.environment:checking '/home/rishabh/Desktop/MRT/Assignments/Assignment2/ros2_ws/install/rover_odometry/lib/python3.10/site-packages'
[1.031s] Level 1:colcon.colcon_core.shell:create_environment_hook('rover_odometry', 'pythonpath')
[1.032s] INFO:colcon.colcon_core.shell:Creating environment hook '/home/rishabh/Desktop/MRT/Assignments/Assignment2/ros2_ws/install/rover_odometry/share/rover_odometry/hook/pythonpath.ps1'
[1.032s] INFO:colcon.colcon_core.shell:Creating environment descriptor '/home/rishabh/Desktop/MRT/Assignments/Assignment2/ros2_ws/install/rover_odometry/share/rover_odometry/hook/pythonpath.dsv'
[1.032s] INFO:colcon.colcon_core.shell:Creating environment hook '/home/rishabh/Desktop/MRT/Assignments/Assignment2/ros2_ws/install/rover_odometry/share/rover_odometry/hook/pythonpath.sh'
[1.032s] Level 1:colcon.colcon_core.environment:checking '/home/rishabh/Desktop/MRT/Assignments/Assignment2/ros2_ws/install/rover_odometry/bin'
[1.032s] Level 1:colcon.colcon_core.environment:create_environment_scripts_only(rover_odometry)
[1.032s] INFO:colcon.colcon_core.shell:Creating package script '/home/rishabh/Desktop/MRT/Assignments/Assignment2/ros2_ws/install/rover_odometry/share/rover_odometry/package.ps1'
[1.033s] INFO:colcon.colcon_core.shell:Creating package descriptor '/home/rishabh/Desktop/MRT/Assignments/Assignment2/ros2_ws/install/rover_odometry/share/rover_odometry/package.dsv'
[1.033s] INFO:colcon.colcon_core.shell:Creating package script '/home/rishabh/Desktop/MRT/Assignments/Assignment2/ros2_ws/install/rover_odometry/share/rover_odometry/package.sh'
[1.033s] INFO:colcon.colcon_core.shell:Creating package script '/home/rishabh/Desktop/MRT/Assignments/Assignment2/ros2_ws/install/rover_odometry/share/rover_odometry/package.bash'
[1.033s] INFO:colcon.colcon_core.shell:Creating package script '/home/rishabh/Desktop/MRT/Assignments/Assignment2/ros2_ws/install/rover_odometry/share/rover_odometry/package.zsh'
[1.033s] Level 1:colcon.colcon_core.environment:create_file_with_runtime_dependencies(/home/rishabh/Desktop/MRT/Assignments/Assignment2/ros2_ws/install/rover_odometry/share/colcon-core/packages/rover_odometry)
[1.034s] Level 1:colcon.colcon_core.shell:create_environment_hook('rover_status', 'pythonpath_develop')
[1.034s] INFO:colcon.colcon_core.shell:Creating environment hook '/home/rishabh/Desktop/MRT/Assignments/Assignment2/ros2_ws/build/rover_status/share/rover_status/hook/pythonpath_develop.ps1'
[1.034s] DEBUG:colcon.colcon_core.event_handler.log_command:Invoked command in '/home/rishabh/Desktop/MRT/Assignments/Assignment2/ros2_ws/build/rover_status' returned '0': PYTHONPATH=/home/rishabh/Desktop/MRT/Assignments/Assignment2/ros2_ws/build/rover_status/prefix_override:/usr/lib/python3/dist-packages/colcon_core/task/python/colcon_distutils_commands:/home/rishabh/Desktop/MRT/Assignments/Assignment2/ros2_ws/install/rover_status/lib/python3.10/site-packages:${PYTHONPATH} /usr/bin/python3 -W ignore:setup.py install is deprecated setup.py develop --editable --build-directory /home/rishabh/Desktop/MRT/Assignments/Assignment2/ros2_ws/build/rover_status/build --no-deps symlink_data
[1.034s] INFO:colcon.colcon_core.shell:Creating environment descriptor '/home/rishabh/Desktop/MRT/Assignments/Assignment2/ros2_ws/build/rover_status/share/rover_status/hook/pythonpath_develop.dsv'
[1.035s] INFO:colcon.colcon_core.shell:Creating environment hook '/home/rishabh/Desktop/MRT/Assignments/Assignment2/ros2_ws/build/rover_status/share/rover_status/hook/pythonpath_develop.sh'
[1.035s] Level 1:colcon.colcon_core.environment:checking '/home/rishabh/Desktop/MRT/Assignments/Assignment2/ros2_ws/install/rover_status' for CMake module files
[1.035s] Level 1:colcon.colcon_core.environment:checking '/home/rishabh/Desktop/MRT/Assignments/Assignment2/ros2_ws/install/rover_status' for CMake config files
[1.035s] Level 1:colcon.colcon_core.environment:checking '/home/rishabh/Desktop/MRT/Assignments/Assignment2/ros2_ws/install/rover_status/lib'
[1.035s] Level 1:colcon.colcon_core.environment:checking '/home/rishabh/Desktop/MRT/Assignments/Assignment2/ros2_ws/install/rover_status/bin'
[1.035s] Level 1:colcon.colcon_core.environment:checking '/home/rishabh/Desktop/MRT/Assignments/Assignment2/ros2_ws/install/rover_status/lib/pkgconfig/rover_status.pc'
[1.035s] Level 1:colcon.colcon_core.environment:checking '/home/rishabh/Desktop/MRT/Assignments/Assignment2/ros2_ws/install/rover_status/lib/python3.10/site-packages'
[1.035s] Level 1:colcon.colcon_core.shell:create_environment_hook('rover_status', 'pythonpath')
[1.035s] INFO:colcon.colcon_core.shell:Creating environment hook '/home/rishabh/Desktop/MRT/Assignments/Assignment2/ros2_ws/install/rover_status/share/rover_status/hook/pythonpath.ps1'
[1.036s] INFO:colcon.colcon_core.shell:Creating environment descriptor '/home/rishabh/Desktop/MRT/Assignments/Assignment2/ros2_ws/install/rover_status/share/rover_status/hook/pythonpath.dsv'
[1.036s] INFO:colcon.colcon_core.shell:Creating environment hook '/home/rishabh/Desktop/MRT/Assignments/Assignment2/ros2_ws/install/rover_status/share/rover_status/hook/pythonpath.sh'
[1.036s] Level 1:colcon.colcon_core.environment:checking '/home/rishabh/Desktop/MRT/Assignments/Assignment2/ros2_ws/install/rover_status/bin'
[1.036s] Level 1:colcon.colcon_core.environment:create_environment_scripts_only(rover_status)
[1.036s] INFO:colcon.colcon_core.shell:Creating package script '/home/rishabh/Desktop/MRT/Assignments/Assignment2/ros2_ws/install/rover_status/share/rover_status/package.ps1'
[1.036s] INFO:colcon.colcon_core.shell:Creating package descriptor '/home/rishabh/Desktop/MRT/Assignments/Assignment2/ros2_ws/install/rover_status/share/rover_status/package.dsv'
[1.037s] INFO:colcon.colcon_core.shell:Creating package script '/home/rishabh/Desktop/MRT/Assignments/Assignment2/ros2_ws/install/rover_status/share/rover_status/package.sh'
[1.037s] INFO:colcon.colcon_core.shell:Creating package script '/home/rishabh/Desktop/MRT/Assignments/Assignment2/ros2_ws/install/rover_status/share/rover_status/package.bash'
[1.037s] INFO:colcon.colcon_core.shell:Creating package script '/home/rishabh/Desktop/MRT/Assignments/Assignment2/ros2_ws/install/rover_status/share/rover_status/package.zsh'
[1.037s] Level 1:colcon.colcon_core.environment:create_file_with_runtime_dependencies(/home/rishabh/Desktop/MRT/Assignments/Assignment2/ros2_ws/install/rover_status/share/colcon-core/packages/rover_status)
[1.037s] DEBUG:colcon.colcon_parallel_executor.executor.parallel:closing loop
[1.037s] DEBUG:colcon.colcon_parallel_executor.executor.parallel:loop closed
[1.037s] DEBUG:colcon.colcon_parallel_executor.executor.parallel:run_until_complete finished with '0'
[1.038s] DEBUG:colcon.colcon_core.event_reactor:joining thread
[1.040s] INFO:colcon.colcon_core.plugin_system:Skipping extension 'colcon_notification.desktop_notification.terminal_notifier': Not used on non-Darwin systems
[1.040s] INFO:colcon.colcon_core.plugin_system:Skipping extension 'colcon_notification.desktop_notification.win32': Not used on non-Windows systems
[1.040s] INFO:colcon.colcon_notification.desktop_notification:Sending desktop notification using 'notify2'
[1.046s] DEBUG:colcon.colcon_core.event_reactor:joined thread
[1.047s] INFO:colcon.colcon_core.shell:Creating prefix script '/home/rishabh/Desktop/MRT/Assignments/Assignment2/ros2_ws/install/local_setup.ps1'
[1.047s] INFO:colcon.colcon_core.shell:Creating prefix util module '/home/rishabh/Desktop/MRT/Assignments/Assignment2/ros2_ws/install/_local_setup_util_ps1.py'
[1.048s] INFO:colcon.colcon_core.shell:Creating prefix chain script '/home/rishabh/Desktop/MRT/Assignments/Assignment2/ros2_ws/install/setup.ps1'
[1.048s] INFO:colcon.colcon_core.shell:Creating prefix script '/home/rishabh/Desktop/MRT/Assignments/Assignment2/ros2_ws/install/local_setup.sh'
[1.048s] INFO:colcon.colcon_core.shell:Creating prefix util module '/home/rishabh/Desktop/MRT/Assignments/Assignment2/ros2_ws/install/_local_setup_util_sh.py'
[1.049s] INFO:colcon.colcon_core.shell:Creating prefix chain script '/home/rishabh/Desktop/MRT/Assignments/Assignment2/ros2_ws/install/setup.sh'
[1.049s] INFO:colcon.colcon_core.shell:Creating prefix script '/home/rishabh/Desktop/MRT/Assignments/Assignment2/ros2_ws/install/local_setup.bash'
[1.050s] INFO:colcon.colcon_core.shell:Creating prefix chain script '/home/rishabh/Desktop/MRT/Assignments/Assignment2/ros2_ws/install/setup.bash'
[1.050s] INFO:colcon.colcon_core.shell:Creating prefix script '/home/rishabh/Desktop/MRT/Assignments/Assignment2/ros2_ws/install/local_setup.zsh'
[1.050s] INFO:colcon.colcon_core.shell:Creating prefix chain script '/home/rishabh/Desktop/MRT/Assignments/Assignment2/ros2_ws/install/setup.zsh'
