[0.575s] Invoking command in '/home/rishabh/Desktop/MRT/Assignments/Assignment2/ros2_ws/build/rover_movement': PYTHONPATH=/home/rishabh/Desktop/MRT/Assignments/Assignment2/ros2_ws/build/rover_movement/prefix_override:/usr/lib/python3/dist-packages/colcon_core/task/python/colcon_distutils_commands:/home/rishabh/Desktop/MRT/Assignments/Assignment2/ros2_ws/install/rover_movement/lib/python3.10/site-packages:${PYTHONPATH} /usr/bin/python3 -W ignore:setup.py install is deprecated setup.py develop --editable --build-directory /home/rishabh/Desktop/MRT/Assignments/Assignment2/ros2_ws/build/rover_movement/build --no-deps symlink_data
[0.706s] running develop
[0.778s] running egg_info
[0.778s] creating rover_movement.egg-info
[0.778s] writing rover_movement.egg-info/PKG-INFO
[0.779s] writing dependency_links to rover_movement.egg-info/dependency_links.txt
[0.779s] writing entry points to rover_movement.egg-info/entry_points.txt
[0.779s] writing requirements to rover_movement.egg-info/requires.txt
[0.779s] writing top-level names to rover_movement.egg-info/top_level.txt
[0.779s] writing manifest file 'rover_movement.egg-info/SOURCES.txt'
[0.779s] reading manifest file 'rover_movement.egg-info/SOURCES.txt'
[0.780s] writing manifest file 'rover_movement.egg-info/SOURCES.txt'
[0.780s] running build_ext
[0.781s] Creating /home/rishabh/Desktop/MRT/Assignments/Assignment2/ros2_ws/install/rover_movement/lib/python3.10/site-packages/rover-movement.egg-link (link to .)
[0.781s] 
[0.781s] Installed /home/rishabh/Desktop/MRT/Assignments/Assignment2/ros2_ws/build/rover_movement
[0.781s] running symlink_data
[0.781s] creating /home/rishabh/Desktop/MRT/Assignments/Assignment2/ros2_ws/install/rover_movement/share/ament_index
[0.781s] creating /home/rishabh/Desktop/MRT/Assignments/Assignment2/ros2_ws/install/rover_movement/share/ament_index/resource_index
[0.781s] creating /home/rishabh/Desktop/MRT/Assignments/Assignment2/ros2_ws/install/rover_movement/share/ament_index/resource_index/packages
[0.781s] symbolically linking /home/rishabh/Desktop/MRT/Assignments/Assignment2/ros2_ws/build/rover_movement/resource/rover_movement -> /home/rishabh/Desktop/MRT/Assignments/Assignment2/ros2_ws/install/rover_movement/share/ament_index/resource_index/packages
[0.782s] symbolically linking /home/rishabh/Desktop/MRT/Assignments/Assignment2/ros2_ws/build/rover_movement/package.xml -> /home/rishabh/Desktop/MRT/Assignments/Assignment2/ros2_ws/install/rover_movement/share/rover_movement
[0.798s] Invoked command in '/home/rishabh/Desktop/MRT/Assignments/Assignment2/ros2_ws/build/rover_movement' returned '0': PYTHONPATH=/home/rishabh/Desktop/MRT/Assignments/Assignment2/ros2_ws/build/rover_movement/prefix_override:/usr/lib/python3/dist-packages/colcon_core/task/python/colcon_distutils_commands:/home/rishabh/Desktop/MRT/Assignments/Assignment2/ros2_ws/install/rover_movement/lib/python3.10/site-packages:${PYTHONPATH} /usr/bin/python3 -W ignore:setup.py install is deprecated setup.py develop --editable --build-directory /home/rishabh/Desktop/MRT/Assignments/Assignment2/ros2_ws/build/rover_movement/build --no-deps symlink_data
