running develop
running egg_info
creating rover_odometry.egg-info
writing rover_odometry.egg-info/PKG-INFO
writing dependency_links to rover_odometry.egg-info/dependency_links.txt
writing entry points to rover_odometry.egg-info/entry_points.txt
writing requirements to rover_odometry.egg-info/requires.txt
writing top-level names to rover_odometry.egg-info/top_level.txt
writing manifest file 'rover_odometry.egg-info/SOURCES.txt'
reading manifest file 'rover_odometry.egg-info/SOURCES.txt'
writing manifest file 'rover_odometry.egg-info/SOURCES.txt'
running build_ext
Creating /home/rishabh/Desktop/MRT/Assignments/Assignment2/ros2_ws/install/rover_odometry/lib/python3.10/site-packages/rover-odometry.egg-link (link to .)

Installed /home/rishabh/Desktop/MRT/Assignments/Assignment2/ros2_ws/build/rover_odometry
running symlink_data
creating /home/rishabh/Desktop/MRT/Assignments/Assignment2/ros2_ws/install/rover_odometry/share/ament_index
creating /home/rishabh/Desktop/MRT/Assignments/Assignment2/ros2_ws/install/rover_odometry/share/ament_index/resource_index
creating /home/rishabh/Desktop/MRT/Assignments/Assignment2/ros2_ws/install/rover_odometry/share/ament_index/resource_index/packages
symbolically linking /home/rishabh/Desktop/MRT/Assignments/Assignment2/ros2_ws/build/rover_odometry/resource/rover_odometry -> /home/rishabh/Desktop/MRT/Assignments/Assignment2/ros2_ws/install/rover_odometry/share/ament_index/resource_index/packages
symbolically linking /home/rishabh/Desktop/MRT/Assignments/Assignment2/ros2_ws/build/rover_odometry/package.xml -> /home/rishabh/Desktop/MRT/Assignments/Assignment2/ros2_ws/install/rover_odometry/share/rover_odometry
