[0.052s] DEBUG:colcon:Command line arguments: ['/usr/bin/colcon', 'build', '--symlink-install']
[0.052s] DEBUG:colcon:Parsed command line arguments: Namespace(log_base=None, log_level=None, verb_name='build', build_base='build', install_base='install', merge_install=False, symlink_install=True, test_result_base=None, continue_on_error=False, executor='parallel', parallel_workers=20, event_handlers=None, ignore_user_meta=False, metas=['./colcon.meta'], base_paths=['.'], packages_ignore=None, packages_ignore_regex=None, paths=None, packages_up_to=None, packages_up_to_regex=None, packages_above=None, packages_above_and_dependencies=None, packages_above_depth=None, packages_select_by_dep=None, packages_skip_by_dep=None, packages_skip_up_to=None, packages_select_build_failed=False, packages_skip_build_finished=False, packages_select_test_failures=False, packages_skip_test_passed=False, packages_select=None, packages_skip=None, packages_select_regex=None, packages_skip_regex=None, packages_start=None, packages_end=None, allow_overriding=[], cmake_args=None, cmake_target=None, cmake_target_skip_unavailable=False, cmake_clean_cache=False, cmake_clean_first=False, cmake_force_configure=False, ament_cmake_args=None, catkin_cmake_args=None, catkin_skip_building_tests=False, mixin_files=None, mixin=None, verb_parser=<colcon_mixin.mixin.mixin_argument.MixinArgumentDecorator object at 0x7b66c301b430>, verb_extension=<colcon_core.verb.build.BuildVerb object at 0x7b66c311bb80>, main=<bound method BuildVerb.main of <colcon_core.verb.build.BuildVerb object at 0x7b66c311bb80>>, mixin_verb=('build',))
[0.136s] Level 1:colcon.colcon_core.package_discovery:discover_packages(colcon_meta) check parameters
[0.136s] Level 1:colcon.colcon_core.package_discovery:discover_packages(recursive) check parameters
[0.136s] Level 1:colcon.colcon_core.package_discovery:discover_packages(ignore) check parameters
[0.136s] Level 1:colcon.colcon_core.package_discovery:discover_packages(path) check parameters
[0.137s] Level 1:colcon.colcon_core.package_discovery:discover_packages(colcon_meta) discover
[0.137s] Level 1:colcon.colcon_core.package_discovery:discover_packages(recursive) discover
[0.137s] INFO:colcon.colcon_core.package_discovery:Crawling recursively for packages in '/home/rishabh/Desktop/MRT/Assignments/Assignment2/ros2_ws'
[0.137s] Level 1:colcon.colcon_core.package_identification:_identify(.) by extensions ['ignore', 'ignore_ament_install']
[0.137s] Level 1:colcon.colcon_core.package_identification:_identify(.) by extension 'ignore'
[0.137s] Level 1:colcon.colcon_core.package_identification:_identify(.) by extension 'ignore_ament_install'
[0.137s] Level 1:colcon.colcon_core.package_identification:_identify(.) by extensions ['colcon_pkg']
[0.137s] Level 1:colcon.colcon_core.package_identification:_identify(.) by extension 'colcon_pkg'
[0.137s] Level 1:colcon.colcon_core.package_identification:_identify(.) by extensions ['colcon_meta']
[0.137s] Level 1:colcon.colcon_core.package_identification:_identify(.) by extension 'colcon_meta'
[0.137s] Level 1:colcon.colcon_core.package_identification:_identify(.) by extensions ['ros']
[0.137s] Level 1:colcon.colcon_core.package_identification:_identify(.) by extension 'ros'
[0.143s] Level 1:colcon.colcon_core.package_identification:_identify(.) by extensions ['cmake', 'python']
[0.143s] Level 1:colcon.colcon_core.package_identification:_identify(.) by extension 'cmake'
[0.143s] Level 1:colcon.colcon_core.package_identification:_identify(.) by extension 'python'
[0.143s] Level 1:colcon.colcon_core.package_identification:_identify(.) by extensions ['python_setup_py']
[0.143s] Level 1:colcon.colcon_core.package_identification:_identify(.) by extension 'python_setup_py'
[0.143s] Level 1:colcon.colcon_core.package_identification:_identify(build) by extensions ['ignore', 'ignore_ament_install']
[0.143s] Level 1:colcon.colcon_core.package_identification:_identify(build) by extension 'ignore'
[0.143s] Level 1:colcon.colcon_core.package_identification:_identify(build) ignored
[0.143s] Level 1:colcon.colcon_core.package_identification:_identify(install) by extensions ['ignore', 'ignore_ament_install']
[0.143s] Level 1:colcon.colcon_core.package_identification:_identify(install) by extension 'ignore'
[0.143s] Level 1:colcon.colcon_core.package_identification:_identify(install) ignored
[0.143s] Level 1:colcon.colcon_core.package_identification:_identify(log) by extensions ['ignore', 'ignore_ament_install']
[0.143s] Level 1:colcon.colcon_core.package_identification:_identify(log) by extension 'ignore'
[0.143s] Level 1:colcon.colcon_core.package_identification:_identify(log) ignored
[0.143s] Level 1:colcon.colcon_core.package_identification:_identify(src) by extensions ['ignore', 'ignore_ament_install']
[0.143s] Level 1:colcon.colcon_core.package_identification:_identify(src) by extension 'ignore'
[0.143s] Level 1:colcon.colcon_core.package_identification:_identify(src) by extension 'ignore_ament_install'
[0.143s] Level 1:colcon.colcon_core.package_identification:_identify(src) by extensions ['colcon_pkg']
[0.143s] Level 1:colcon.colcon_core.package_identification:_identify(src) by extension 'colcon_pkg'
[0.143s] Level 1:colcon.colcon_core.package_identification:_identify(src) by extensions ['colcon_meta']
[0.143s] Level 1:colcon.colcon_core.package_identification:_identify(src) by extension 'colcon_meta'
[0.143s] Level 1:colcon.colcon_core.package_identification:_identify(src) by extensions ['ros']
[0.143s] Level 1:colcon.colcon_core.package_identification:_identify(src) by extension 'ros'
[0.143s] Level 1:colcon.colcon_core.package_identification:_identify(src) by extensions ['cmake', 'python']
[0.143s] Level 1:colcon.colcon_core.package_identification:_identify(src) by extension 'cmake'
[0.143s] Level 1:colcon.colcon_core.package_identification:_identify(src) by extension 'python'
[0.143s] Level 1:colcon.colcon_core.package_identification:_identify(src) by extensions ['python_setup_py']
[0.143s] Level 1:colcon.colcon_core.package_identification:_identify(src) by extension 'python_setup_py'
[0.143s] Level 1:colcon.colcon_core.package_identification:_identify(src/mars_msgs) by extensions ['ignore', 'ignore_ament_install']
[0.143s] Level 1:colcon.colcon_core.package_identification:_identify(src/mars_msgs) by extension 'ignore'
[0.143s] Level 1:colcon.colcon_core.package_identification:_identify(src/mars_msgs) by extension 'ignore_ament_install'
[0.143s] Level 1:colcon.colcon_core.package_identification:_identify(src/mars_msgs) by extensions ['colcon_pkg']
[0.143s] Level 1:colcon.colcon_core.package_identification:_identify(src/mars_msgs) by extension 'colcon_pkg'
[0.143s] Level 1:colcon.colcon_core.package_identification:_identify(src/mars_msgs) by extensions ['colcon_meta']
[0.143s] Level 1:colcon.colcon_core.package_identification:_identify(src/mars_msgs) by extension 'colcon_meta'
[0.143s] Level 1:colcon.colcon_core.package_identification:_identify(src/mars_msgs) by extensions ['ros']
[0.143s] Level 1:colcon.colcon_core.package_identification:_identify(src/mars_msgs) by extension 'ros'
[0.144s] Level 1:colcon.colcon_core.package_identification:_identify(src/mars_msgs) by extensions ['cmake', 'python']
[0.144s] Level 1:colcon.colcon_core.package_identification:_identify(src/mars_msgs) by extension 'cmake'
[0.144s] Level 1:colcon.colcon_core.package_identification:_identify(src/mars_msgs) by extension 'python'
[0.144s] Level 1:colcon.colcon_core.package_identification:_identify(src/mars_msgs) by extensions ['python_setup_py']
[0.144s] Level 1:colcon.colcon_core.package_identification:_identify(src/mars_msgs) by extension 'python_setup_py'
[0.144s] Level 1:colcon.colcon_core.package_identification:_identify(src/mars_msgs/msg) by extensions ['ignore', 'ignore_ament_install']
[0.144s] Level 1:colcon.colcon_core.package_identification:_identify(src/mars_msgs/msg) by extension 'ignore'
[0.144s] Level 1:colcon.colcon_core.package_identification:_identify(src/mars_msgs/msg) by extension 'ignore_ament_install'
[0.144s] Level 1:colcon.colcon_core.package_identification:_identify(src/mars_msgs/msg) by extensions ['colcon_pkg']
[0.144s] Level 1:colcon.colcon_core.package_identification:_identify(src/mars_msgs/msg) by extension 'colcon_pkg'
[0.144s] Level 1:colcon.colcon_core.package_identification:_identify(src/mars_msgs/msg) by extensions ['colcon_meta']
[0.144s] Level 1:colcon.colcon_core.package_identification:_identify(src/mars_msgs/msg) by extension 'colcon_meta'
[0.144s] Level 1:colcon.colcon_core.package_identification:_identify(src/mars_msgs/msg) by extensions ['ros']
[0.144s] Level 1:colcon.colcon_core.package_identification:_identify(src/mars_msgs/msg) by extension 'ros'
[0.144s] Level 1:colcon.colcon_core.package_identification:_identify(src/mars_msgs/msg) by extensions ['cmake', 'python']
[0.144s] Level 1:colcon.colcon_core.package_identification:_identify(src/mars_msgs/msg) by extension 'cmake'
[0.144s] Level 1:colcon.colcon_core.package_identification:_identify(src/mars_msgs/msg) by extension 'python'
[0.144s] Level 1:colcon.colcon_core.package_identification:_identify(src/mars_msgs/msg) by extensions ['python_setup_py']
[0.144s] Level 1:colcon.colcon_core.package_identification:_identify(src/mars_msgs/msg) by extension 'python_setup_py'
[0.144s] Level 1:colcon.colcon_core.package_identification:_identify(src/rover_collection) by extensions ['ignore', 'ignore_ament_install']
[0.144s] Level 1:colcon.colcon_core.package_identification:_identify(src/rover_collection) by extension 'ignore'
[0.144s] Level 1:colcon.colcon_core.package_identification:_identify(src/rover_collection) by extension 'ignore_ament_install'
[0.144s] Level 1:colcon.colcon_core.package_identification:_identify(src/rover_collection) by extensions ['colcon_pkg']
[0.144s] Level 1:colcon.colcon_core.package_identification:_identify(src/rover_collection) by extension 'colcon_pkg'
[0.144s] Level 1:colcon.colcon_core.package_identification:_identify(src/rover_collection) by extensions ['colcon_meta']
[0.144s] Level 1:colcon.colcon_core.package_identification:_identify(src/rover_collection) by extension 'colcon_meta'
[0.144s] Level 1:colcon.colcon_core.package_identification:_identify(src/rover_collection) by extensions ['ros']
[0.144s] Level 1:colcon.colcon_core.package_identification:_identify(src/rover_collection) by extension 'ros'
[0.150s] DEBUG:colcon.colcon_core.package_identification:Package 'src/rover_collection' with type 'ros.ament_python' and name 'rover_collection'
[0.150s] Level 1:colcon.colcon_core.package_identification:_identify(src/rover_navigation) by extensions ['ignore', 'ignore_ament_install']
[0.150s] Level 1:colcon.colcon_core.package_identification:_identify(src/rover_navigation) by extension 'ignore'
[0.150s] Level 1:colcon.colcon_core.package_identification:_identify(src/rover_navigation) by extension 'ignore_ament_install'
[0.150s] Level 1:colcon.colcon_core.package_identification:_identify(src/rover_navigation) by extensions ['colcon_pkg']
[0.150s] Level 1:colcon.colcon_core.package_identification:_identify(src/rover_navigation) by extension 'colcon_pkg'
[0.150s] Level 1:colcon.colcon_core.package_identification:_identify(src/rover_navigation) by extensions ['colcon_meta']
[0.150s] Level 1:colcon.colcon_core.package_identification:_identify(src/rover_navigation) by extension 'colcon_meta'
[0.150s] Level 1:colcon.colcon_core.package_identification:_identify(src/rover_navigation) by extensions ['ros']
[0.150s] Level 1:colcon.colcon_core.package_identification:_identify(src/rover_navigation) by extension 'ros'
[0.150s] DEBUG:colcon.colcon_core.package_identification:Package 'src/rover_navigation' with type 'ros.ament_python' and name 'rover_navigation'
[0.150s] Level 1:colcon.colcon_core.package_identification:_identify(src/rover_odometry) by extensions ['ignore', 'ignore_ament_install']
[0.150s] Level 1:colcon.colcon_core.package_identification:_identify(src/rover_odometry) by extension 'ignore'
[0.150s] Level 1:colcon.colcon_core.package_identification:_identify(src/rover_odometry) by extension 'ignore_ament_install'
[0.150s] Level 1:colcon.colcon_core.package_identification:_identify(src/rover_odometry) by extensions ['colcon_pkg']
[0.150s] Level 1:colcon.colcon_core.package_identification:_identify(src/rover_odometry) by extension 'colcon_pkg'
[0.150s] Level 1:colcon.colcon_core.package_identification:_identify(src/rover_odometry) by extensions ['colcon_meta']
[0.150s] Level 1:colcon.colcon_core.package_identification:_identify(src/rover_odometry) by extension 'colcon_meta'
[0.150s] Level 1:colcon.colcon_core.package_identification:_identify(src/rover_odometry) by extensions ['ros']
[0.150s] Level 1:colcon.colcon_core.package_identification:_identify(src/rover_odometry) by extension 'ros'
[0.151s] DEBUG:colcon.colcon_core.package_identification:Package 'src/rover_odometry' with type 'ros.ament_python' and name 'rover_odometry'
[0.151s] Level 1:colcon.colcon_core.package_identification:_identify(src/rover_status) by extensions ['ignore', 'ignore_ament_install']
[0.151s] Level 1:colcon.colcon_core.package_identification:_identify(src/rover_status) by extension 'ignore'
[0.151s] Level 1:colcon.colcon_core.package_identification:_identify(src/rover_status) by extension 'ignore_ament_install'
[0.151s] Level 1:colcon.colcon_core.package_identification:_identify(src/rover_status) by extensions ['colcon_pkg']
[0.151s] Level 1:colcon.colcon_core.package_identification:_identify(src/rover_status) by extension 'colcon_pkg'
[0.151s] Level 1:colcon.colcon_core.package_identification:_identify(src/rover_status) by extensions ['colcon_meta']
[0.151s] Level 1:colcon.colcon_core.package_identification:_identify(src/rover_status) by extension 'colcon_meta'
[0.151s] Level 1:colcon.colcon_core.package_identification:_identify(src/rover_status) by extensions ['ros']
[0.151s] Level 1:colcon.colcon_core.package_identification:_identify(src/rover_status) by extension 'ros'
[0.151s] DEBUG:colcon.colcon_core.package_identification:Package 'src/rover_status' with type 'ros.ament_python' and name 'rover_status'
[0.151s] Level 1:colcon.colcon_core.package_discovery:discover_packages(recursive) using defaults
[0.151s] Level 1:colcon.colcon_core.package_discovery:discover_packages(ignore) discover
[0.151s] Level 1:colcon.colcon_core.package_discovery:discover_packages(ignore) using defaults
[0.151s] Level 1:colcon.colcon_core.package_discovery:discover_packages(path) discover
[0.151s] Level 1:colcon.colcon_core.package_discovery:discover_packages(path) using defaults
[0.162s] Level 1:colcon.colcon_core.package_discovery:discover_packages(prefix_path) check parameters
[0.162s] Level 1:colcon.colcon_core.package_discovery:discover_packages(prefix_path) discover
[0.162s] DEBUG:colcon.colcon_installed_package_information.package_discovery:Found 5 installed packages in /home/rishabh/Desktop/MRT/Assignments/Assignment2/ros2_ws/install
[0.163s] DEBUG:colcon.colcon_installed_package_information.package_discovery:Found 293 installed packages in /opt/ros/humble
[0.164s] Level 1:colcon.colcon_core.package_discovery:discover_packages(prefix_path) using defaults
[0.182s] Level 5:colcon.colcon_core.verb:set package 'rover_collection' build argument 'cmake_args' from command line to 'None'
[0.182s] Level 5:colcon.colcon_core.verb:set package 'rover_collection' build argument 'cmake_target' from command line to 'None'
[0.182s] Level 5:colcon.colcon_core.verb:set package 'rover_collection' build argument 'cmake_target_skip_unavailable' from command line to 'False'
[0.182s] Level 5:colcon.colcon_core.verb:set package 'rover_collection' build argument 'cmake_clean_cache' from command line to 'False'
[0.182s] Level 5:colcon.colcon_core.verb:set package 'rover_collection' build argument 'cmake_clean_first' from command line to 'False'
[0.182s] Level 5:colcon.colcon_core.verb:set package 'rover_collection' build argument 'cmake_force_configure' from command line to 'False'
[0.182s] Level 5:colcon.colcon_core.verb:set package 'rover_collection' build argument 'ament_cmake_args' from command line to 'None'
[0.182s] Level 5:colcon.colcon_core.verb:set package 'rover_collection' build argument 'catkin_cmake_args' from command line to 'None'
[0.182s] Level 5:colcon.colcon_core.verb:set package 'rover_collection' build argument 'catkin_skip_building_tests' from command line to 'False'
[0.182s] DEBUG:colcon.colcon_core.verb:Building package 'rover_collection' with the following arguments: {'ament_cmake_args': None, 'build_base': '/home/rishabh/Desktop/MRT/Assignments/Assignment2/ros2_ws/build/rover_collection', 'catkin_cmake_args': None, 'catkin_skip_building_tests': False, 'cmake_args': None, 'cmake_clean_cache': False, 'cmake_clean_first': False, 'cmake_force_configure': False, 'cmake_target': None, 'cmake_target_skip_unavailable': False, 'install_base': '/home/rishabh/Desktop/MRT/Assignments/Assignment2/ros2_ws/install/rover_collection', 'merge_install': False, 'path': '/home/rishabh/Desktop/MRT/Assignments/Assignment2/ros2_ws/src/rover_collection', 'symlink_install': True, 'test_result_base': None}
[0.182s] Level 5:colcon.colcon_core.verb:set package 'rover_navigation' build argument 'cmake_args' from command line to 'None'
[0.182s] Level 5:colcon.colcon_core.verb:set package 'rover_navigation' build argument 'cmake_target' from command line to 'None'
[0.182s] Level 5:colcon.colcon_core.verb:set package 'rover_navigation' build argument 'cmake_target_skip_unavailable' from command line to 'False'
[0.182s] Level 5:colcon.colcon_core.verb:set package 'rover_navigation' build argument 'cmake_clean_cache' from command line to 'False'
[0.182s] Level 5:colcon.colcon_core.verb:set package 'rover_navigation' build argument 'cmake_clean_first' from command line to 'False'
[0.182s] Level 5:colcon.colcon_core.verb:set package 'rover_navigation' build argument 'cmake_force_configure' from command line to 'False'
[0.182s] Level 5:colcon.colcon_core.verb:set package 'rover_navigation' build argument 'ament_cmake_args' from command line to 'None'
[0.182s] Level 5:colcon.colcon_core.verb:set package 'rover_navigation' build argument 'catkin_cmake_args' from command line to 'None'
[0.182s] Level 5:colcon.colcon_core.verb:set package 'rover_navigation' build argument 'catkin_skip_building_tests' from command line to 'False'
[0.182s] DEBUG:colcon.colcon_core.verb:Building package 'rover_navigation' with the following arguments: {'ament_cmake_args': None, 'build_base': '/home/rishabh/Desktop/MRT/Assignments/Assignment2/ros2_ws/build/rover_navigation', 'catkin_cmake_args': None, 'catkin_skip_building_tests': False, 'cmake_args': None, 'cmake_clean_cache': False, 'cmake_clean_first': False, 'cmake_force_configure': False, 'cmake_target': None, 'cmake_target_skip_unavailable': False, 'install_base': '/home/rishabh/Desktop/MRT/Assignments/Assignment2/ros2_ws/install/rover_navigation', 'merge_install': False, 'path': '/home/rishabh/Desktop/MRT/Assignments/Assignment2/ros2_ws/src/rover_navigation', 'symlink_install': True, 'test_result_base': None}
[0.182s] Level 5:colcon.colcon_core.verb:set package 'rover_odometry' build argument 'cmake_args' from command line to 'None'
[0.182s] Level 5:colcon.colcon_core.verb:set package 'rover_odometry' build argument 'cmake_target' from command line to 'None'
[0.182s] Level 5:colcon.colcon_core.verb:set package 'rover_odometry' build argument 'cmake_target_skip_unavailable' from command line to 'False'
[0.182s] Level 5:colcon.colcon_core.verb:set package 'rover_odometry' build argument 'cmake_clean_cache' from command line to 'False'
[0.182s] Level 5:colcon.colcon_core.verb:set package 'rover_odometry' build argument 'cmake_clean_first' from command line to 'False'
[0.182s] Level 5:colcon.colcon_core.verb:set package 'rover_odometry' build argument 'cmake_force_configure' from command line to 'False'
[0.182s] Level 5:colcon.colcon_core.verb:set package 'rover_odometry' build argument 'ament_cmake_args' from command line to 'None'
[0.182s] Level 5:colcon.colcon_core.verb:set package 'rover_odometry' build argument 'catkin_cmake_args' from command line to 'None'
[0.182s] Level 5:colcon.colcon_core.verb:set package 'rover_odometry' build argument 'catkin_skip_building_tests' from command line to 'False'
[0.182s] DEBUG:colcon.colcon_core.verb:Building package 'rover_odometry' with the following arguments: {'ament_cmake_args': None, 'build_base': '/home/rishabh/Desktop/MRT/Assignments/Assignment2/ros2_ws/build/rover_odometry', 'catkin_cmake_args': None, 'catkin_skip_building_tests': False, 'cmake_args': None, 'cmake_clean_cache': False, 'cmake_clean_first': False, 'cmake_force_configure': False, 'cmake_target': None, 'cmake_target_skip_unavailable': False, 'install_base': '/home/rishabh/Desktop/MRT/Assignments/Assignment2/ros2_ws/install/rover_odometry', 'merge_install': False, 'path': '/home/rishabh/Desktop/MRT/Assignments/Assignment2/ros2_ws/src/rover_odometry', 'symlink_install': True, 'test_result_base': None}
[0.182s] Level 5:colcon.colcon_core.verb:set package 'rover_status' build argument 'cmake_args' from command line to 'None'
[0.182s] Level 5:colcon.colcon_core.verb:set package 'rover_status' build argument 'cmake_target' from command line to 'None'
[0.182s] Level 5:colcon.colcon_core.verb:set package 'rover_status' build argument 'cmake_target_skip_unavailable' from command line to 'False'
[0.182s] Level 5:colcon.colcon_core.verb:set package 'rover_status' build argument 'cmake_clean_cache' from command line to 'False'
[0.182s] Level 5:colcon.colcon_core.verb:set package 'rover_status' build argument 'cmake_clean_first' from command line to 'False'
[0.182s] Level 5:colcon.colcon_core.verb:set package 'rover_status' build argument 'cmake_force_configure' from command line to 'False'
[0.182s] Level 5:colcon.colcon_core.verb:set package 'rover_status' build argument 'ament_cmake_args' from command line to 'None'
[0.182s] Level 5:colcon.colcon_core.verb:set package 'rover_status' build argument 'catkin_cmake_args' from command line to 'None'
[0.182s] Level 5:colcon.colcon_core.verb:set package 'rover_status' build argument 'catkin_skip_building_tests' from command line to 'False'
[0.182s] DEBUG:colcon.colcon_core.verb:Building package 'rover_status' with the following arguments: {'ament_cmake_args': None, 'build_base': '/home/rishabh/Desktop/MRT/Assignments/Assignment2/ros2_ws/build/rover_status', 'catkin_cmake_args': None, 'catkin_skip_building_tests': False, 'cmake_args': None, 'cmake_clean_cache': False, 'cmake_clean_first': False, 'cmake_force_configure': False, 'cmake_target': None, 'cmake_target_skip_unavailable': False, 'install_base': '/home/rishabh/Desktop/MRT/Assignments/Assignment2/ros2_ws/install/rover_status', 'merge_install': False, 'path': '/home/rishabh/Desktop/MRT/Assignments/Assignment2/ros2_ws/src/rover_status', 'symlink_install': True, 'test_result_base': None}
[0.183s] INFO:colcon.colcon_core.executor:Executing jobs using 'parallel' executor
[0.183s] DEBUG:colcon.colcon_parallel_executor.executor.parallel:run_until_complete
[0.183s] INFO:colcon.colcon_ros.task.ament_python.build:Building ROS package in '/home/rishabh/Desktop/MRT/Assignments/Assignment2/ros2_ws/src/rover_collection' with build type 'ament_python'
[0.183s] Level 1:colcon.colcon_core.shell:create_environment_hook('rover_collection', 'ament_prefix_path')
[0.184s] INFO:colcon.colcon_core.plugin_system:Skipping extension 'colcon_core.shell.bat': Not used on non-Windows systems
[0.185s] INFO:colcon.colcon_core.shell:Creating environment hook '/home/rishabh/Desktop/MRT/Assignments/Assignment2/ros2_ws/install/rover_collection/share/rover_collection/hook/ament_prefix_path.ps1'
[0.185s] INFO:colcon.colcon_core.shell:Creating environment descriptor '/home/rishabh/Desktop/MRT/Assignments/Assignment2/ros2_ws/install/rover_collection/share/rover_collection/hook/ament_prefix_path.dsv'
[0.185s] INFO:colcon.colcon_core.shell:Creating environment hook '/home/rishabh/Desktop/MRT/Assignments/Assignment2/ros2_ws/install/rover_collection/share/rover_collection/hook/ament_prefix_path.sh'
[0.186s] INFO:colcon.colcon_core.shell:Skip shell extension 'powershell' for command environment: Not usable outside of PowerShell
[0.186s] DEBUG:colcon.colcon_core.shell:Skip shell extension 'dsv' for command environment
[0.187s] INFO:colcon.colcon_ros.task.ament_python.build:Building ROS package in '/home/rishabh/Desktop/MRT/Assignments/Assignment2/ros2_ws/src/rover_navigation' with build type 'ament_python'
[0.187s] Level 1:colcon.colcon_core.shell:create_environment_hook('rover_navigation', 'ament_prefix_path')
[0.187s] INFO:colcon.colcon_core.shell:Creating environment hook '/home/rishabh/Desktop/MRT/Assignments/Assignment2/ros2_ws/install/rover_navigation/share/rover_navigation/hook/ament_prefix_path.ps1'
[0.188s] INFO:colcon.colcon_core.shell:Creating environment descriptor '/home/rishabh/Desktop/MRT/Assignments/Assignment2/ros2_ws/install/rover_navigation/share/rover_navigation/hook/ament_prefix_path.dsv'
[0.188s] INFO:colcon.colcon_core.shell:Creating environment hook '/home/rishabh/Desktop/MRT/Assignments/Assignment2/ros2_ws/install/rover_navigation/share/rover_navigation/hook/ament_prefix_path.sh'
[0.188s] INFO:colcon.colcon_core.shell:Skip shell extension 'powershell' for command environment: Not usable outside of PowerShell
[0.188s] DEBUG:colcon.colcon_core.shell:Skip shell extension 'dsv' for command environment
[0.189s] INFO:colcon.colcon_ros.task.ament_python.build:Building ROS package in '/home/rishabh/Desktop/MRT/Assignments/Assignment2/ros2_ws/src/rover_odometry' with build type 'ament_python'
[0.189s] Level 1:colcon.colcon_core.shell:create_environment_hook('rover_odometry', 'ament_prefix_path')
[0.190s] INFO:colcon.colcon_core.shell:Creating environment hook '/home/rishabh/Desktop/MRT/Assignments/Assignment2/ros2_ws/install/rover_odometry/share/rover_odometry/hook/ament_prefix_path.ps1'
[0.190s] INFO:colcon.colcon_core.shell:Creating environment descriptor '/home/rishabh/Desktop/MRT/Assignments/Assignment2/ros2_ws/install/rover_odometry/share/rover_odometry/hook/ament_prefix_path.dsv'
[0.190s] INFO:colcon.colcon_core.shell:Creating environment hook '/home/rishabh/Desktop/MRT/Assignments/Assignment2/ros2_ws/install/rover_odometry/share/rover_odometry/hook/ament_prefix_path.sh'
[0.190s] INFO:colcon.colcon_core.shell:Skip shell extension 'powershell' for command environment: Not usable outside of PowerShell
[0.190s] DEBUG:colcon.colcon_core.shell:Skip shell extension 'dsv' for command environment
[0.192s] INFO:colcon.colcon_ros.task.ament_python.build:Building ROS package in '/home/rishabh/Desktop/MRT/Assignments/Assignment2/ros2_ws/src/rover_status' with build type 'ament_python'
[0.192s] Level 1:colcon.colcon_core.shell:create_environment_hook('rover_status', 'ament_prefix_path')
[0.192s] INFO:colcon.colcon_core.shell:Creating environment hook '/home/rishabh/Desktop/MRT/Assignments/Assignment2/ros2_ws/install/rover_status/share/rover_status/hook/ament_prefix_path.ps1'
[0.192s] INFO:colcon.colcon_core.shell:Creating environment descriptor '/home/rishabh/Desktop/MRT/Assignments/Assignment2/ros2_ws/install/rover_status/share/rover_status/hook/ament_prefix_path.dsv'
[0.192s] INFO:colcon.colcon_core.shell:Creating environment hook '/home/rishabh/Desktop/MRT/Assignments/Assignment2/ros2_ws/install/rover_status/share/rover_status/hook/ament_prefix_path.sh'
[0.192s] INFO:colcon.colcon_core.shell:Skip shell extension 'powershell' for command environment: Not usable outside of PowerShell
[0.192s] DEBUG:colcon.colcon_core.shell:Skip shell extension 'dsv' for command environment
[0.322s] INFO:colcon.colcon_core.task.python.build:Building Python package in '/home/rishabh/Desktop/MRT/Assignments/Assignment2/ros2_ws/src/rover_collection'
[0.323s] INFO:colcon.colcon_core.shell:Skip shell extension 'powershell' for command environment: Not usable outside of PowerShell
[0.323s] DEBUG:colcon.colcon_core.shell:Skip shell extension 'dsv' for command environment
[0.452s] INFO:colcon.colcon_core.task.python.build:Building Python package in '/home/rishabh/Desktop/MRT/Assignments/Assignment2/ros2_ws/src/rover_navigation'
[0.452s] INFO:colcon.colcon_core.shell:Skip shell extension 'powershell' for command environment: Not usable outside of PowerShell
[0.452s] DEBUG:colcon.colcon_core.shell:Skip shell extension 'dsv' for command environment
[0.579s] INFO:colcon.colcon_core.task.python.build:Building Python package in '/home/rishabh/Desktop/MRT/Assignments/Assignment2/ros2_ws/src/rover_odometry'
[0.580s] INFO:colcon.colcon_core.shell:Skip shell extension 'powershell' for command environment: Not usable outside of PowerShell
[0.580s] DEBUG:colcon.colcon_core.shell:Skip shell extension 'dsv' for command environment
[0.710s] INFO:colcon.colcon_core.task.python.build:Building Python package in '/home/rishabh/Desktop/MRT/Assignments/Assignment2/ros2_ws/src/rover_status'
[0.710s] INFO:colcon.colcon_core.shell:Skip shell extension 'powershell' for command environment: Not usable outside of PowerShell
[0.710s] DEBUG:colcon.colcon_core.shell:Skip shell extension 'dsv' for command environment
[0.891s] DEBUG:colcon.colcon_core.event_handler.log_command:Invoking command in '/home/rishabh/Desktop/MRT/Assignments/Assignment2/ros2_ws/build/rover_odometry': PYTHONPATH=/home/rishabh/Desktop/MRT/Assignments/Assignment2/ros2_ws/build/rover_odometry/prefix_override:/usr/lib/python3/dist-packages/colcon_core/task/python/colcon_distutils_commands:/home/rishabh/Desktop/MRT/Assignments/Assignment2/ros2_ws/install/rover_odometry/lib/python3.10/site-packages:${PYTHONPATH} /usr/bin/python3 -W ignore:setup.py install is deprecated setup.py develop --editable --build-directory /home/rishabh/Desktop/MRT/Assignments/Assignment2/ros2_ws/build/rover_odometry/build --no-deps symlink_data
[0.892s] DEBUG:colcon.colcon_core.event_handler.log_command:Invoking command in '/home/rishabh/Desktop/MRT/Assignments/Assignment2/ros2_ws/build/rover_navigation': PYTHONPATH=/home/rishabh/Desktop/MRT/Assignments/Assignment2/ros2_ws/build/rover_navigation/prefix_override:/usr/lib/python3/dist-packages/colcon_core/task/python/colcon_distutils_commands:/home/rishabh/Desktop/MRT/Assignments/Assignment2/ros2_ws/install/rover_navigation/lib/python3.10/site-packages:${PYTHONPATH} /usr/bin/python3 -W ignore:setup.py install is deprecated setup.py develop --editable --build-directory /home/rishabh/Desktop/MRT/Assignments/Assignment2/ros2_ws/build/rover_navigation/build --no-deps symlink_data
[0.893s] DEBUG:colcon.colcon_core.event_handler.log_command:Invoking command in '/home/rishabh/Desktop/MRT/Assignments/Assignment2/ros2_ws/build/rover_status': PYTHONPATH=/home/rishabh/Desktop/MRT/Assignments/Assignment2/ros2_ws/build/rover_status/prefix_override:/usr/lib/python3/dist-packages/colcon_core/task/python/colcon_distutils_commands:/home/rishabh/Desktop/MRT/Assignments/Assignment2/ros2_ws/install/rover_status/lib/python3.10/site-packages:${PYTHONPATH} /usr/bin/python3 -W ignore:setup.py install is deprecated setup.py develop --editable --build-directory /home/rishabh/Desktop/MRT/Assignments/Assignment2/ros2_ws/build/rover_status/build --no-deps symlink_data
[0.894s] DEBUG:colcon.colcon_core.event_handler.log_command:Invoking command in '/home/rishabh/Desktop/MRT/Assignments/Assignment2/ros2_ws/build/rover_collection': PYTHONPATH=/home/rishabh/Desktop/MRT/Assignments/Assignment2/ros2_ws/build/rover_collection/prefix_override:/usr/lib/python3/dist-packages/colcon_core/task/python/colcon_distutils_commands:/home/rishabh/Desktop/MRT/Assignments/Assignment2/ros2_ws/install/rover_collection/lib/python3.10/site-packages:${PYTHONPATH} /usr/bin/python3 -W ignore:setup.py install is deprecated setup.py develop --editable --build-directory /home/rishabh/Desktop/MRT/Assignments/Assignment2/ros2_ws/build/rover_collection/build --no-deps symlink_data
[1.117s] Level 1:colcon.colcon_core.shell:create_environment_hook('rover_odometry', 'pythonpath_develop')
[1.118s] INFO:colcon.colcon_core.shell:Creating environment hook '/home/rishabh/Desktop/MRT/Assignments/Assignment2/ros2_ws/build/rover_odometry/share/rover_odometry/hook/pythonpath_develop.ps1'
[1.118s] DEBUG:colcon.colcon_core.event_handler.log_command:Invoked command in '/home/rishabh/Desktop/MRT/Assignments/Assignment2/ros2_ws/build/rover_odometry' returned '0': PYTHONPATH=/home/rishabh/Desktop/MRT/Assignments/Assignment2/ros2_ws/build/rover_odometry/prefix_override:/usr/lib/python3/dist-packages/colcon_core/task/python/colcon_distutils_commands:/home/rishabh/Desktop/MRT/Assignments/Assignment2/ros2_ws/install/rover_odometry/lib/python3.10/site-packages:${PYTHONPATH} /usr/bin/python3 -W ignore:setup.py install is deprecated setup.py develop --editable --build-directory /home/rishabh/Desktop/MRT/Assignments/Assignment2/ros2_ws/build/rover_odometry/build --no-deps symlink_data
[1.118s] INFO:colcon.colcon_core.shell:Creating environment descriptor '/home/rishabh/Desktop/MRT/Assignments/Assignment2/ros2_ws/build/rover_odometry/share/rover_odometry/hook/pythonpath_develop.dsv'
[1.119s] INFO:colcon.colcon_core.shell:Creating environment hook '/home/rishabh/Desktop/MRT/Assignments/Assignment2/ros2_ws/build/rover_odometry/share/rover_odometry/hook/pythonpath_develop.sh'
[1.122s] Level 1:colcon.colcon_core.environment:checking '/home/rishabh/Desktop/MRT/Assignments/Assignment2/ros2_ws/install/rover_odometry' for CMake module files
[1.122s] Level 1:colcon.colcon_core.environment:checking '/home/rishabh/Desktop/MRT/Assignments/Assignment2/ros2_ws/install/rover_odometry' for CMake config files
[1.122s] Level 1:colcon.colcon_core.environment:checking '/home/rishabh/Desktop/MRT/Assignments/Assignment2/ros2_ws/install/rover_odometry/lib'
[1.123s] Level 1:colcon.colcon_core.environment:checking '/home/rishabh/Desktop/MRT/Assignments/Assignment2/ros2_ws/install/rover_odometry/bin'
[1.123s] Level 1:colcon.colcon_core.environment:checking '/home/rishabh/Desktop/MRT/Assignments/Assignment2/ros2_ws/install/rover_odometry/lib/pkgconfig/rover_odometry.pc'
[1.123s] Level 1:colcon.colcon_core.environment:checking '/home/rishabh/Desktop/MRT/Assignments/Assignment2/ros2_ws/install/rover_odometry/lib/python3.10/site-packages'
[1.123s] Level 1:colcon.colcon_core.shell:create_environment_hook('rover_odometry', 'pythonpath')
[1.123s] INFO:colcon.colcon_core.shell:Creating environment hook '/home/rishabh/Desktop/MRT/Assignments/Assignment2/ros2_ws/install/rover_odometry/share/rover_odometry/hook/pythonpath.ps1'
[1.124s] INFO:colcon.colcon_core.shell:Creating environment descriptor '/home/rishabh/Desktop/MRT/Assignments/Assignment2/ros2_ws/install/rover_odometry/share/rover_odometry/hook/pythonpath.dsv'
[1.124s] INFO:colcon.colcon_core.shell:Creating environment hook '/home/rishabh/Desktop/MRT/Assignments/Assignment2/ros2_ws/install/rover_odometry/share/rover_odometry/hook/pythonpath.sh'
[1.124s] Level 1:colcon.colcon_core.environment:checking '/home/rishabh/Desktop/MRT/Assignments/Assignment2/ros2_ws/install/rover_odometry/bin'
[1.124s] Level 1:colcon.colcon_core.environment:create_environment_scripts_only(rover_odometry)
[1.125s] INFO:colcon.colcon_core.shell:Creating package script '/home/rishabh/Desktop/MRT/Assignments/Assignment2/ros2_ws/install/rover_odometry/share/rover_odometry/package.ps1'
[1.125s] INFO:colcon.colcon_core.shell:Creating package descriptor '/home/rishabh/Desktop/MRT/Assignments/Assignment2/ros2_ws/install/rover_odometry/share/rover_odometry/package.dsv'
[1.125s] INFO:colcon.colcon_core.shell:Creating package script '/home/rishabh/Desktop/MRT/Assignments/Assignment2/ros2_ws/install/rover_odometry/share/rover_odometry/package.sh'
[1.126s] INFO:colcon.colcon_core.shell:Creating package script '/home/rishabh/Desktop/MRT/Assignments/Assignment2/ros2_ws/install/rover_odometry/share/rover_odometry/package.bash'
[1.127s] INFO:colcon.colcon_core.shell:Creating package script '/home/rishabh/Desktop/MRT/Assignments/Assignment2/ros2_ws/install/rover_odometry/share/rover_odometry/package.zsh'
[1.128s] Level 1:colcon.colcon_core.environment:create_file_with_runtime_dependencies(/home/rishabh/Desktop/MRT/Assignments/Assignment2/ros2_ws/install/rover_odometry/share/colcon-core/packages/rover_odometry)
[1.129s] Level 1:colcon.colcon_core.shell:create_environment_hook('rover_navigation', 'pythonpath_develop')
[1.130s] INFO:colcon.colcon_core.shell:Creating environment hook '/home/rishabh/Desktop/MRT/Assignments/Assignment2/ros2_ws/build/rover_navigation/share/rover_navigation/hook/pythonpath_develop.ps1'
[1.130s] INFO:colcon.colcon_core.shell:Creating environment descriptor '/home/rishabh/Desktop/MRT/Assignments/Assignment2/ros2_ws/build/rover_navigation/share/rover_navigation/hook/pythonpath_develop.dsv'
[1.131s] DEBUG:colcon.colcon_core.event_handler.log_command:Invoked command in '/home/rishabh/Desktop/MRT/Assignments/Assignment2/ros2_ws/build/rover_navigation' returned '0': PYTHONPATH=/home/rishabh/Desktop/MRT/Assignments/Assignment2/ros2_ws/build/rover_navigation/prefix_override:/usr/lib/python3/dist-packages/colcon_core/task/python/colcon_distutils_commands:/home/rishabh/Desktop/MRT/Assignments/Assignment2/ros2_ws/install/rover_navigation/lib/python3.10/site-packages:${PYTHONPATH} /usr/bin/python3 -W ignore:setup.py install is deprecated setup.py develop --editable --build-directory /home/rishabh/Desktop/MRT/Assignments/Assignment2/ros2_ws/build/rover_navigation/build --no-deps symlink_data
[1.131s] INFO:colcon.colcon_core.shell:Creating environment hook '/home/rishabh/Desktop/MRT/Assignments/Assignment2/ros2_ws/build/rover_navigation/share/rover_navigation/hook/pythonpath_develop.sh'
[1.131s] Level 1:colcon.colcon_core.environment:checking '/home/rishabh/Desktop/MRT/Assignments/Assignment2/ros2_ws/install/rover_navigation' for CMake module files
[1.132s] Level 1:colcon.colcon_core.environment:checking '/home/rishabh/Desktop/MRT/Assignments/Assignment2/ros2_ws/install/rover_navigation' for CMake config files
[1.132s] Level 1:colcon.colcon_core.environment:checking '/home/rishabh/Desktop/MRT/Assignments/Assignment2/ros2_ws/install/rover_navigation/lib'
[1.132s] Level 1:colcon.colcon_core.environment:checking '/home/rishabh/Desktop/MRT/Assignments/Assignment2/ros2_ws/install/rover_navigation/bin'
[1.133s] Level 1:colcon.colcon_core.environment:checking '/home/rishabh/Desktop/MRT/Assignments/Assignment2/ros2_ws/install/rover_navigation/lib/pkgconfig/rover_navigation.pc'
[1.133s] Level 1:colcon.colcon_core.environment:checking '/home/rishabh/Desktop/MRT/Assignments/Assignment2/ros2_ws/install/rover_navigation/lib/python3.10/site-packages'
[1.133s] Level 1:colcon.colcon_core.shell:create_environment_hook('rover_navigation', 'pythonpath')
[1.133s] INFO:colcon.colcon_core.shell:Creating environment hook '/home/rishabh/Desktop/MRT/Assignments/Assignment2/ros2_ws/install/rover_navigation/share/rover_navigation/hook/pythonpath.ps1'
[1.133s] INFO:colcon.colcon_core.shell:Creating environment descriptor '/home/rishabh/Desktop/MRT/Assignments/Assignment2/ros2_ws/install/rover_navigation/share/rover_navigation/hook/pythonpath.dsv'
[1.134s] INFO:colcon.colcon_core.shell:Creating environment hook '/home/rishabh/Desktop/MRT/Assignments/Assignment2/ros2_ws/install/rover_navigation/share/rover_navigation/hook/pythonpath.sh'
[1.134s] Level 1:colcon.colcon_core.environment:checking '/home/rishabh/Desktop/MRT/Assignments/Assignment2/ros2_ws/install/rover_navigation/bin'
[1.134s] Level 1:colcon.colcon_core.environment:create_environment_scripts_only(rover_navigation)
[1.134s] INFO:colcon.colcon_core.shell:Creating package script '/home/rishabh/Desktop/MRT/Assignments/Assignment2/ros2_ws/install/rover_navigation/share/rover_navigation/package.ps1'
[1.135s] INFO:colcon.colcon_core.shell:Creating package descriptor '/home/rishabh/Desktop/MRT/Assignments/Assignment2/ros2_ws/install/rover_navigation/share/rover_navigation/package.dsv'
[1.135s] INFO:colcon.colcon_core.shell:Creating package script '/home/rishabh/Desktop/MRT/Assignments/Assignment2/ros2_ws/install/rover_navigation/share/rover_navigation/package.sh'
[1.135s] INFO:colcon.colcon_core.shell:Creating package script '/home/rishabh/Desktop/MRT/Assignments/Assignment2/ros2_ws/install/rover_navigation/share/rover_navigation/package.bash'
[1.135s] INFO:colcon.colcon_core.shell:Creating package script '/home/rishabh/Desktop/MRT/Assignments/Assignment2/ros2_ws/install/rover_navigation/share/rover_navigation/package.zsh'
[1.135s] Level 1:colcon.colcon_core.environment:create_file_with_runtime_dependencies(/home/rishabh/Desktop/MRT/Assignments/Assignment2/ros2_ws/install/rover_navigation/share/colcon-core/packages/rover_navigation)
[1.136s] Level 1:colcon.colcon_core.shell:create_environment_hook('rover_status', 'pythonpath_develop')
[1.136s] INFO:colcon.colcon_core.shell:Creating environment hook '/home/rishabh/Desktop/MRT/Assignments/Assignment2/ros2_ws/build/rover_status/share/rover_status/hook/pythonpath_develop.ps1'
[1.136s] INFO:colcon.colcon_core.shell:Creating environment descriptor '/home/rishabh/Desktop/MRT/Assignments/Assignment2/ros2_ws/build/rover_status/share/rover_status/hook/pythonpath_develop.dsv'
[1.136s] DEBUG:colcon.colcon_core.event_handler.log_command:Invoked command in '/home/rishabh/Desktop/MRT/Assignments/Assignment2/ros2_ws/build/rover_status' returned '0': PYTHONPATH=/home/rishabh/Desktop/MRT/Assignments/Assignment2/ros2_ws/build/rover_status/prefix_override:/usr/lib/python3/dist-packages/colcon_core/task/python/colcon_distutils_commands:/home/rishabh/Desktop/MRT/Assignments/Assignment2/ros2_ws/install/rover_status/lib/python3.10/site-packages:${PYTHONPATH} /usr/bin/python3 -W ignore:setup.py install is deprecated setup.py develop --editable --build-directory /home/rishabh/Desktop/MRT/Assignments/Assignment2/ros2_ws/build/rover_status/build --no-deps symlink_data
[1.137s] INFO:colcon.colcon_core.shell:Creating environment hook '/home/rishabh/Desktop/MRT/Assignments/Assignment2/ros2_ws/build/rover_status/share/rover_status/hook/pythonpath_develop.sh'
[1.137s] Level 1:colcon.colcon_core.environment:checking '/home/rishabh/Desktop/MRT/Assignments/Assignment2/ros2_ws/install/rover_status' for CMake module files
[1.137s] Level 1:colcon.colcon_core.environment:checking '/home/rishabh/Desktop/MRT/Assignments/Assignment2/ros2_ws/install/rover_status' for CMake config files
[1.137s] Level 1:colcon.colcon_core.environment:checking '/home/rishabh/Desktop/MRT/Assignments/Assignment2/ros2_ws/install/rover_status/lib'
[1.137s] Level 1:colcon.colcon_core.environment:checking '/home/rishabh/Desktop/MRT/Assignments/Assignment2/ros2_ws/install/rover_status/bin'
[1.137s] Level 1:colcon.colcon_core.environment:checking '/home/rishabh/Desktop/MRT/Assignments/Assignment2/ros2_ws/install/rover_status/lib/pkgconfig/rover_status.pc'
[1.137s] Level 1:colcon.colcon_core.environment:checking '/home/rishabh/Desktop/MRT/Assignments/Assignment2/ros2_ws/install/rover_status/lib/python3.10/site-packages'
[1.137s] Level 1:colcon.colcon_core.shell:create_environment_hook('rover_status', 'pythonpath')
[1.138s] INFO:colcon.colcon_core.shell:Creating environment hook '/home/rishabh/Desktop/MRT/Assignments/Assignment2/ros2_ws/install/rover_status/share/rover_status/hook/pythonpath.ps1'
[1.138s] INFO:colcon.colcon_core.shell:Creating environment descriptor '/home/rishabh/Desktop/MRT/Assignments/Assignment2/ros2_ws/install/rover_status/share/rover_status/hook/pythonpath.dsv'
[1.138s] INFO:colcon.colcon_core.shell:Creating environment hook '/home/rishabh/Desktop/MRT/Assignments/Assignment2/ros2_ws/install/rover_status/share/rover_status/hook/pythonpath.sh'
[1.138s] Level 1:colcon.colcon_core.environment:checking '/home/rishabh/Desktop/MRT/Assignments/Assignment2/ros2_ws/install/rover_status/bin'
[1.138s] Level 1:colcon.colcon_core.environment:create_environment_scripts_only(rover_status)
[1.138s] INFO:colcon.colcon_core.shell:Creating package script '/home/rishabh/Desktop/MRT/Assignments/Assignment2/ros2_ws/install/rover_status/share/rover_status/package.ps1'
[1.139s] INFO:colcon.colcon_core.shell:Creating package descriptor '/home/rishabh/Desktop/MRT/Assignments/Assignment2/ros2_ws/install/rover_status/share/rover_status/package.dsv'
[1.139s] INFO:colcon.colcon_core.shell:Creating package script '/home/rishabh/Desktop/MRT/Assignments/Assignment2/ros2_ws/install/rover_status/share/rover_status/package.sh'
[1.139s] INFO:colcon.colcon_core.shell:Creating package script '/home/rishabh/Desktop/MRT/Assignments/Assignment2/ros2_ws/install/rover_status/share/rover_status/package.bash'
[1.139s] INFO:colcon.colcon_core.shell:Creating package script '/home/rishabh/Desktop/MRT/Assignments/Assignment2/ros2_ws/install/rover_status/share/rover_status/package.zsh'
[1.139s] Level 1:colcon.colcon_core.environment:create_file_with_runtime_dependencies(/home/rishabh/Desktop/MRT/Assignments/Assignment2/ros2_ws/install/rover_status/share/colcon-core/packages/rover_status)
[1.140s] Level 1:colcon.colcon_core.shell:create_environment_hook('rover_collection', 'pythonpath_develop')
[1.140s] INFO:colcon.colcon_core.shell:Creating environment hook '/home/rishabh/Desktop/MRT/Assignments/Assignment2/ros2_ws/build/rover_collection/share/rover_collection/hook/pythonpath_develop.ps1'
[1.140s] INFO:colcon.colcon_core.shell:Creating environment descriptor '/home/rishabh/Desktop/MRT/Assignments/Assignment2/ros2_ws/build/rover_collection/share/rover_collection/hook/pythonpath_develop.dsv'
[1.140s] INFO:colcon.colcon_core.shell:Creating environment hook '/home/rishabh/Desktop/MRT/Assignments/Assignment2/ros2_ws/build/rover_collection/share/rover_collection/hook/pythonpath_develop.sh'
[1.141s] DEBUG:colcon.colcon_core.event_handler.log_command:Invoked command in '/home/rishabh/Desktop/MRT/Assignments/Assignment2/ros2_ws/build/rover_collection' returned '0': PYTHONPATH=/home/rishabh/Desktop/MRT/Assignments/Assignment2/ros2_ws/build/rover_collection/prefix_override:/usr/lib/python3/dist-packages/colcon_core/task/python/colcon_distutils_commands:/home/rishabh/Desktop/MRT/Assignments/Assignment2/ros2_ws/install/rover_collection/lib/python3.10/site-packages:${PYTHONPATH} /usr/bin/python3 -W ignore:setup.py install is deprecated setup.py develop --editable --build-directory /home/rishabh/Desktop/MRT/Assignments/Assignment2/ros2_ws/build/rover_collection/build --no-deps symlink_data
[1.141s] Level 1:colcon.colcon_core.environment:checking '/home/rishabh/Desktop/MRT/Assignments/Assignment2/ros2_ws/install/rover_collection' for CMake module files
[1.141s] Level 1:colcon.colcon_core.environment:checking '/home/rishabh/Desktop/MRT/Assignments/Assignment2/ros2_ws/install/rover_collection' for CMake config files
[1.141s] Level 1:colcon.colcon_core.environment:checking '/home/rishabh/Desktop/MRT/Assignments/Assignment2/ros2_ws/install/rover_collection/lib'
[1.141s] Level 1:colcon.colcon_core.environment:checking '/home/rishabh/Desktop/MRT/Assignments/Assignment2/ros2_ws/install/rover_collection/bin'
[1.141s] Level 1:colcon.colcon_core.environment:checking '/home/rishabh/Desktop/MRT/Assignments/Assignment2/ros2_ws/install/rover_collection/lib/pkgconfig/rover_collection.pc'
[1.141s] Level 1:colcon.colcon_core.environment:checking '/home/rishabh/Desktop/MRT/Assignments/Assignment2/ros2_ws/install/rover_collection/lib/python3.10/site-packages'
[1.141s] Level 1:colcon.colcon_core.shell:create_environment_hook('rover_collection', 'pythonpath')
[1.142s] INFO:colcon.colcon_core.shell:Creating environment hook '/home/rishabh/Desktop/MRT/Assignments/Assignment2/ros2_ws/install/rover_collection/share/rover_collection/hook/pythonpath.ps1'
[1.142s] INFO:colcon.colcon_core.shell:Creating environment descriptor '/home/rishabh/Desktop/MRT/Assignments/Assignment2/ros2_ws/install/rover_collection/share/rover_collection/hook/pythonpath.dsv'
[1.142s] INFO:colcon.colcon_core.shell:Creating environment hook '/home/rishabh/Desktop/MRT/Assignments/Assignment2/ros2_ws/install/rover_collection/share/rover_collection/hook/pythonpath.sh'
[1.142s] Level 1:colcon.colcon_core.environment:checking '/home/rishabh/Desktop/MRT/Assignments/Assignment2/ros2_ws/install/rover_collection/bin'
[1.142s] Level 1:colcon.colcon_core.environment:create_environment_scripts_only(rover_collection)
[1.142s] INFO:colcon.colcon_core.shell:Creating package script '/home/rishabh/Desktop/MRT/Assignments/Assignment2/ros2_ws/install/rover_collection/share/rover_collection/package.ps1'
[1.143s] INFO:colcon.colcon_core.shell:Creating package descriptor '/home/rishabh/Desktop/MRT/Assignments/Assignment2/ros2_ws/install/rover_collection/share/rover_collection/package.dsv'
[1.143s] INFO:colcon.colcon_core.shell:Creating package script '/home/rishabh/Desktop/MRT/Assignments/Assignment2/ros2_ws/install/rover_collection/share/rover_collection/package.sh'
[1.143s] INFO:colcon.colcon_core.shell:Creating package script '/home/rishabh/Desktop/MRT/Assignments/Assignment2/ros2_ws/install/rover_collection/share/rover_collection/package.bash'
[1.143s] INFO:colcon.colcon_core.shell:Creating package script '/home/rishabh/Desktop/MRT/Assignments/Assignment2/ros2_ws/install/rover_collection/share/rover_collection/package.zsh'
[1.143s] Level 1:colcon.colcon_core.environment:create_file_with_runtime_dependencies(/home/rishabh/Desktop/MRT/Assignments/Assignment2/ros2_ws/install/rover_collection/share/colcon-core/packages/rover_collection)
[1.143s] DEBUG:colcon.colcon_parallel_executor.executor.parallel:closing loop
[1.143s] DEBUG:colcon.colcon_parallel_executor.executor.parallel:loop closed
[1.144s] DEBUG:colcon.colcon_parallel_executor.executor.parallel:run_until_complete finished with '0'
[1.144s] DEBUG:colcon.colcon_core.event_reactor:joining thread
[1.147s] INFO:colcon.colcon_core.plugin_system:Skipping extension 'colcon_notification.desktop_notification.terminal_notifier': Not used on non-Darwin systems
[1.147s] INFO:colcon.colcon_core.plugin_system:Skipping extension 'colcon_notification.desktop_notification.win32': Not used on non-Windows systems
[1.147s] INFO:colcon.colcon_notification.desktop_notification:Sending desktop notification using 'notify2'
[1.152s] DEBUG:colcon.colcon_core.event_reactor:joined thread
[1.153s] INFO:colcon.colcon_core.shell:Creating prefix script '/home/rishabh/Desktop/MRT/Assignments/Assignment2/ros2_ws/install/local_setup.ps1'
[1.154s] INFO:colcon.colcon_core.shell:Creating prefix util module '/home/rishabh/Desktop/MRT/Assignments/Assignment2/ros2_ws/install/_local_setup_util_ps1.py'
[1.155s] INFO:colcon.colcon_core.shell:Creating prefix chain script '/home/rishabh/Desktop/MRT/Assignments/Assignment2/ros2_ws/install/setup.ps1'
[1.155s] INFO:colcon.colcon_core.shell:Creating prefix script '/home/rishabh/Desktop/MRT/Assignments/Assignment2/ros2_ws/install/local_setup.sh'
[1.156s] INFO:colcon.colcon_core.shell:Creating prefix util module '/home/rishabh/Desktop/MRT/Assignments/Assignment2/ros2_ws/install/_local_setup_util_sh.py'
[1.156s] INFO:colcon.colcon_core.shell:Creating prefix chain script '/home/rishabh/Desktop/MRT/Assignments/Assignment2/ros2_ws/install/setup.sh'
[1.157s] INFO:colcon.colcon_core.shell:Creating prefix script '/home/rishabh/Desktop/MRT/Assignments/Assignment2/ros2_ws/install/local_setup.bash'
[1.157s] INFO:colcon.colcon_core.shell:Creating prefix chain script '/home/rishabh/Desktop/MRT/Assignments/Assignment2/ros2_ws/install/setup.bash'
[1.157s] INFO:colcon.colcon_core.shell:Creating prefix script '/home/rishabh/Desktop/MRT/Assignments/Assignment2/ros2_ws/install/local_setup.zsh'
[1.158s] INFO:colcon.colcon_core.shell:Creating prefix chain script '/home/rishabh/Desktop/MRT/Assignments/Assignment2/ros2_ws/install/setup.zsh'
