running develop
running egg_info
creating rover_status.egg-info
writing rover_status.egg-info/PKG-INFO
writing dependency_links to rover_status.egg-info/dependency_links.txt
writing entry points to rover_status.egg-info/entry_points.txt
writing requirements to rover_status.egg-info/requires.txt
writing top-level names to rover_status.egg-info/top_level.txt
writing manifest file 'rover_status.egg-info/SOURCES.txt'
reading manifest file 'rover_status.egg-info/SOURCES.txt'
writing manifest file 'rover_status.egg-info/SOURCES.txt'
running build_ext
Creating /home/rishabh/Desktop/MRT/Assignments/Assignment2/ros2_ws/install/rover_status/lib/python3.10/site-packages/rover-status.egg-link (link to .)

Installed /home/rishabh/Desktop/MRT/Assignments/Assignment2/ros2_ws/build/rover_status
running symlink_data
creating /home/rishabh/Desktop/MRT/Assignments/Assignment2/ros2_ws/install/rover_status/share/ament_index
creating /home/rishabh/Desktop/MRT/Assignments/Assignment2/ros2_ws/install/rover_status/share/ament_index/resource_index
creating /home/rishabh/Desktop/MRT/Assignments/Assignment2/ros2_ws/install/rover_status/share/ament_index/resource_index/packages
symbolically linking /home/rishabh/Desktop/MRT/Assignments/Assignment2/ros2_ws/build/rover_status/resource/rover_status -> /home/rishabh/Desktop/MRT/Assignments/Assignment2/ros2_ws/install/rover_status/share/ament_index/resource_index/packages
symbolically linking /home/rishabh/Desktop/MRT/Assignments/Assignment2/ros2_ws/build/rover_status/package.xml -> /home/rishabh/Desktop/MRT/Assignments/Assignment2/ros2_ws/install/rover_status/share/rover_status
