[0.305s] Invoking command in '/home/rishabh/Desktop/MRT/Assignments/Assignment2/ros2_ws/build/rover_status': PYTHONPATH=/home/rishabh/Desktop/MRT/Assignments/Assignment2/ros2_ws/build/rover_status/prefix_override:/usr/lib/python3/dist-packages/colcon_core/task/python/colcon_distutils_commands:/home/rishabh/Desktop/MRT/Assignments/Assignment2/ros2_ws/install/rover_status/lib/python3.10/site-packages:${PYTHONPATH} /usr/bin/python3 -W ignore:setup.py install is deprecated setup.py develop --editable --build-directory /home/rishabh/Desktop/MRT/Assignments/Assignment2/ros2_ws/build/rover_status/build --no-deps symlink_data
[0.431s] running develop
[0.500s] running egg_info
[0.500s] creating rover_status.egg-info
[0.500s] writing rover_status.egg-info/PKG-INFO
[0.500s] writing dependency_links to rover_status.egg-info/dependency_links.txt
[0.500s] writing entry points to rover_status.egg-info/entry_points.txt
[0.500s] writing requirements to rover_status.egg-info/requires.txt
[0.500s] writing top-level names to rover_status.egg-info/top_level.txt
[0.500s] writing manifest file 'rover_status.egg-info/SOURCES.txt'
[0.501s] reading manifest file 'rover_status.egg-info/SOURCES.txt'
[0.501s] writing manifest file 'rover_status.egg-info/SOURCES.txt'
[0.502s] running build_ext
[0.502s] Creating /home/rishabh/Desktop/MRT/Assignments/Assignment2/ros2_ws/install/rover_status/lib/python3.10/site-packages/rover-status.egg-link (link to .)
[0.502s] 
[0.502s] Installed /home/rishabh/Desktop/MRT/Assignments/Assignment2/ros2_ws/build/rover_status
[0.502s] running symlink_data
[0.502s] creating /home/rishabh/Desktop/MRT/Assignments/Assignment2/ros2_ws/install/rover_status/share/ament_index
[0.502s] creating /home/rishabh/Desktop/MRT/Assignments/Assignment2/ros2_ws/install/rover_status/share/ament_index/resource_index
[0.502s] creating /home/rishabh/Desktop/MRT/Assignments/Assignment2/ros2_ws/install/rover_status/share/ament_index/resource_index/packages
[0.502s] symbolically linking /home/rishabh/Desktop/MRT/Assignments/Assignment2/ros2_ws/build/rover_status/resource/rover_status -> /home/rishabh/Desktop/MRT/Assignments/Assignment2/ros2_ws/install/rover_status/share/ament_index/resource_index/packages
[0.502s] symbolically linking /home/rishabh/Desktop/MRT/Assignments/Assignment2/ros2_ws/build/rover_status/package.xml -> /home/rishabh/Desktop/MRT/Assignments/Assignment2/ros2_ws/install/rover_status/share/rover_status
[0.516s] Invoked command in '/home/rishabh/Desktop/MRT/Assignments/Assignment2/ros2_ws/build/rover_status' returned '0': PYTHONPATH=/home/rishabh/Desktop/MRT/Assignments/Assignment2/ros2_ws/build/rover_status/prefix_override:/usr/lib/python3/dist-packages/colcon_core/task/python/colcon_distutils_commands:/home/rishabh/Desktop/MRT/Assignments/Assignment2/ros2_ws/install/rover_status/lib/python3.10/site-packages:${PYTHONPATH} /usr/bin/python3 -W ignore:setup.py install is deprecated setup.py develop --editable --build-directory /home/rishabh/Desktop/MRT/Assignments/Assignment2/ros2_ws/build/rover_status/build --no-deps symlink_data
