[0.056s] DEBUG:colcon:Command line arguments: ['/usr/bin/colcon', 'build', '--symlink-install']
[0.056s] DEBUG:colcon:Parsed command line arguments: Namespace(log_base=None, log_level=None, verb_name='build', build_base='build', install_base='install', merge_install=False, symlink_install=True, test_result_base=None, continue_on_error=False, executor='parallel', parallel_workers=20, event_handlers=None, ignore_user_meta=False, metas=['./colcon.meta'], base_paths=['.'], packages_ignore=None, packages_ignore_regex=None, paths=None, packages_up_to=None, packages_up_to_regex=None, packages_above=None, packages_above_and_dependencies=None, packages_above_depth=None, packages_select_by_dep=None, packages_skip_by_dep=None, packages_skip_up_to=None, packages_select_build_failed=False, packages_skip_build_finished=False, packages_select_test_failures=False, packages_skip_test_passed=False, packages_select=None, packages_skip=None, packages_select_regex=None, packages_skip_regex=None, packages_start=None, packages_end=None, allow_overriding=[], cmake_args=None, cmake_target=None, cmake_target_skip_unavailable=False, cmake_clean_cache=False, cmake_clean_first=False, cmake_force_configure=False, ament_cmake_args=None, catkin_cmake_args=None, catkin_skip_building_tests=False, mixin_files=None, mixin=None, verb_parser=<colcon_mixin.mixin.mixin_argument.MixinArgumentDecorator object at 0x7b72ca433400>, verb_extension=<colcon_core.verb.build.BuildVerb object at 0x7b72ca52fb50>, main=<bound method BuildVerb.main of <colcon_core.verb.build.BuildVerb object at 0x7b72ca52fb50>>, mixin_verb=('build',))
[0.145s] Level 1:colcon.colcon_core.package_discovery:discover_packages(colcon_meta) check parameters
[0.145s] Level 1:colcon.colcon_core.package_discovery:discover_packages(recursive) check parameters
[0.145s] Level 1:colcon.colcon_core.package_discovery:discover_packages(ignore) check parameters
[0.145s] Level 1:colcon.colcon_core.package_discovery:discover_packages(path) check parameters
[0.145s] Level 1:colcon.colcon_core.package_discovery:discover_packages(colcon_meta) discover
[0.145s] Level 1:colcon.colcon_core.package_discovery:discover_packages(recursive) discover
[0.145s] INFO:colcon.colcon_core.package_discovery:Crawling recursively for packages in '/home/rishabh/Desktop/MRT/Assignments/Assignment2/ros2_ws'
[0.145s] Level 1:colcon.colcon_core.package_identification:_identify(.) by extensions ['ignore', 'ignore_ament_install']
[0.145s] Level 1:colcon.colcon_core.package_identification:_identify(.) by extension 'ignore'
[0.145s] Level 1:colcon.colcon_core.package_identification:_identify(.) by extension 'ignore_ament_install'
[0.145s] Level 1:colcon.colcon_core.package_identification:_identify(.) by extensions ['colcon_pkg']
[0.145s] Level 1:colcon.colcon_core.package_identification:_identify(.) by extension 'colcon_pkg'
[0.145s] Level 1:colcon.colcon_core.package_identification:_identify(.) by extensions ['colcon_meta']
[0.145s] Level 1:colcon.colcon_core.package_identification:_identify(.) by extension 'colcon_meta'
[0.145s] Level 1:colcon.colcon_core.package_identification:_identify(.) by extensions ['ros']
[0.146s] Level 1:colcon.colcon_core.package_identification:_identify(.) by extension 'ros'
[0.151s] Level 1:colcon.colcon_core.package_identification:_identify(.) by extensions ['cmake', 'python']
[0.151s] Level 1:colcon.colcon_core.package_identification:_identify(.) by extension 'cmake'
[0.152s] Level 1:colcon.colcon_core.package_identification:_identify(.) by extension 'python'
[0.152s] Level 1:colcon.colcon_core.package_identification:_identify(.) by extensions ['python_setup_py']
[0.152s] Level 1:colcon.colcon_core.package_identification:_identify(.) by extension 'python_setup_py'
[0.152s] Level 1:colcon.colcon_core.package_identification:_identify(build) by extensions ['ignore', 'ignore_ament_install']
[0.152s] Level 1:colcon.colcon_core.package_identification:_identify(build) by extension 'ignore'
[0.152s] Level 1:colcon.colcon_core.package_identification:_identify(build) ignored
[0.152s] Level 1:colcon.colcon_core.package_identification:_identify(install) by extensions ['ignore', 'ignore_ament_install']
[0.152s] Level 1:colcon.colcon_core.package_identification:_identify(install) by extension 'ignore'
[0.152s] Level 1:colcon.colcon_core.package_identification:_identify(install) ignored
[0.152s] Level 1:colcon.colcon_core.package_identification:_identify(log) by extensions ['ignore', 'ignore_ament_install']
[0.152s] Level 1:colcon.colcon_core.package_identification:_identify(log) by extension 'ignore'
[0.152s] Level 1:colcon.colcon_core.package_identification:_identify(log) ignored
[0.152s] Level 1:colcon.colcon_core.package_identification:_identify(src) by extensions ['ignore', 'ignore_ament_install']
[0.152s] Level 1:colcon.colcon_core.package_identification:_identify(src) by extension 'ignore'
[0.152s] Level 1:colcon.colcon_core.package_identification:_identify(src) by extension 'ignore_ament_install'
[0.152s] Level 1:colcon.colcon_core.package_identification:_identify(src) by extensions ['colcon_pkg']
[0.152s] Level 1:colcon.colcon_core.package_identification:_identify(src) by extension 'colcon_pkg'
[0.152s] Level 1:colcon.colcon_core.package_identification:_identify(src) by extensions ['colcon_meta']
[0.152s] Level 1:colcon.colcon_core.package_identification:_identify(src) by extension 'colcon_meta'
[0.152s] Level 1:colcon.colcon_core.package_identification:_identify(src) by extensions ['ros']
[0.152s] Level 1:colcon.colcon_core.package_identification:_identify(src) by extension 'ros'
[0.152s] Level 1:colcon.colcon_core.package_identification:_identify(src) by extensions ['cmake', 'python']
[0.152s] Level 1:colcon.colcon_core.package_identification:_identify(src) by extension 'cmake'
[0.152s] Level 1:colcon.colcon_core.package_identification:_identify(src) by extension 'python'
[0.152s] Level 1:colcon.colcon_core.package_identification:_identify(src) by extensions ['python_setup_py']
[0.152s] Level 1:colcon.colcon_core.package_identification:_identify(src) by extension 'python_setup_py'
[0.152s] Level 1:colcon.colcon_core.package_identification:_identify(src/mars_msgs) by extensions ['ignore', 'ignore_ament_install']
[0.152s] Level 1:colcon.colcon_core.package_identification:_identify(src/mars_msgs) by extension 'ignore'
[0.152s] Level 1:colcon.colcon_core.package_identification:_identify(src/mars_msgs) by extension 'ignore_ament_install'
[0.152s] Level 1:colcon.colcon_core.package_identification:_identify(src/mars_msgs) by extensions ['colcon_pkg']
[0.152s] Level 1:colcon.colcon_core.package_identification:_identify(src/mars_msgs) by extension 'colcon_pkg'
[0.152s] Level 1:colcon.colcon_core.package_identification:_identify(src/mars_msgs) by extensions ['colcon_meta']
[0.152s] Level 1:colcon.colcon_core.package_identification:_identify(src/mars_msgs) by extension 'colcon_meta'
[0.152s] Level 1:colcon.colcon_core.package_identification:_identify(src/mars_msgs) by extensions ['ros']
[0.152s] Level 1:colcon.colcon_core.package_identification:_identify(src/mars_msgs) by extension 'ros'
[0.153s] Level 1:colcon.colcon_core.package_identification:_identify(src/mars_msgs) by extensions ['cmake', 'python']
[0.153s] Level 1:colcon.colcon_core.package_identification:_identify(src/mars_msgs) by extension 'cmake'
[0.153s] Level 1:colcon.colcon_core.package_identification:_identify(src/mars_msgs) by extension 'python'
[0.153s] Level 1:colcon.colcon_core.package_identification:_identify(src/mars_msgs) by extensions ['python_setup_py']
[0.153s] Level 1:colcon.colcon_core.package_identification:_identify(src/mars_msgs) by extension 'python_setup_py'
[0.153s] Level 1:colcon.colcon_core.package_identification:_identify(src/mars_msgs/msg) by extensions ['ignore', 'ignore_ament_install']
[0.153s] Level 1:colcon.colcon_core.package_identification:_identify(src/mars_msgs/msg) by extension 'ignore'
[0.153s] Level 1:colcon.colcon_core.package_identification:_identify(src/mars_msgs/msg) by extension 'ignore_ament_install'
[0.153s] Level 1:colcon.colcon_core.package_identification:_identify(src/mars_msgs/msg) by extensions ['colcon_pkg']
[0.153s] Level 1:colcon.colcon_core.package_identification:_identify(src/mars_msgs/msg) by extension 'colcon_pkg'
[0.153s] Level 1:colcon.colcon_core.package_identification:_identify(src/mars_msgs/msg) by extensions ['colcon_meta']
[0.153s] Level 1:colcon.colcon_core.package_identification:_identify(src/mars_msgs/msg) by extension 'colcon_meta'
[0.153s] Level 1:colcon.colcon_core.package_identification:_identify(src/mars_msgs/msg) by extensions ['ros']
[0.153s] Level 1:colcon.colcon_core.package_identification:_identify(src/mars_msgs/msg) by extension 'ros'
[0.153s] Level 1:colcon.colcon_core.package_identification:_identify(src/mars_msgs/msg) by extensions ['cmake', 'python']
[0.153s] Level 1:colcon.colcon_core.package_identification:_identify(src/mars_msgs/msg) by extension 'cmake'
[0.153s] Level 1:colcon.colcon_core.package_identification:_identify(src/mars_msgs/msg) by extension 'python'
[0.153s] Level 1:colcon.colcon_core.package_identification:_identify(src/mars_msgs/msg) by extensions ['python_setup_py']
[0.153s] Level 1:colcon.colcon_core.package_identification:_identify(src/mars_msgs/msg) by extension 'python_setup_py'
[0.153s] Level 1:colcon.colcon_core.package_identification:_identify(src/rover_collection) by extensions ['ignore', 'ignore_ament_install']
[0.153s] Level 1:colcon.colcon_core.package_identification:_identify(src/rover_collection) by extension 'ignore'
[0.153s] Level 1:colcon.colcon_core.package_identification:_identify(src/rover_collection) by extension 'ignore_ament_install'
[0.153s] Level 1:colcon.colcon_core.package_identification:_identify(src/rover_collection) by extensions ['colcon_pkg']
[0.153s] Level 1:colcon.colcon_core.package_identification:_identify(src/rover_collection) by extension 'colcon_pkg'
[0.153s] Level 1:colcon.colcon_core.package_identification:_identify(src/rover_collection) by extensions ['colcon_meta']
[0.153s] Level 1:colcon.colcon_core.package_identification:_identify(src/rover_collection) by extension 'colcon_meta'
[0.153s] Level 1:colcon.colcon_core.package_identification:_identify(src/rover_collection) by extensions ['ros']
[0.153s] Level 1:colcon.colcon_core.package_identification:_identify(src/rover_collection) by extension 'ros'
[0.158s] DEBUG:colcon.colcon_core.package_identification:Package 'src/rover_collection' with type 'ros.ament_python' and name 'rover_collection'
[0.159s] Level 1:colcon.colcon_core.package_identification:_identify(src/rover_navigation) by extensions ['ignore', 'ignore_ament_install']
[0.159s] Level 1:colcon.colcon_core.package_identification:_identify(src/rover_navigation) by extension 'ignore'
[0.159s] Level 1:colcon.colcon_core.package_identification:_identify(src/rover_navigation) by extension 'ignore_ament_install'
[0.159s] Level 1:colcon.colcon_core.package_identification:_identify(src/rover_navigation) by extensions ['colcon_pkg']
[0.159s] Level 1:colcon.colcon_core.package_identification:_identify(src/rover_navigation) by extension 'colcon_pkg'
[0.159s] Level 1:colcon.colcon_core.package_identification:_identify(src/rover_navigation) by extensions ['colcon_meta']
[0.159s] Level 1:colcon.colcon_core.package_identification:_identify(src/rover_navigation) by extension 'colcon_meta'
[0.159s] Level 1:colcon.colcon_core.package_identification:_identify(src/rover_navigation) by extensions ['ros']
[0.159s] Level 1:colcon.colcon_core.package_identification:_identify(src/rover_navigation) by extension 'ros'
[0.159s] DEBUG:colcon.colcon_core.package_identification:Package 'src/rover_navigation' with type 'ros.ament_python' and name 'rover_navigation'
[0.159s] Level 1:colcon.colcon_core.package_identification:_identify(src/rover_odometry) by extensions ['ignore', 'ignore_ament_install']
[0.159s] Level 1:colcon.colcon_core.package_identification:_identify(src/rover_odometry) by extension 'ignore'
[0.159s] Level 1:colcon.colcon_core.package_identification:_identify(src/rover_odometry) by extension 'ignore_ament_install'
[0.159s] Level 1:colcon.colcon_core.package_identification:_identify(src/rover_odometry) by extensions ['colcon_pkg']
[0.159s] Level 1:colcon.colcon_core.package_identification:_identify(src/rover_odometry) by extension 'colcon_pkg'
[0.159s] Level 1:colcon.colcon_core.package_identification:_identify(src/rover_odometry) by extensions ['colcon_meta']
[0.159s] Level 1:colcon.colcon_core.package_identification:_identify(src/rover_odometry) by extension 'colcon_meta'
[0.159s] Level 1:colcon.colcon_core.package_identification:_identify(src/rover_odometry) by extensions ['ros']
[0.159s] Level 1:colcon.colcon_core.package_identification:_identify(src/rover_odometry) by extension 'ros'
[0.160s] DEBUG:colcon.colcon_core.package_identification:Package 'src/rover_odometry' with type 'ros.ament_python' and name 'rover_odometry'
[0.160s] Level 1:colcon.colcon_core.package_identification:_identify(src/rover_status) by extensions ['ignore', 'ignore_ament_install']
[0.160s] Level 1:colcon.colcon_core.package_identification:_identify(src/rover_status) by extension 'ignore'
[0.160s] Level 1:colcon.colcon_core.package_identification:_identify(src/rover_status) by extension 'ignore_ament_install'
[0.160s] Level 1:colcon.colcon_core.package_identification:_identify(src/rover_status) by extensions ['colcon_pkg']
[0.160s] Level 1:colcon.colcon_core.package_identification:_identify(src/rover_status) by extension 'colcon_pkg'
[0.160s] Level 1:colcon.colcon_core.package_identification:_identify(src/rover_status) by extensions ['colcon_meta']
[0.160s] Level 1:colcon.colcon_core.package_identification:_identify(src/rover_status) by extension 'colcon_meta'
[0.160s] Level 1:colcon.colcon_core.package_identification:_identify(src/rover_status) by extensions ['ros']
[0.160s] Level 1:colcon.colcon_core.package_identification:_identify(src/rover_status) by extension 'ros'
[0.160s] DEBUG:colcon.colcon_core.package_identification:Package 'src/rover_status' with type 'ros.ament_python' and name 'rover_status'
[0.160s] Level 1:colcon.colcon_core.package_discovery:discover_packages(recursive) using defaults
[0.160s] Level 1:colcon.colcon_core.package_discovery:discover_packages(ignore) discover
[0.160s] Level 1:colcon.colcon_core.package_discovery:discover_packages(ignore) using defaults
[0.160s] Level 1:colcon.colcon_core.package_discovery:discover_packages(path) discover
[0.160s] Level 1:colcon.colcon_core.package_discovery:discover_packages(path) using defaults
[0.171s] Level 1:colcon.colcon_core.package_discovery:discover_packages(prefix_path) check parameters
[0.171s] Level 1:colcon.colcon_core.package_discovery:discover_packages(prefix_path) discover
[0.172s] DEBUG:colcon.colcon_installed_package_information.package_discovery:Found 5 installed packages in /home/rishabh/Desktop/MRT/Assignments/Assignment2/ros2_ws/install
[0.173s] DEBUG:colcon.colcon_installed_package_information.package_discovery:Found 293 installed packages in /opt/ros/humble
[0.173s] Level 1:colcon.colcon_core.package_discovery:discover_packages(prefix_path) using defaults
[0.193s] Level 5:colcon.colcon_core.verb:set package 'rover_collection' build argument 'cmake_args' from command line to 'None'
[0.193s] Level 5:colcon.colcon_core.verb:set package 'rover_collection' build argument 'cmake_target' from command line to 'None'
[0.193s] Level 5:colcon.colcon_core.verb:set package 'rover_collection' build argument 'cmake_target_skip_unavailable' from command line to 'False'
[0.193s] Level 5:colcon.colcon_core.verb:set package 'rover_collection' build argument 'cmake_clean_cache' from command line to 'False'
[0.193s] Level 5:colcon.colcon_core.verb:set package 'rover_collection' build argument 'cmake_clean_first' from command line to 'False'
[0.193s] Level 5:colcon.colcon_core.verb:set package 'rover_collection' build argument 'cmake_force_configure' from command line to 'False'
[0.193s] Level 5:colcon.colcon_core.verb:set package 'rover_collection' build argument 'ament_cmake_args' from command line to 'None'
[0.193s] Level 5:colcon.colcon_core.verb:set package 'rover_collection' build argument 'catkin_cmake_args' from command line to 'None'
[0.193s] Level 5:colcon.colcon_core.verb:set package 'rover_collection' build argument 'catkin_skip_building_tests' from command line to 'False'
[0.193s] DEBUG:colcon.colcon_core.verb:Building package 'rover_collection' with the following arguments: {'ament_cmake_args': None, 'build_base': '/home/rishabh/Desktop/MRT/Assignments/Assignment2/ros2_ws/build/rover_collection', 'catkin_cmake_args': None, 'catkin_skip_building_tests': False, 'cmake_args': None, 'cmake_clean_cache': False, 'cmake_clean_first': False, 'cmake_force_configure': False, 'cmake_target': None, 'cmake_target_skip_unavailable': False, 'install_base': '/home/rishabh/Desktop/MRT/Assignments/Assignment2/ros2_ws/install/rover_collection', 'merge_install': False, 'path': '/home/rishabh/Desktop/MRT/Assignments/Assignment2/ros2_ws/src/rover_collection', 'symlink_install': True, 'test_result_base': None}
[0.193s] Level 5:colcon.colcon_core.verb:set package 'rover_navigation' build argument 'cmake_args' from command line to 'None'
[0.193s] Level 5:colcon.colcon_core.verb:set package 'rover_navigation' build argument 'cmake_target' from command line to 'None'
[0.193s] Level 5:colcon.colcon_core.verb:set package 'rover_navigation' build argument 'cmake_target_skip_unavailable' from command line to 'False'
[0.193s] Level 5:colcon.colcon_core.verb:set package 'rover_navigation' build argument 'cmake_clean_cache' from command line to 'False'
[0.193s] Level 5:colcon.colcon_core.verb:set package 'rover_navigation' build argument 'cmake_clean_first' from command line to 'False'
[0.193s] Level 5:colcon.colcon_core.verb:set package 'rover_navigation' build argument 'cmake_force_configure' from command line to 'False'
[0.193s] Level 5:colcon.colcon_core.verb:set package 'rover_navigation' build argument 'ament_cmake_args' from command line to 'None'
[0.193s] Level 5:colcon.colcon_core.verb:set package 'rover_navigation' build argument 'catkin_cmake_args' from command line to 'None'
[0.193s] Level 5:colcon.colcon_core.verb:set package 'rover_navigation' build argument 'catkin_skip_building_tests' from command line to 'False'
[0.193s] DEBUG:colcon.colcon_core.verb:Building package 'rover_navigation' with the following arguments: {'ament_cmake_args': None, 'build_base': '/home/rishabh/Desktop/MRT/Assignments/Assignment2/ros2_ws/build/rover_navigation', 'catkin_cmake_args': None, 'catkin_skip_building_tests': False, 'cmake_args': None, 'cmake_clean_cache': False, 'cmake_clean_first': False, 'cmake_force_configure': False, 'cmake_target': None, 'cmake_target_skip_unavailable': False, 'install_base': '/home/rishabh/Desktop/MRT/Assignments/Assignment2/ros2_ws/install/rover_navigation', 'merge_install': False, 'path': '/home/rishabh/Desktop/MRT/Assignments/Assignment2/ros2_ws/src/rover_navigation', 'symlink_install': True, 'test_result_base': None}
[0.194s] Level 5:colcon.colcon_core.verb:set package 'rover_odometry' build argument 'cmake_args' from command line to 'None'
[0.194s] Level 5:colcon.colcon_core.verb:set package 'rover_odometry' build argument 'cmake_target' from command line to 'None'
[0.194s] Level 5:colcon.colcon_core.verb:set package 'rover_odometry' build argument 'cmake_target_skip_unavailable' from command line to 'False'
[0.194s] Level 5:colcon.colcon_core.verb:set package 'rover_odometry' build argument 'cmake_clean_cache' from command line to 'False'
[0.194s] Level 5:colcon.colcon_core.verb:set package 'rover_odometry' build argument 'cmake_clean_first' from command line to 'False'
[0.194s] Level 5:colcon.colcon_core.verb:set package 'rover_odometry' build argument 'cmake_force_configure' from command line to 'False'
[0.194s] Level 5:colcon.colcon_core.verb:set package 'rover_odometry' build argument 'ament_cmake_args' from command line to 'None'
[0.194s] Level 5:colcon.colcon_core.verb:set package 'rover_odometry' build argument 'catkin_cmake_args' from command line to 'None'
[0.194s] Level 5:colcon.colcon_core.verb:set package 'rover_odometry' build argument 'catkin_skip_building_tests' from command line to 'False'
[0.194s] DEBUG:colcon.colcon_core.verb:Building package 'rover_odometry' with the following arguments: {'ament_cmake_args': None, 'build_base': '/home/rishabh/Desktop/MRT/Assignments/Assignment2/ros2_ws/build/rover_odometry', 'catkin_cmake_args': None, 'catkin_skip_building_tests': False, 'cmake_args': None, 'cmake_clean_cache': False, 'cmake_clean_first': False, 'cmake_force_configure': False, 'cmake_target': None, 'cmake_target_skip_unavailable': False, 'install_base': '/home/rishabh/Desktop/MRT/Assignments/Assignment2/ros2_ws/install/rover_odometry', 'merge_install': False, 'path': '/home/rishabh/Desktop/MRT/Assignments/Assignment2/ros2_ws/src/rover_odometry', 'symlink_install': True, 'test_result_base': None}
[0.194s] Level 5:colcon.colcon_core.verb:set package 'rover_status' build argument 'cmake_args' from command line to 'None'
[0.194s] Level 5:colcon.colcon_core.verb:set package 'rover_status' build argument 'cmake_target' from command line to 'None'
[0.194s] Level 5:colcon.colcon_core.verb:set package 'rover_status' build argument 'cmake_target_skip_unavailable' from command line to 'False'
[0.194s] Level 5:colcon.colcon_core.verb:set package 'rover_status' build argument 'cmake_clean_cache' from command line to 'False'
[0.194s] Level 5:colcon.colcon_core.verb:set package 'rover_status' build argument 'cmake_clean_first' from command line to 'False'
[0.194s] Level 5:colcon.colcon_core.verb:set package 'rover_status' build argument 'cmake_force_configure' from command line to 'False'
[0.194s] Level 5:colcon.colcon_core.verb:set package 'rover_status' build argument 'ament_cmake_args' from command line to 'None'
[0.194s] Level 5:colcon.colcon_core.verb:set package 'rover_status' build argument 'catkin_cmake_args' from command line to 'None'
[0.194s] Level 5:colcon.colcon_core.verb:set package 'rover_status' build argument 'catkin_skip_building_tests' from command line to 'False'
[0.194s] DEBUG:colcon.colcon_core.verb:Building package 'rover_status' with the following arguments: {'ament_cmake_args': None, 'build_base': '/home/rishabh/Desktop/MRT/Assignments/Assignment2/ros2_ws/build/rover_status', 'catkin_cmake_args': None, 'catkin_skip_building_tests': False, 'cmake_args': None, 'cmake_clean_cache': False, 'cmake_clean_first': False, 'cmake_force_configure': False, 'cmake_target': None, 'cmake_target_skip_unavailable': False, 'install_base': '/home/rishabh/Desktop/MRT/Assignments/Assignment2/ros2_ws/install/rover_status', 'merge_install': False, 'path': '/home/rishabh/Desktop/MRT/Assignments/Assignment2/ros2_ws/src/rover_status', 'symlink_install': True, 'test_result_base': None}
[0.194s] INFO:colcon.colcon_core.executor:Executing jobs using 'parallel' executor
[0.195s] DEBUG:colcon.colcon_parallel_executor.executor.parallel:run_until_complete
[0.195s] INFO:colcon.colcon_ros.task.ament_python.build:Building ROS package in '/home/rishabh/Desktop/MRT/Assignments/Assignment2/ros2_ws/src/rover_collection' with build type 'ament_python'
[0.195s] Level 1:colcon.colcon_core.shell:create_environment_hook('rover_collection', 'ament_prefix_path')
[0.196s] INFO:colcon.colcon_core.plugin_system:Skipping extension 'colcon_core.shell.bat': Not used on non-Windows systems
[0.196s] INFO:colcon.colcon_core.shell:Creating environment hook '/home/rishabh/Desktop/MRT/Assignments/Assignment2/ros2_ws/install/rover_collection/share/rover_collection/hook/ament_prefix_path.ps1'
[0.197s] INFO:colcon.colcon_core.shell:Creating environment descriptor '/home/rishabh/Desktop/MRT/Assignments/Assignment2/ros2_ws/install/rover_collection/share/rover_collection/hook/ament_prefix_path.dsv'
[0.197s] INFO:colcon.colcon_core.shell:Creating environment hook '/home/rishabh/Desktop/MRT/Assignments/Assignment2/ros2_ws/install/rover_collection/share/rover_collection/hook/ament_prefix_path.sh'
[0.197s] INFO:colcon.colcon_core.shell:Skip shell extension 'powershell' for command environment: Not usable outside of PowerShell
[0.197s] DEBUG:colcon.colcon_core.shell:Skip shell extension 'dsv' for command environment
[0.199s] INFO:colcon.colcon_ros.task.ament_python.build:Building ROS package in '/home/rishabh/Desktop/MRT/Assignments/Assignment2/ros2_ws/src/rover_navigation' with build type 'ament_python'
[0.199s] Level 1:colcon.colcon_core.shell:create_environment_hook('rover_navigation', 'ament_prefix_path')
[0.199s] INFO:colcon.colcon_core.shell:Creating environment hook '/home/rishabh/Desktop/MRT/Assignments/Assignment2/ros2_ws/install/rover_navigation/share/rover_navigation/hook/ament_prefix_path.ps1'
[0.199s] INFO:colcon.colcon_core.shell:Creating environment descriptor '/home/rishabh/Desktop/MRT/Assignments/Assignment2/ros2_ws/install/rover_navigation/share/rover_navigation/hook/ament_prefix_path.dsv'
[0.199s] INFO:colcon.colcon_core.shell:Creating environment hook '/home/rishabh/Desktop/MRT/Assignments/Assignment2/ros2_ws/install/rover_navigation/share/rover_navigation/hook/ament_prefix_path.sh'
[0.200s] INFO:colcon.colcon_core.shell:Skip shell extension 'powershell' for command environment: Not usable outside of PowerShell
[0.200s] DEBUG:colcon.colcon_core.shell:Skip shell extension 'dsv' for command environment
[0.201s] INFO:colcon.colcon_ros.task.ament_python.build:Building ROS package in '/home/rishabh/Desktop/MRT/Assignments/Assignment2/ros2_ws/src/rover_odometry' with build type 'ament_python'
[0.201s] Level 1:colcon.colcon_core.shell:create_environment_hook('rover_odometry', 'ament_prefix_path')
[0.201s] INFO:colcon.colcon_core.shell:Creating environment hook '/home/rishabh/Desktop/MRT/Assignments/Assignment2/ros2_ws/install/rover_odometry/share/rover_odometry/hook/ament_prefix_path.ps1'
[0.202s] INFO:colcon.colcon_core.shell:Creating environment descriptor '/home/rishabh/Desktop/MRT/Assignments/Assignment2/ros2_ws/install/rover_odometry/share/rover_odometry/hook/ament_prefix_path.dsv'
[0.202s] INFO:colcon.colcon_core.shell:Creating environment hook '/home/rishabh/Desktop/MRT/Assignments/Assignment2/ros2_ws/install/rover_odometry/share/rover_odometry/hook/ament_prefix_path.sh'
[0.202s] INFO:colcon.colcon_core.shell:Skip shell extension 'powershell' for command environment: Not usable outside of PowerShell
[0.202s] DEBUG:colcon.colcon_core.shell:Skip shell extension 'dsv' for command environment
[0.203s] INFO:colcon.colcon_ros.task.ament_python.build:Building ROS package in '/home/rishabh/Desktop/MRT/Assignments/Assignment2/ros2_ws/src/rover_status' with build type 'ament_python'
[0.203s] Level 1:colcon.colcon_core.shell:create_environment_hook('rover_status', 'ament_prefix_path')
[0.204s] INFO:colcon.colcon_core.shell:Creating environment hook '/home/rishabh/Desktop/MRT/Assignments/Assignment2/ros2_ws/install/rover_status/share/rover_status/hook/ament_prefix_path.ps1'
[0.204s] INFO:colcon.colcon_core.shell:Creating environment descriptor '/home/rishabh/Desktop/MRT/Assignments/Assignment2/ros2_ws/install/rover_status/share/rover_status/hook/ament_prefix_path.dsv'
[0.204s] INFO:colcon.colcon_core.shell:Creating environment hook '/home/rishabh/Desktop/MRT/Assignments/Assignment2/ros2_ws/install/rover_status/share/rover_status/hook/ament_prefix_path.sh'
[0.204s] INFO:colcon.colcon_core.shell:Skip shell extension 'powershell' for command environment: Not usable outside of PowerShell
[0.204s] DEBUG:colcon.colcon_core.shell:Skip shell extension 'dsv' for command environment
[0.339s] INFO:colcon.colcon_core.task.python.build:Building Python package in '/home/rishabh/Desktop/MRT/Assignments/Assignment2/ros2_ws/src/rover_collection'
[0.339s] INFO:colcon.colcon_core.shell:Skip shell extension 'powershell' for command environment: Not usable outside of PowerShell
[0.339s] DEBUG:colcon.colcon_core.shell:Skip shell extension 'dsv' for command environment
[0.480s] INFO:colcon.colcon_core.task.python.build:Building Python package in '/home/rishabh/Desktop/MRT/Assignments/Assignment2/ros2_ws/src/rover_navigation'
[0.480s] INFO:colcon.colcon_core.shell:Skip shell extension 'powershell' for command environment: Not usable outside of PowerShell
[0.480s] DEBUG:colcon.colcon_core.shell:Skip shell extension 'dsv' for command environment
[0.621s] INFO:colcon.colcon_core.task.python.build:Building Python package in '/home/rishabh/Desktop/MRT/Assignments/Assignment2/ros2_ws/src/rover_odometry'
[0.621s] INFO:colcon.colcon_core.shell:Skip shell extension 'powershell' for command environment: Not usable outside of PowerShell
[0.621s] DEBUG:colcon.colcon_core.shell:Skip shell extension 'dsv' for command environment
[0.768s] INFO:colcon.colcon_core.task.python.build:Building Python package in '/home/rishabh/Desktop/MRT/Assignments/Assignment2/ros2_ws/src/rover_status'
[0.769s] INFO:colcon.colcon_core.shell:Skip shell extension 'powershell' for command environment: Not usable outside of PowerShell
[0.769s] DEBUG:colcon.colcon_core.shell:Skip shell extension 'dsv' for command environment
[0.957s] DEBUG:colcon.colcon_core.event_handler.log_command:Invoking command in '/home/rishabh/Desktop/MRT/Assignments/Assignment2/ros2_ws/build/rover_collection': PYTHONPATH=/home/rishabh/Desktop/MRT/Assignments/Assignment2/ros2_ws/build/rover_collection/prefix_override:/usr/lib/python3/dist-packages/colcon_core/task/python/colcon_distutils_commands:/home/rishabh/Desktop/MRT/Assignments/Assignment2/ros2_ws/install/rover_collection/lib/python3.10/site-packages:${PYTHONPATH} /usr/bin/python3 -W ignore:setup.py install is deprecated setup.py develop --editable --build-directory /home/rishabh/Desktop/MRT/Assignments/Assignment2/ros2_ws/build/rover_collection/build --no-deps symlink_data
[0.958s] DEBUG:colcon.colcon_core.event_handler.log_command:Invoking command in '/home/rishabh/Desktop/MRT/Assignments/Assignment2/ros2_ws/build/rover_odometry': PYTHONPATH=/home/rishabh/Desktop/MRT/Assignments/Assignment2/ros2_ws/build/rover_odometry/prefix_override:/usr/lib/python3/dist-packages/colcon_core/task/python/colcon_distutils_commands:/home/rishabh/Desktop/MRT/Assignments/Assignment2/ros2_ws/install/rover_odometry/lib/python3.10/site-packages:${PYTHONPATH} /usr/bin/python3 -W ignore:setup.py install is deprecated setup.py develop --editable --build-directory /home/rishabh/Desktop/MRT/Assignments/Assignment2/ros2_ws/build/rover_odometry/build --no-deps symlink_data
[0.964s] DEBUG:colcon.colcon_core.event_handler.log_command:Invoking command in '/home/rishabh/Desktop/MRT/Assignments/Assignment2/ros2_ws/build/rover_navigation': PYTHONPATH=/home/rishabh/Desktop/MRT/Assignments/Assignment2/ros2_ws/build/rover_navigation/prefix_override:/usr/lib/python3/dist-packages/colcon_core/task/python/colcon_distutils_commands:/home/rishabh/Desktop/MRT/Assignments/Assignment2/ros2_ws/install/rover_navigation/lib/python3.10/site-packages:${PYTHONPATH} /usr/bin/python3 -W ignore:setup.py install is deprecated setup.py develop --editable --build-directory /home/rishabh/Desktop/MRT/Assignments/Assignment2/ros2_ws/build/rover_navigation/build --no-deps symlink_data
[0.966s] DEBUG:colcon.colcon_core.event_handler.log_command:Invoking command in '/home/rishabh/Desktop/MRT/Assignments/Assignment2/ros2_ws/build/rover_status': PYTHONPATH=/home/rishabh/Desktop/MRT/Assignments/Assignment2/ros2_ws/build/rover_status/prefix_override:/usr/lib/python3/dist-packages/colcon_core/task/python/colcon_distutils_commands:/home/rishabh/Desktop/MRT/Assignments/Assignment2/ros2_ws/install/rover_status/lib/python3.10/site-packages:${PYTHONPATH} /usr/bin/python3 -W ignore:setup.py install is deprecated setup.py develop --editable --build-directory /home/rishabh/Desktop/MRT/Assignments/Assignment2/ros2_ws/build/rover_status/build --no-deps symlink_data
[1.212s] DEBUG:colcon.colcon_core.event_handler.log_command:Invoked command in '/home/rishabh/Desktop/MRT/Assignments/Assignment2/ros2_ws/build/rover_collection' returned '1': PYTHONPATH=/home/rishabh/Desktop/MRT/Assignments/Assignment2/ros2_ws/build/rover_collection/prefix_override:/usr/lib/python3/dist-packages/colcon_core/task/python/colcon_distutils_commands:/home/rishabh/Desktop/MRT/Assignments/Assignment2/ros2_ws/install/rover_collection/lib/python3.10/site-packages:${PYTHONPATH} /usr/bin/python3 -W ignore:setup.py install is deprecated setup.py develop --editable --build-directory /home/rishabh/Desktop/MRT/Assignments/Assignment2/ros2_ws/build/rover_collection/build --no-deps symlink_data
[1.234s] DEBUG:colcon.colcon_parallel_executor.executor.parallel:closing loop
[1.234s] DEBUG:colcon.colcon_parallel_executor.executor.parallel:loop closed
[1.234s] DEBUG:colcon.colcon_parallel_executor.executor.parallel:run_until_complete finished with '1'
[1.235s] DEBUG:colcon.colcon_core.event_reactor:joining thread
[1.239s] INFO:colcon.colcon_core.plugin_system:Skipping extension 'colcon_notification.desktop_notification.terminal_notifier': Not used on non-Darwin systems
[1.239s] INFO:colcon.colcon_core.plugin_system:Skipping extension 'colcon_notification.desktop_notification.win32': Not used on non-Windows systems
[1.239s] INFO:colcon.colcon_notification.desktop_notification:Sending desktop notification using 'notify2'
[1.248s] DEBUG:colcon.colcon_core.event_reactor:joined thread
[1.248s] INFO:colcon.colcon_core.shell:Creating prefix script '/home/rishabh/Desktop/MRT/Assignments/Assignment2/ros2_ws/install/local_setup.ps1'
[1.249s] INFO:colcon.colcon_core.shell:Creating prefix util module '/home/rishabh/Desktop/MRT/Assignments/Assignment2/ros2_ws/install/_local_setup_util_ps1.py'
[1.250s] INFO:colcon.colcon_core.shell:Creating prefix chain script '/home/rishabh/Desktop/MRT/Assignments/Assignment2/ros2_ws/install/setup.ps1'
[1.250s] INFO:colcon.colcon_core.shell:Creating prefix script '/home/rishabh/Desktop/MRT/Assignments/Assignment2/ros2_ws/install/local_setup.sh'
[1.251s] INFO:colcon.colcon_core.shell:Creating prefix util module '/home/rishabh/Desktop/MRT/Assignments/Assignment2/ros2_ws/install/_local_setup_util_sh.py'
[1.251s] INFO:colcon.colcon_core.shell:Creating prefix chain script '/home/rishabh/Desktop/MRT/Assignments/Assignment2/ros2_ws/install/setup.sh'
[1.251s] INFO:colcon.colcon_core.shell:Creating prefix script '/home/rishabh/Desktop/MRT/Assignments/Assignment2/ros2_ws/install/local_setup.bash'
[1.252s] INFO:colcon.colcon_core.shell:Creating prefix chain script '/home/rishabh/Desktop/MRT/Assignments/Assignment2/ros2_ws/install/setup.bash'
[1.252s] INFO:colcon.colcon_core.shell:Creating prefix script '/home/rishabh/Desktop/MRT/Assignments/Assignment2/ros2_ws/install/local_setup.zsh'
[1.252s] INFO:colcon.colcon_core.shell:Creating prefix chain script '/home/rishabh/Desktop/MRT/Assignments/Assignment2/ros2_ws/install/setup.zsh'
