[0.771s] Invoking command in '/home/rishabh/Desktop/MRT/Assignments/Assignment2/ros2_ws/build/rover_collection': PYTHONPATH=/home/rishabh/Desktop/MRT/Assignments/Assignment2/ros2_ws/build/rover_collection/prefix_override:/usr/lib/python3/dist-packages/colcon_core/task/python/colcon_distutils_commands:/home/rishabh/Desktop/MRT/Assignments/Assignment2/ros2_ws/install/rover_collection/lib/python3.10/site-packages:${PYTHONPATH} /usr/bin/python3 -W ignore:setup.py install is deprecated setup.py develop --editable --build-directory /home/rishabh/Desktop/MRT/Assignments/Assignment2/ros2_ws/build/rover_collection/build --no-deps symlink_data
[0.922s] running develop
[1.007s] running egg_info
[1.007s] writing rover_collection.egg-info/PKG-INFO
[1.007s] writing dependency_links to rover_collection.egg-info/dependency_links.txt
[1.007s] writing entry points to rover_collection.egg-info/entry_points.txt
[1.007s] writing requirements to rover_collection.egg-info/requires.txt
[1.007s] writing top-level names to rover_collection.egg-info/top_level.txt
[1.008s] reading manifest file 'rover_collection.egg-info/SOURCES.txt'
[1.009s] writing manifest file 'rover_collection.egg-info/SOURCES.txt'
[1.010s] running build_ext
[1.010s] Creating /home/rishabh/Desktop/MRT/Assignments/Assignment2/ros2_ws/install/rover_collection/lib/python3.10/site-packages/rover-collection.egg-link (link to .)
[1.010s] Installing collection_client script to /home/rishabh/Desktop/MRT/Assignments/Assignment2/ros2_ws/install/rover_collection/lib/rover_collection
[1.010s] Installing collection_service script to /home/rishabh/Desktop/MRT/Assignments/Assignment2/ros2_ws/install/rover_collection/lib/rover_collection
[1.010s] Installing rover_collection script to /home/rishabh/Desktop/MRT/Assignments/Assignment2/ros2_ws/install/rover_collection/lib/rover_collection
[1.010s] 
[1.010s] Installed /home/rishabh/Desktop/MRT/Assignments/Assignment2/ros2_ws/build/rover_collection
[1.011s] running symlink_data
[1.011s] error: can't copy '/home/rishabh/Desktop/MRT/Assignments/Assignment2/ros2_ws/build/rover_collection/srv/CollectSample.srv': doesn't exist or not a regular file
[1.032s] Invoked command in '/home/rishabh/Desktop/MRT/Assignments/Assignment2/ros2_ws/build/rover_collection' returned '1': PYTHONPATH=/home/rishabh/Desktop/MRT/Assignments/Assignment2/ros2_ws/build/rover_collection/prefix_override:/usr/lib/python3/dist-packages/colcon_core/task/python/colcon_distutils_commands:/home/rishabh/Desktop/MRT/Assignments/Assignment2/ros2_ws/install/rover_collection/lib/python3.10/site-packages:${PYTHONPATH} /usr/bin/python3 -W ignore:setup.py install is deprecated setup.py develop --editable --build-directory /home/rishabh/Desktop/MRT/Assignments/Assignment2/ros2_ws/build/rover_collection/build --no-deps symlink_data
