[0.563s] Invoking command in '/home/rishabh/Desktop/MRT/Assignments/Assignment2/ros2_ws/build/rover_navigation': PYTHONPATH=/home/rishabh/Desktop/MRT/Assignments/Assignment2/ros2_ws/build/rover_navigation/prefix_override:/usr/lib/python3/dist-packages/colcon_core/task/python/colcon_distutils_commands:/home/rishabh/Desktop/MRT/Assignments/Assignment2/ros2_ws/install/rover_navigation/lib/python3.10/site-packages:${PYTHONPATH} /usr/bin/python3 -W ignore:setup.py install is deprecated setup.py develop --editable --build-directory /home/rishabh/Desktop/MRT/Assignments/Assignment2/ros2_ws/build/rover_navigation/build --no-deps symlink_data
[0.695s] running develop
[0.767s] running egg_info
[0.767s] creating rover_navigation.egg-info
[0.767s] writing rover_navigation.egg-info/PKG-INFO
[0.768s] writing dependency_links to rover_navigation.egg-info/dependency_links.txt
[0.768s] writing entry points to rover_navigation.egg-info/entry_points.txt
[0.768s] writing requirements to rover_navigation.egg-info/requires.txt
[0.768s] writing top-level names to rover_navigation.egg-info/top_level.txt
[0.768s] writing manifest file 'rover_navigation.egg-info/SOURCES.txt'
[0.769s] reading manifest file 'rover_navigation.egg-info/SOURCES.txt'
[0.769s] writing manifest file 'rover_navigation.egg-info/SOURCES.txt'
[0.770s] running build_ext
[0.770s] Creating /home/rishabh/Desktop/MRT/Assignments/Assignment2/ros2_ws/install/rover_navigation/lib/python3.10/site-packages/rover-navigation.egg-link (link to .)
[0.770s] Installing obstacle_avoidance_node script to /home/rishabh/Desktop/MRT/Assignments/Assignment2/ros2_ws/install/rover_navigation/lib/rover_navigation
[0.770s] Installing rover_navigation_node script to /home/rishabh/Desktop/MRT/Assignments/Assignment2/ros2_ws/install/rover_navigation/lib/rover_navigation
[0.770s] 
[0.771s] Installed /home/rishabh/Desktop/MRT/Assignments/Assignment2/ros2_ws/build/rover_navigation
[0.771s] running symlink_data
[0.771s] creating /home/rishabh/Desktop/MRT/Assignments/Assignment2/ros2_ws/install/rover_navigation/share/ament_index
[0.771s] creating /home/rishabh/Desktop/MRT/Assignments/Assignment2/ros2_ws/install/rover_navigation/share/ament_index/resource_index
[0.771s] creating /home/rishabh/Desktop/MRT/Assignments/Assignment2/ros2_ws/install/rover_navigation/share/ament_index/resource_index/packages
[0.771s] symbolically linking /home/rishabh/Desktop/MRT/Assignments/Assignment2/ros2_ws/build/rover_navigation/resource/rover_navigation -> /home/rishabh/Desktop/MRT/Assignments/Assignment2/ros2_ws/install/rover_navigation/share/ament_index/resource_index/packages
[0.771s] symbolically linking /home/rishabh/Desktop/MRT/Assignments/Assignment2/ros2_ws/build/rover_navigation/package.xml -> /home/rishabh/Desktop/MRT/Assignments/Assignment2/ros2_ws/install/rover_navigation/share/rover_navigation
[0.788s] Invoked command in '/home/rishabh/Desktop/MRT/Assignments/Assignment2/ros2_ws/build/rover_navigation' returned '0': PYTHONPATH=/home/rishabh/Desktop/MRT/Assignments/Assignment2/ros2_ws/build/rover_navigation/prefix_override:/usr/lib/python3/dist-packages/colcon_core/task/python/colcon_distutils_commands:/home/rishabh/Desktop/MRT/Assignments/Assignment2/ros2_ws/install/rover_navigation/lib/python3.10/site-packages:${PYTHONPATH} /usr/bin/python3 -W ignore:setup.py install is deprecated setup.py develop --editable --build-directory /home/rishabh/Desktop/MRT/Assignments/Assignment2/ros2_ws/build/rover_navigation/build --no-deps symlink_data
