[0.701s] Invoking command in '/home/rishabh/Desktop/MRT/Assignments/Assignment2/ros2_ws/build/rover_status': PYTHONPATH=/home/rishabh/Desktop/MRT/Assignments/Assignment2/ros2_ws/build/rover_status/prefix_override:/usr/lib/python3/dist-packages/colcon_core/task/python/colcon_distutils_commands:/home/rishabh/Desktop/MRT/Assignments/Assignment2/ros2_ws/install/rover_status/lib/python3.10/site-packages:${PYTHONPATH} /usr/bin/python3 -W ignore:setup.py install is deprecated setup.py develop --editable --build-directory /home/rishabh/Desktop/MRT/Assignments/Assignment2/ros2_ws/build/rover_status/build --no-deps symlink_data
[0.840s] running develop
[0.913s] running egg_info
[0.913s] writing rover_status.egg-info/PKG-INFO
[0.913s] writing dependency_links to rover_status.egg-info/dependency_links.txt
[0.913s] writing entry points to rover_status.egg-info/entry_points.txt
[0.913s] writing requirements to rover_status.egg-info/requires.txt
[0.913s] writing top-level names to rover_status.egg-info/top_level.txt
[0.914s] reading manifest file 'rover_status.egg-info/SOURCES.txt'
[0.915s] writing manifest file 'rover_status.egg-info/SOURCES.txt'
[0.915s] running build_ext
[0.915s] Creating /home/rishabh/Desktop/MRT/Assignments/Assignment2/ros2_ws/install/rover_status/lib/python3.10/site-packages/rover-status.egg-link (link to .)
[0.916s] Installing battery_temp_publisher script to /home/rishabh/Desktop/MRT/Assignments/Assignment2/ros2_ws/install/rover_status/lib/rover_status
[0.916s] Installing health_status_publisher script to /home/rishabh/Desktop/MRT/Assignments/Assignment2/ros2_ws/install/rover_status/lib/rover_status
[0.916s] Installing rover_status_subscriber script to /home/rishabh/Desktop/MRT/Assignments/Assignment2/ros2_ws/install/rover_status/lib/rover_status
[0.916s] 
[0.916s] Installed /home/rishabh/Desktop/MRT/Assignments/Assignment2/ros2_ws/build/rover_status
[0.916s] running symlink_data
[0.916s] creating /home/rishabh/Desktop/MRT/Assignments/Assignment2/ros2_ws/install/rover_status/share/rover_status/launch
[0.917s] symbolically linking /home/rishabh/Desktop/MRT/Assignments/Assignment2/ros2_ws/build/rover_status/launch/rover_status_launch.py -> /home/rishabh/Desktop/MRT/Assignments/Assignment2/ros2_ws/install/rover_status/share/rover_status/launch
[0.944s] Invoked command in '/home/rishabh/Desktop/MRT/Assignments/Assignment2/ros2_ws/build/rover_status' returned '0': PYTHONPATH=/home/rishabh/Desktop/MRT/Assignments/Assignment2/ros2_ws/build/rover_status/prefix_override:/usr/lib/python3/dist-packages/colcon_core/task/python/colcon_distutils_commands:/home/rishabh/Desktop/MRT/Assignments/Assignment2/ros2_ws/install/rover_status/lib/python3.10/site-packages:${PYTHONPATH} /usr/bin/python3 -W ignore:setup.py install is deprecated setup.py develop --editable --build-directory /home/rishabh/Desktop/MRT/Assignments/Assignment2/ros2_ws/build/rover_status/build --no-deps symlink_data
