running develop
running egg_info
creating rover_collection.egg-info
writing rover_collection.egg-info/PKG-INFO
writing dependency_links to rover_collection.egg-info/dependency_links.txt
writing entry points to rover_collection.egg-info/entry_points.txt
writing requirements to rover_collection.egg-info/requires.txt
writing top-level names to rover_collection.egg-info/top_level.txt
writing manifest file 'rover_collection.egg-info/SOURCES.txt'
reading manifest file 'rover_collection.egg-info/SOURCES.txt'
writing manifest file 'rover_collection.egg-info/SOURCES.txt'
running build_ext
Creating /home/rishabh/Desktop/MRT/Assignments/Assignment2/ros2_ws/install/rover_collection/lib/python3.10/site-packages/rover-collection.egg-link (link to .)
Installing collection_client script to /home/rishabh/Desktop/MRT/Assignments/Assignment2/ros2_ws/install/rover_collection/lib/rover_collection
Installing collection_service script to /home/rishabh/Desktop/MRT/Assignments/Assignment2/ros2_ws/install/rover_collection/lib/rover_collection
Installing rover_collection script to /home/rishabh/Desktop/MRT/Assignments/Assignment2/ros2_ws/install/rover_collection/lib/rover_collection

Installed /home/rishabh/Desktop/MRT/Assignments/Assignment2/ros2_ws/build/rover_collection
running symlink_data
creating /home/rishabh/Desktop/MRT/Assignments/Assignment2/ros2_ws/install/rover_collection/share/ament_index
creating /home/rishabh/Desktop/MRT/Assignments/Assignment2/ros2_ws/install/rover_collection/share/ament_index/resource_index
creating /home/rishabh/Desktop/MRT/Assignments/Assignment2/ros2_ws/install/rover_collection/share/ament_index/resource_index/packages
symbolically linking /home/rishabh/Desktop/MRT/Assignments/Assignment2/ros2_ws/build/rover_collection/resource/rover_collection -> /home/rishabh/Desktop/MRT/Assignments/Assignment2/ros2_ws/install/rover_collection/share/ament_index/resource_index/packages
symbolically linking /home/rishabh/Desktop/MRT/Assignments/Assignment2/ros2_ws/build/rover_collection/package.xml -> /home/rishabh/Desktop/MRT/Assignments/Assignment2/ros2_ws/install/rover_collection/share/rover_collection
creating /home/rishabh/Desktop/MRT/Assignments/Assignment2/ros2_ws/install/rover_collection/share/rover_collection/srv
symbolically linking /home/rishabh/Desktop/MRT/Assignments/Assignment2/ros2_ws/build/rover_collection/srv/CollectSample.srv -> /home/rishabh/Desktop/MRT/Assignments/Assignment2/ros2_ws/install/rover_collection/share/rover_collection/srv
