[0.731s] Invoking command in '/home/rishabh/Desktop/MRT/Assignments/Assignment2/ros2_ws/build/rover_collection': PYTHONPATH=/home/rishabh/Desktop/MRT/Assignments/Assignment2/ros2_ws/build/rover_collection/prefix_override:/usr/lib/python3/dist-packages/colcon_core/task/python/colcon_distutils_commands:/home/rishabh/Desktop/MRT/Assignments/Assignment2/ros2_ws/install/rover_collection/lib/python3.10/site-packages:${PYTHONPATH} /usr/bin/python3 -W ignore:setup.py install is deprecated setup.py develop --editable --build-directory /home/rishabh/Desktop/MRT/Assignments/Assignment2/ros2_ws/build/rover_collection/build --no-deps symlink_data
[0.879s] running develop
[0.956s] running egg_info
[0.956s] creating rover_collection.egg-info
[0.957s] writing rover_collection.egg-info/PKG-INFO
[0.957s] writing dependency_links to rover_collection.egg-info/dependency_links.txt
[0.957s] writing entry points to rover_collection.egg-info/entry_points.txt
[0.957s] writing requirements to rover_collection.egg-info/requires.txt
[0.957s] writing top-level names to rover_collection.egg-info/top_level.txt
[0.957s] writing manifest file 'rover_collection.egg-info/SOURCES.txt'
[0.958s] reading manifest file 'rover_collection.egg-info/SOURCES.txt'
[0.958s] writing manifest file 'rover_collection.egg-info/SOURCES.txt'
[0.959s] running build_ext
[0.959s] Creating /home/rishabh/Desktop/MRT/Assignments/Assignment2/ros2_ws/install/rover_collection/lib/python3.10/site-packages/rover-collection.egg-link (link to .)
[0.959s] Installing collection_client script to /home/rishabh/Desktop/MRT/Assignments/Assignment2/ros2_ws/install/rover_collection/lib/rover_collection
[0.959s] Installing collection_service script to /home/rishabh/Desktop/MRT/Assignments/Assignment2/ros2_ws/install/rover_collection/lib/rover_collection
[0.959s] Installing rover_collection script to /home/rishabh/Desktop/MRT/Assignments/Assignment2/ros2_ws/install/rover_collection/lib/rover_collection
[0.960s] 
[0.960s] Installed /home/rishabh/Desktop/MRT/Assignments/Assignment2/ros2_ws/build/rover_collection
[0.960s] running symlink_data
[0.960s] creating /home/rishabh/Desktop/MRT/Assignments/Assignment2/ros2_ws/install/rover_collection/share/ament_index
[0.960s] creating /home/rishabh/Desktop/MRT/Assignments/Assignment2/ros2_ws/install/rover_collection/share/ament_index/resource_index
[0.960s] creating /home/rishabh/Desktop/MRT/Assignments/Assignment2/ros2_ws/install/rover_collection/share/ament_index/resource_index/packages
[0.960s] symbolically linking /home/rishabh/Desktop/MRT/Assignments/Assignment2/ros2_ws/build/rover_collection/resource/rover_collection -> /home/rishabh/Desktop/MRT/Assignments/Assignment2/ros2_ws/install/rover_collection/share/ament_index/resource_index/packages
[0.960s] symbolically linking /home/rishabh/Desktop/MRT/Assignments/Assignment2/ros2_ws/build/rover_collection/package.xml -> /home/rishabh/Desktop/MRT/Assignments/Assignment2/ros2_ws/install/rover_collection/share/rover_collection
[0.960s] creating /home/rishabh/Desktop/MRT/Assignments/Assignment2/ros2_ws/install/rover_collection/share/rover_collection/srv
[0.960s] symbolically linking /home/rishabh/Desktop/MRT/Assignments/Assignment2/ros2_ws/build/rover_collection/srv/CollectSample.srv -> /home/rishabh/Desktop/MRT/Assignments/Assignment2/ros2_ws/install/rover_collection/share/rover_collection/srv
[0.993s] Invoked command in '/home/rishabh/Desktop/MRT/Assignments/Assignment2/ros2_ws/build/rover_collection' returned '0': PYTHONPATH=/home/rishabh/Desktop/MRT/Assignments/Assignment2/ros2_ws/build/rover_collection/prefix_override:/usr/lib/python3/dist-packages/colcon_core/task/python/colcon_distutils_commands:/home/rishabh/Desktop/MRT/Assignments/Assignment2/ros2_ws/install/rover_collection/lib/python3.10/site-packages:${PYTHONPATH} /usr/bin/python3 -W ignore:setup.py install is deprecated setup.py develop --editable --build-directory /home/rishabh/Desktop/MRT/Assignments/Assignment2/ros2_ws/build/rover_collection/build --no-deps symlink_data
