[0.068s] DEBUG:colcon:Command line arguments: ['/usr/bin/colcon', 'build', '--symlink-install']
[0.068s] DEBUG:colcon:Parsed command line arguments: Namespace(log_base=None, log_level=None, verb_name='build', build_base='build', install_base='install', merge_install=False, symlink_install=True, test_result_base=None, continue_on_error=False, executor='parallel', parallel_workers=20, event_handlers=None, ignore_user_meta=False, metas=['./colcon.meta'], base_paths=['.'], packages_ignore=None, packages_ignore_regex=None, paths=None, packages_up_to=None, packages_up_to_regex=None, packages_above=None, packages_above_and_dependencies=None, packages_above_depth=None, packages_select_by_dep=None, packages_skip_by_dep=None, packages_skip_up_to=None, packages_select_build_failed=False, packages_skip_build_finished=False, packages_select_test_failures=False, packages_skip_test_passed=False, packages_select=None, packages_skip=None, packages_select_regex=None, packages_skip_regex=None, packages_start=None, packages_end=None, allow_overriding=[], cmake_args=None, cmake_target=None, cmake_target_skip_unavailable=False, cmake_clean_cache=False, cmake_clean_first=False, cmake_force_configure=False, ament_cmake_args=None, catkin_cmake_args=None, catkin_skip_building_tests=False, mixin_files=None, mixin=None, verb_parser=<colcon_mixin.mixin.mixin_argument.MixinArgumentDecorator object at 0x7b40b6f2ee60>, verb_extension=<colcon_core.verb.build.BuildVerb object at 0x7b40b7023520>, main=<bound method BuildVerb.main of <colcon_core.verb.build.BuildVerb object at 0x7b40b7023520>>, mixin_verb=('build',))
[0.178s] Level 1:colcon.colcon_core.package_discovery:discover_packages(colcon_meta) check parameters
[0.178s] Level 1:colcon.colcon_core.package_discovery:discover_packages(recursive) check parameters
[0.178s] Level 1:colcon.colcon_core.package_discovery:discover_packages(ignore) check parameters
[0.178s] Level 1:colcon.colcon_core.package_discovery:discover_packages(path) check parameters
[0.178s] Level 1:colcon.colcon_core.package_discovery:discover_packages(colcon_meta) discover
[0.178s] Level 1:colcon.colcon_core.package_discovery:discover_packages(recursive) discover
[0.178s] INFO:colcon.colcon_core.package_discovery:Crawling recursively for packages in '/home/rishabh/Desktop/MRT/Assignments/Assignment2/ros2_ws'
[0.178s] Level 1:colcon.colcon_core.package_identification:_identify(.) by extensions ['ignore', 'ignore_ament_install']
[0.178s] Level 1:colcon.colcon_core.package_identification:_identify(.) by extension 'ignore'
[0.178s] Level 1:colcon.colcon_core.package_identification:_identify(.) by extension 'ignore_ament_install'
[0.179s] Level 1:colcon.colcon_core.package_identification:_identify(.) by extensions ['colcon_pkg']
[0.179s] Level 1:colcon.colcon_core.package_identification:_identify(.) by extension 'colcon_pkg'
[0.179s] Level 1:colcon.colcon_core.package_identification:_identify(.) by extensions ['colcon_meta']
[0.179s] Level 1:colcon.colcon_core.package_identification:_identify(.) by extension 'colcon_meta'
[0.179s] Level 1:colcon.colcon_core.package_identification:_identify(.) by extensions ['ros']
[0.179s] Level 1:colcon.colcon_core.package_identification:_identify(.) by extension 'ros'
[0.186s] Level 1:colcon.colcon_core.package_identification:_identify(.) by extensions ['cmake', 'python']
[0.186s] Level 1:colcon.colcon_core.package_identification:_identify(.) by extension 'cmake'
[0.186s] Level 1:colcon.colcon_core.package_identification:_identify(.) by extension 'python'
[0.186s] Level 1:colcon.colcon_core.package_identification:_identify(.) by extensions ['python_setup_py']
[0.186s] Level 1:colcon.colcon_core.package_identification:_identify(.) by extension 'python_setup_py'
[0.186s] Level 1:colcon.colcon_core.package_identification:_identify(build) by extensions ['ignore', 'ignore_ament_install']
[0.186s] Level 1:colcon.colcon_core.package_identification:_identify(build) by extension 'ignore'
[0.186s] Level 1:colcon.colcon_core.package_identification:_identify(build) ignored
[0.187s] Level 1:colcon.colcon_core.package_identification:_identify(install) by extensions ['ignore', 'ignore_ament_install']
[0.187s] Level 1:colcon.colcon_core.package_identification:_identify(install) by extension 'ignore'
[0.187s] Level 1:colcon.colcon_core.package_identification:_identify(install) ignored
[0.187s] Level 1:colcon.colcon_core.package_identification:_identify(log) by extensions ['ignore', 'ignore_ament_install']
[0.187s] Level 1:colcon.colcon_core.package_identification:_identify(log) by extension 'ignore'
[0.187s] Level 1:colcon.colcon_core.package_identification:_identify(log) ignored
[0.187s] Level 1:colcon.colcon_core.package_identification:_identify(src) by extensions ['ignore', 'ignore_ament_install']
[0.187s] Level 1:colcon.colcon_core.package_identification:_identify(src) by extension 'ignore'
[0.187s] Level 1:colcon.colcon_core.package_identification:_identify(src) by extension 'ignore_ament_install'
[0.187s] Level 1:colcon.colcon_core.package_identification:_identify(src) by extensions ['colcon_pkg']
[0.187s] Level 1:colcon.colcon_core.package_identification:_identify(src) by extension 'colcon_pkg'
[0.187s] Level 1:colcon.colcon_core.package_identification:_identify(src) by extensions ['colcon_meta']
[0.187s] Level 1:colcon.colcon_core.package_identification:_identify(src) by extension 'colcon_meta'
[0.187s] Level 1:colcon.colcon_core.package_identification:_identify(src) by extensions ['ros']
[0.187s] Level 1:colcon.colcon_core.package_identification:_identify(src) by extension 'ros'
[0.187s] Level 1:colcon.colcon_core.package_identification:_identify(src) by extensions ['cmake', 'python']
[0.187s] Level 1:colcon.colcon_core.package_identification:_identify(src) by extension 'cmake'
[0.187s] Level 1:colcon.colcon_core.package_identification:_identify(src) by extension 'python'
[0.187s] Level 1:colcon.colcon_core.package_identification:_identify(src) by extensions ['python_setup_py']
[0.187s] Level 1:colcon.colcon_core.package_identification:_identify(src) by extension 'python_setup_py'
[0.187s] Level 1:colcon.colcon_core.package_identification:_identify(src/rover_navigation) by extensions ['ignore', 'ignore_ament_install']
[0.187s] Level 1:colcon.colcon_core.package_identification:_identify(src/rover_navigation) by extension 'ignore'
[0.187s] Level 1:colcon.colcon_core.package_identification:_identify(src/rover_navigation) by extension 'ignore_ament_install'
[0.187s] Level 1:colcon.colcon_core.package_identification:_identify(src/rover_navigation) by extensions ['colcon_pkg']
[0.187s] Level 1:colcon.colcon_core.package_identification:_identify(src/rover_navigation) by extension 'colcon_pkg'
[0.187s] Level 1:colcon.colcon_core.package_identification:_identify(src/rover_navigation) by extensions ['colcon_meta']
[0.187s] Level 1:colcon.colcon_core.package_identification:_identify(src/rover_navigation) by extension 'colcon_meta'
[0.187s] Level 1:colcon.colcon_core.package_identification:_identify(src/rover_navigation) by extensions ['ros']
[0.187s] Level 1:colcon.colcon_core.package_identification:_identify(src/rover_navigation) by extension 'ros'
[0.189s] DEBUG:colcon.colcon_core.package_identification:Package 'src/rover_navigation' with type 'ros.ament_python' and name 'rover_navigation'
[0.189s] Level 1:colcon.colcon_core.package_identification:_identify(src/rover_odometry) by extensions ['ignore', 'ignore_ament_install']
[0.189s] Level 1:colcon.colcon_core.package_identification:_identify(src/rover_odometry) by extension 'ignore'
[0.189s] Level 1:colcon.colcon_core.package_identification:_identify(src/rover_odometry) by extension 'ignore_ament_install'
[0.189s] Level 1:colcon.colcon_core.package_identification:_identify(src/rover_odometry) by extensions ['colcon_pkg']
[0.189s] Level 1:colcon.colcon_core.package_identification:_identify(src/rover_odometry) by extension 'colcon_pkg'
[0.189s] Level 1:colcon.colcon_core.package_identification:_identify(src/rover_odometry) by extensions ['colcon_meta']
[0.189s] Level 1:colcon.colcon_core.package_identification:_identify(src/rover_odometry) by extension 'colcon_meta'
[0.189s] Level 1:colcon.colcon_core.package_identification:_identify(src/rover_odometry) by extensions ['ros']
[0.189s] Level 1:colcon.colcon_core.package_identification:_identify(src/rover_odometry) by extension 'ros'
[0.194s] DEBUG:colcon.colcon_core.package_identification:Package 'src/rover_odometry' with type 'ros.ament_python' and name 'rover_odometry'
[0.194s] Level 1:colcon.colcon_core.package_identification:_identify(src/rover_status) by extensions ['ignore', 'ignore_ament_install']
[0.195s] Level 1:colcon.colcon_core.package_identification:_identify(src/rover_status) by extension 'ignore'
[0.195s] Level 1:colcon.colcon_core.package_identification:_identify(src/rover_status) by extension 'ignore_ament_install'
[0.195s] Level 1:colcon.colcon_core.package_identification:_identify(src/rover_status) by extensions ['colcon_pkg']
[0.195s] Level 1:colcon.colcon_core.package_identification:_identify(src/rover_status) by extension 'colcon_pkg'
[0.195s] Level 1:colcon.colcon_core.package_identification:_identify(src/rover_status) by extensions ['colcon_meta']
[0.195s] Level 1:colcon.colcon_core.package_identification:_identify(src/rover_status) by extension 'colcon_meta'
[0.195s] Level 1:colcon.colcon_core.package_identification:_identify(src/rover_status) by extensions ['ros']
[0.195s] Level 1:colcon.colcon_core.package_identification:_identify(src/rover_status) by extension 'ros'
[0.195s] DEBUG:colcon.colcon_core.package_identification:Package 'src/rover_status' with type 'ros.ament_python' and name 'rover_status'
[0.195s] Level 1:colcon.colcon_core.package_discovery:discover_packages(recursive) using defaults
[0.195s] Level 1:colcon.colcon_core.package_discovery:discover_packages(ignore) discover
[0.195s] Level 1:colcon.colcon_core.package_discovery:discover_packages(ignore) using defaults
[0.195s] Level 1:colcon.colcon_core.package_discovery:discover_packages(path) discover
[0.195s] Level 1:colcon.colcon_core.package_discovery:discover_packages(path) using defaults
[0.208s] Level 1:colcon.colcon_core.package_discovery:discover_packages(prefix_path) check parameters
[0.208s] Level 1:colcon.colcon_core.package_discovery:discover_packages(prefix_path) discover
[0.209s] DEBUG:colcon.colcon_installed_package_information.package_discovery:Found 4 installed packages in /home/rishabh/Desktop/MRT/Assignments/Assignment2/ros2_ws/install
[0.210s] DEBUG:colcon.colcon_installed_package_information.package_discovery:Found 293 installed packages in /opt/ros/humble
[0.211s] Level 1:colcon.colcon_core.package_discovery:discover_packages(prefix_path) using defaults
[0.234s] Level 5:colcon.colcon_core.verb:set package 'rover_navigation' build argument 'cmake_args' from command line to 'None'
[0.234s] Level 5:colcon.colcon_core.verb:set package 'rover_navigation' build argument 'cmake_target' from command line to 'None'
[0.234s] Level 5:colcon.colcon_core.verb:set package 'rover_navigation' build argument 'cmake_target_skip_unavailable' from command line to 'False'
[0.234s] Level 5:colcon.colcon_core.verb:set package 'rover_navigation' build argument 'cmake_clean_cache' from command line to 'False'
[0.234s] Level 5:colcon.colcon_core.verb:set package 'rover_navigation' build argument 'cmake_clean_first' from command line to 'False'
[0.234s] Level 5:colcon.colcon_core.verb:set package 'rover_navigation' build argument 'cmake_force_configure' from command line to 'False'
[0.234s] Level 5:colcon.colcon_core.verb:set package 'rover_navigation' build argument 'ament_cmake_args' from command line to 'None'
[0.234s] Level 5:colcon.colcon_core.verb:set package 'rover_navigation' build argument 'catkin_cmake_args' from command line to 'None'
[0.234s] Level 5:colcon.colcon_core.verb:set package 'rover_navigation' build argument 'catkin_skip_building_tests' from command line to 'False'
[0.234s] DEBUG:colcon.colcon_core.verb:Building package 'rover_navigation' with the following arguments: {'ament_cmake_args': None, 'build_base': '/home/rishabh/Desktop/MRT/Assignments/Assignment2/ros2_ws/build/rover_navigation', 'catkin_cmake_args': None, 'catkin_skip_building_tests': False, 'cmake_args': None, 'cmake_clean_cache': False, 'cmake_clean_first': False, 'cmake_force_configure': False, 'cmake_target': None, 'cmake_target_skip_unavailable': False, 'install_base': '/home/rishabh/Desktop/MRT/Assignments/Assignment2/ros2_ws/install/rover_navigation', 'merge_install': False, 'path': '/home/rishabh/Desktop/MRT/Assignments/Assignment2/ros2_ws/src/rover_navigation', 'symlink_install': True, 'test_result_base': None}
[0.234s] Level 5:colcon.colcon_core.verb:set package 'rover_odometry' build argument 'cmake_args' from command line to 'None'
[0.234s] Level 5:colcon.colcon_core.verb:set package 'rover_odometry' build argument 'cmake_target' from command line to 'None'
[0.234s] Level 5:colcon.colcon_core.verb:set package 'rover_odometry' build argument 'cmake_target_skip_unavailable' from command line to 'False'
[0.234s] Level 5:colcon.colcon_core.verb:set package 'rover_odometry' build argument 'cmake_clean_cache' from command line to 'False'
[0.234s] Level 5:colcon.colcon_core.verb:set package 'rover_odometry' build argument 'cmake_clean_first' from command line to 'False'
[0.234s] Level 5:colcon.colcon_core.verb:set package 'rover_odometry' build argument 'cmake_force_configure' from command line to 'False'
[0.234s] Level 5:colcon.colcon_core.verb:set package 'rover_odometry' build argument 'ament_cmake_args' from command line to 'None'
[0.234s] Level 5:colcon.colcon_core.verb:set package 'rover_odometry' build argument 'catkin_cmake_args' from command line to 'None'
[0.234s] Level 5:colcon.colcon_core.verb:set package 'rover_odometry' build argument 'catkin_skip_building_tests' from command line to 'False'
[0.234s] DEBUG:colcon.colcon_core.verb:Building package 'rover_odometry' with the following arguments: {'ament_cmake_args': None, 'build_base': '/home/rishabh/Desktop/MRT/Assignments/Assignment2/ros2_ws/build/rover_odometry', 'catkin_cmake_args': None, 'catkin_skip_building_tests': False, 'cmake_args': None, 'cmake_clean_cache': False, 'cmake_clean_first': False, 'cmake_force_configure': False, 'cmake_target': None, 'cmake_target_skip_unavailable': False, 'install_base': '/home/rishabh/Desktop/MRT/Assignments/Assignment2/ros2_ws/install/rover_odometry', 'merge_install': False, 'path': '/home/rishabh/Desktop/MRT/Assignments/Assignment2/ros2_ws/src/rover_odometry', 'symlink_install': True, 'test_result_base': None}
[0.234s] Level 5:colcon.colcon_core.verb:set package 'rover_status' build argument 'cmake_args' from command line to 'None'
[0.234s] Level 5:colcon.colcon_core.verb:set package 'rover_status' build argument 'cmake_target' from command line to 'None'
[0.234s] Level 5:colcon.colcon_core.verb:set package 'rover_status' build argument 'cmake_target_skip_unavailable' from command line to 'False'
[0.234s] Level 5:colcon.colcon_core.verb:set package 'rover_status' build argument 'cmake_clean_cache' from command line to 'False'
[0.234s] Level 5:colcon.colcon_core.verb:set package 'rover_status' build argument 'cmake_clean_first' from command line to 'False'
[0.234s] Level 5:colcon.colcon_core.verb:set package 'rover_status' build argument 'cmake_force_configure' from command line to 'False'
[0.234s] Level 5:colcon.colcon_core.verb:set package 'rover_status' build argument 'ament_cmake_args' from command line to 'None'
[0.234s] Level 5:colcon.colcon_core.verb:set package 'rover_status' build argument 'catkin_cmake_args' from command line to 'None'
[0.234s] Level 5:colcon.colcon_core.verb:set package 'rover_status' build argument 'catkin_skip_building_tests' from command line to 'False'
[0.234s] DEBUG:colcon.colcon_core.verb:Building package 'rover_status' with the following arguments: {'ament_cmake_args': None, 'build_base': '/home/rishabh/Desktop/MRT/Assignments/Assignment2/ros2_ws/build/rover_status', 'catkin_cmake_args': None, 'catkin_skip_building_tests': False, 'cmake_args': None, 'cmake_clean_cache': False, 'cmake_clean_first': False, 'cmake_force_configure': False, 'cmake_target': None, 'cmake_target_skip_unavailable': False, 'install_base': '/home/rishabh/Desktop/MRT/Assignments/Assignment2/ros2_ws/install/rover_status', 'merge_install': False, 'path': '/home/rishabh/Desktop/MRT/Assignments/Assignment2/ros2_ws/src/rover_status', 'symlink_install': True, 'test_result_base': None}
[0.235s] INFO:colcon.colcon_core.executor:Executing jobs using 'parallel' executor
[0.236s] DEBUG:colcon.colcon_parallel_executor.executor.parallel:run_until_complete
[0.236s] INFO:colcon.colcon_ros.task.ament_python.build:Building ROS package in '/home/rishabh/Desktop/MRT/Assignments/Assignment2/ros2_ws/src/rover_navigation' with build type 'ament_python'
[0.236s] Level 1:colcon.colcon_core.shell:create_environment_hook('rover_navigation', 'ament_prefix_path')
[0.237s] INFO:colcon.colcon_core.plugin_system:Skipping extension 'colcon_core.shell.bat': Not used on non-Windows systems
[0.237s] INFO:colcon.colcon_core.shell:Creating environment hook '/home/rishabh/Desktop/MRT/Assignments/Assignment2/ros2_ws/install/rover_navigation/share/rover_navigation/hook/ament_prefix_path.ps1'
[0.238s] INFO:colcon.colcon_core.shell:Creating environment descriptor '/home/rishabh/Desktop/MRT/Assignments/Assignment2/ros2_ws/install/rover_navigation/share/rover_navigation/hook/ament_prefix_path.dsv'
[0.238s] INFO:colcon.colcon_core.shell:Creating environment hook '/home/rishabh/Desktop/MRT/Assignments/Assignment2/ros2_ws/install/rover_navigation/share/rover_navigation/hook/ament_prefix_path.sh'
[0.239s] INFO:colcon.colcon_core.shell:Skip shell extension 'powershell' for command environment: Not usable outside of PowerShell
[0.239s] DEBUG:colcon.colcon_core.shell:Skip shell extension 'dsv' for command environment
[0.241s] INFO:colcon.colcon_ros.task.ament_python.build:Building ROS package in '/home/rishabh/Desktop/MRT/Assignments/Assignment2/ros2_ws/src/rover_odometry' with build type 'ament_python'
[0.241s] Level 1:colcon.colcon_core.shell:create_environment_hook('rover_odometry', 'ament_prefix_path')
[0.241s] INFO:colcon.colcon_core.shell:Creating environment hook '/home/rishabh/Desktop/MRT/Assignments/Assignment2/ros2_ws/install/rover_odometry/share/rover_odometry/hook/ament_prefix_path.ps1'
[0.241s] INFO:colcon.colcon_core.shell:Creating environment descriptor '/home/rishabh/Desktop/MRT/Assignments/Assignment2/ros2_ws/install/rover_odometry/share/rover_odometry/hook/ament_prefix_path.dsv'
[0.241s] INFO:colcon.colcon_core.shell:Creating environment hook '/home/rishabh/Desktop/MRT/Assignments/Assignment2/ros2_ws/install/rover_odometry/share/rover_odometry/hook/ament_prefix_path.sh'
[0.242s] INFO:colcon.colcon_core.shell:Skip shell extension 'powershell' for command environment: Not usable outside of PowerShell
[0.242s] DEBUG:colcon.colcon_core.shell:Skip shell extension 'dsv' for command environment
[0.243s] INFO:colcon.colcon_ros.task.ament_python.build:Building ROS package in '/home/rishabh/Desktop/MRT/Assignments/Assignment2/ros2_ws/src/rover_status' with build type 'ament_python'
[0.243s] Level 1:colcon.colcon_core.shell:create_environment_hook('rover_status', 'ament_prefix_path')
[0.244s] INFO:colcon.colcon_core.shell:Creating environment hook '/home/rishabh/Desktop/MRT/Assignments/Assignment2/ros2_ws/install/rover_status/share/rover_status/hook/ament_prefix_path.ps1'
[0.244s] INFO:colcon.colcon_core.shell:Creating environment descriptor '/home/rishabh/Desktop/MRT/Assignments/Assignment2/ros2_ws/install/rover_status/share/rover_status/hook/ament_prefix_path.dsv'
[0.244s] INFO:colcon.colcon_core.shell:Creating environment hook '/home/rishabh/Desktop/MRT/Assignments/Assignment2/ros2_ws/install/rover_status/share/rover_status/hook/ament_prefix_path.sh'
[0.244s] INFO:colcon.colcon_core.shell:Skip shell extension 'powershell' for command environment: Not usable outside of PowerShell
[0.244s] DEBUG:colcon.colcon_core.shell:Skip shell extension 'dsv' for command environment
[0.412s] INFO:colcon.colcon_core.task.python.build:Building Python package in '/home/rishabh/Desktop/MRT/Assignments/Assignment2/ros2_ws/src/rover_navigation'
[0.413s] INFO:colcon.colcon_core.shell:Skip shell extension 'powershell' for command environment: Not usable outside of PowerShell
[0.413s] DEBUG:colcon.colcon_core.shell:Skip shell extension 'dsv' for command environment
[0.583s] INFO:colcon.colcon_core.task.python.build:Building Python package in '/home/rishabh/Desktop/MRT/Assignments/Assignment2/ros2_ws/src/rover_odometry'
[0.584s] INFO:colcon.colcon_core.shell:Skip shell extension 'powershell' for command environment: Not usable outside of PowerShell
[0.584s] DEBUG:colcon.colcon_core.shell:Skip shell extension 'dsv' for command environment
[0.755s] INFO:colcon.colcon_core.task.python.build:Building Python package in '/home/rishabh/Desktop/MRT/Assignments/Assignment2/ros2_ws/src/rover_status'
[0.755s] INFO:colcon.colcon_core.shell:Skip shell extension 'powershell' for command environment: Not usable outside of PowerShell
[0.755s] DEBUG:colcon.colcon_core.shell:Skip shell extension 'dsv' for command environment
[0.980s] DEBUG:colcon.colcon_core.event_handler.log_command:Invoking command in '/home/rishabh/Desktop/MRT/Assignments/Assignment2/ros2_ws/build/rover_odometry': PYTHONPATH=/home/rishabh/Desktop/MRT/Assignments/Assignment2/ros2_ws/build/rover_odometry/prefix_override:/usr/lib/python3/dist-packages/colcon_core/task/python/colcon_distutils_commands:/home/rishabh/Desktop/MRT/Assignments/Assignment2/ros2_ws/install/rover_odometry/lib/python3.10/site-packages:${PYTHONPATH} /usr/bin/python3 -W ignore:setup.py install is deprecated setup.py develop --editable --build-directory /home/rishabh/Desktop/MRT/Assignments/Assignment2/ros2_ws/build/rover_odometry/build --no-deps symlink_data
[0.981s] DEBUG:colcon.colcon_core.event_handler.log_command:Invoking command in '/home/rishabh/Desktop/MRT/Assignments/Assignment2/ros2_ws/build/rover_status': PYTHONPATH=/home/rishabh/Desktop/MRT/Assignments/Assignment2/ros2_ws/build/rover_status/prefix_override:/usr/lib/python3/dist-packages/colcon_core/task/python/colcon_distutils_commands:/home/rishabh/Desktop/MRT/Assignments/Assignment2/ros2_ws/install/rover_status/lib/python3.10/site-packages:${PYTHONPATH} /usr/bin/python3 -W ignore:setup.py install is deprecated setup.py develop --editable --build-directory /home/rishabh/Desktop/MRT/Assignments/Assignment2/ros2_ws/build/rover_status/build --no-deps symlink_data
[0.982s] DEBUG:colcon.colcon_core.event_handler.log_command:Invoking command in '/home/rishabh/Desktop/MRT/Assignments/Assignment2/ros2_ws/build/rover_navigation': PYTHONPATH=/home/rishabh/Desktop/MRT/Assignments/Assignment2/ros2_ws/build/rover_navigation/prefix_override:/usr/lib/python3/dist-packages/colcon_core/task/python/colcon_distutils_commands:/home/rishabh/Desktop/MRT/Assignments/Assignment2/ros2_ws/install/rover_navigation/lib/python3.10/site-packages:${PYTHONPATH} /usr/bin/python3 -W ignore:setup.py install is deprecated setup.py develop --editable --build-directory /home/rishabh/Desktop/MRT/Assignments/Assignment2/ros2_ws/build/rover_navigation/build --no-deps symlink_data
[1.266s] Level 1:colcon.colcon_core.shell:create_environment_hook('rover_status', 'pythonpath_develop')
[1.267s] INFO:colcon.colcon_core.shell:Creating environment hook '/home/rishabh/Desktop/MRT/Assignments/Assignment2/ros2_ws/build/rover_status/share/rover_status/hook/pythonpath_develop.ps1'
[1.268s] DEBUG:colcon.colcon_core.event_handler.log_command:Invoked command in '/home/rishabh/Desktop/MRT/Assignments/Assignment2/ros2_ws/build/rover_status' returned '0': PYTHONPATH=/home/rishabh/Desktop/MRT/Assignments/Assignment2/ros2_ws/build/rover_status/prefix_override:/usr/lib/python3/dist-packages/colcon_core/task/python/colcon_distutils_commands:/home/rishabh/Desktop/MRT/Assignments/Assignment2/ros2_ws/install/rover_status/lib/python3.10/site-packages:${PYTHONPATH} /usr/bin/python3 -W ignore:setup.py install is deprecated setup.py develop --editable --build-directory /home/rishabh/Desktop/MRT/Assignments/Assignment2/ros2_ws/build/rover_status/build --no-deps symlink_data
[1.268s] INFO:colcon.colcon_core.shell:Creating environment descriptor '/home/rishabh/Desktop/MRT/Assignments/Assignment2/ros2_ws/build/rover_status/share/rover_status/hook/pythonpath_develop.dsv'
[1.268s] INFO:colcon.colcon_core.shell:Creating environment hook '/home/rishabh/Desktop/MRT/Assignments/Assignment2/ros2_ws/build/rover_status/share/rover_status/hook/pythonpath_develop.sh'
[1.270s] Level 1:colcon.colcon_core.environment:checking '/home/rishabh/Desktop/MRT/Assignments/Assignment2/ros2_ws/install/rover_status' for CMake module files
[1.270s] Level 1:colcon.colcon_core.environment:checking '/home/rishabh/Desktop/MRT/Assignments/Assignment2/ros2_ws/install/rover_status' for CMake config files
[1.271s] Level 1:colcon.colcon_core.environment:checking '/home/rishabh/Desktop/MRT/Assignments/Assignment2/ros2_ws/install/rover_status/lib'
[1.271s] Level 1:colcon.colcon_core.environment:checking '/home/rishabh/Desktop/MRT/Assignments/Assignment2/ros2_ws/install/rover_status/bin'
[1.271s] Level 1:colcon.colcon_core.environment:checking '/home/rishabh/Desktop/MRT/Assignments/Assignment2/ros2_ws/install/rover_status/lib/pkgconfig/rover_status.pc'
[1.271s] Level 1:colcon.colcon_core.environment:checking '/home/rishabh/Desktop/MRT/Assignments/Assignment2/ros2_ws/install/rover_status/lib/python3.10/site-packages'
[1.271s] Level 1:colcon.colcon_core.shell:create_environment_hook('rover_status', 'pythonpath')
[1.271s] INFO:colcon.colcon_core.shell:Creating environment hook '/home/rishabh/Desktop/MRT/Assignments/Assignment2/ros2_ws/install/rover_status/share/rover_status/hook/pythonpath.ps1'
[1.272s] INFO:colcon.colcon_core.shell:Creating environment descriptor '/home/rishabh/Desktop/MRT/Assignments/Assignment2/ros2_ws/install/rover_status/share/rover_status/hook/pythonpath.dsv'
[1.272s] INFO:colcon.colcon_core.shell:Creating environment hook '/home/rishabh/Desktop/MRT/Assignments/Assignment2/ros2_ws/install/rover_status/share/rover_status/hook/pythonpath.sh'
[1.272s] Level 1:colcon.colcon_core.environment:checking '/home/rishabh/Desktop/MRT/Assignments/Assignment2/ros2_ws/install/rover_status/bin'
[1.272s] Level 1:colcon.colcon_core.environment:create_environment_scripts_only(rover_status)
[1.272s] INFO:colcon.colcon_core.shell:Creating package script '/home/rishabh/Desktop/MRT/Assignments/Assignment2/ros2_ws/install/rover_status/share/rover_status/package.ps1'
[1.273s] INFO:colcon.colcon_core.shell:Creating package descriptor '/home/rishabh/Desktop/MRT/Assignments/Assignment2/ros2_ws/install/rover_status/share/rover_status/package.dsv'
[1.273s] INFO:colcon.colcon_core.shell:Creating package script '/home/rishabh/Desktop/MRT/Assignments/Assignment2/ros2_ws/install/rover_status/share/rover_status/package.sh'
[1.274s] INFO:colcon.colcon_core.shell:Creating package script '/home/rishabh/Desktop/MRT/Assignments/Assignment2/ros2_ws/install/rover_status/share/rover_status/package.bash'
[1.274s] INFO:colcon.colcon_core.shell:Creating package script '/home/rishabh/Desktop/MRT/Assignments/Assignment2/ros2_ws/install/rover_status/share/rover_status/package.zsh'
[1.275s] Level 1:colcon.colcon_core.environment:create_file_with_runtime_dependencies(/home/rishabh/Desktop/MRT/Assignments/Assignment2/ros2_ws/install/rover_status/share/colcon-core/packages/rover_status)
[1.275s] Level 1:colcon.colcon_core.shell:create_environment_hook('rover_odometry', 'pythonpath_develop')
[1.275s] INFO:colcon.colcon_core.shell:Creating environment hook '/home/rishabh/Desktop/MRT/Assignments/Assignment2/ros2_ws/build/rover_odometry/share/rover_odometry/hook/pythonpath_develop.ps1'
[1.275s] INFO:colcon.colcon_core.shell:Creating environment descriptor '/home/rishabh/Desktop/MRT/Assignments/Assignment2/ros2_ws/build/rover_odometry/share/rover_odometry/hook/pythonpath_develop.dsv'
[1.276s] DEBUG:colcon.colcon_core.event_handler.log_command:Invoked command in '/home/rishabh/Desktop/MRT/Assignments/Assignment2/ros2_ws/build/rover_odometry' returned '0': PYTHONPATH=/home/rishabh/Desktop/MRT/Assignments/Assignment2/ros2_ws/build/rover_odometry/prefix_override:/usr/lib/python3/dist-packages/colcon_core/task/python/colcon_distutils_commands:/home/rishabh/Desktop/MRT/Assignments/Assignment2/ros2_ws/install/rover_odometry/lib/python3.10/site-packages:${PYTHONPATH} /usr/bin/python3 -W ignore:setup.py install is deprecated setup.py develop --editable --build-directory /home/rishabh/Desktop/MRT/Assignments/Assignment2/ros2_ws/build/rover_odometry/build --no-deps symlink_data
[1.276s] INFO:colcon.colcon_core.shell:Creating environment hook '/home/rishabh/Desktop/MRT/Assignments/Assignment2/ros2_ws/build/rover_odometry/share/rover_odometry/hook/pythonpath_develop.sh'
[1.276s] Level 1:colcon.colcon_core.environment:checking '/home/rishabh/Desktop/MRT/Assignments/Assignment2/ros2_ws/install/rover_odometry' for CMake module files
[1.277s] Level 1:colcon.colcon_core.environment:checking '/home/rishabh/Desktop/MRT/Assignments/Assignment2/ros2_ws/install/rover_odometry' for CMake config files
[1.277s] Level 1:colcon.colcon_core.environment:checking '/home/rishabh/Desktop/MRT/Assignments/Assignment2/ros2_ws/install/rover_odometry/lib'
[1.277s] Level 1:colcon.colcon_core.environment:checking '/home/rishabh/Desktop/MRT/Assignments/Assignment2/ros2_ws/install/rover_odometry/bin'
[1.277s] Level 1:colcon.colcon_core.environment:checking '/home/rishabh/Desktop/MRT/Assignments/Assignment2/ros2_ws/install/rover_odometry/lib/pkgconfig/rover_odometry.pc'
[1.277s] Level 1:colcon.colcon_core.environment:checking '/home/rishabh/Desktop/MRT/Assignments/Assignment2/ros2_ws/install/rover_odometry/lib/python3.10/site-packages'
[1.277s] Level 1:colcon.colcon_core.shell:create_environment_hook('rover_odometry', 'pythonpath')
[1.277s] INFO:colcon.colcon_core.shell:Creating environment hook '/home/rishabh/Desktop/MRT/Assignments/Assignment2/ros2_ws/install/rover_odometry/share/rover_odometry/hook/pythonpath.ps1'
[1.278s] INFO:colcon.colcon_core.shell:Creating environment descriptor '/home/rishabh/Desktop/MRT/Assignments/Assignment2/ros2_ws/install/rover_odometry/share/rover_odometry/hook/pythonpath.dsv'
[1.278s] INFO:colcon.colcon_core.shell:Creating environment hook '/home/rishabh/Desktop/MRT/Assignments/Assignment2/ros2_ws/install/rover_odometry/share/rover_odometry/hook/pythonpath.sh'
[1.278s] Level 1:colcon.colcon_core.environment:checking '/home/rishabh/Desktop/MRT/Assignments/Assignment2/ros2_ws/install/rover_odometry/bin'
[1.279s] Level 1:colcon.colcon_core.environment:create_environment_scripts_only(rover_odometry)
[1.279s] INFO:colcon.colcon_core.shell:Creating package script '/home/rishabh/Desktop/MRT/Assignments/Assignment2/ros2_ws/install/rover_odometry/share/rover_odometry/package.ps1'
[1.280s] INFO:colcon.colcon_core.shell:Creating package descriptor '/home/rishabh/Desktop/MRT/Assignments/Assignment2/ros2_ws/install/rover_odometry/share/rover_odometry/package.dsv'
[1.280s] INFO:colcon.colcon_core.shell:Creating package script '/home/rishabh/Desktop/MRT/Assignments/Assignment2/ros2_ws/install/rover_odometry/share/rover_odometry/package.sh'
[1.280s] INFO:colcon.colcon_core.shell:Creating package script '/home/rishabh/Desktop/MRT/Assignments/Assignment2/ros2_ws/install/rover_odometry/share/rover_odometry/package.bash'
[1.281s] INFO:colcon.colcon_core.shell:Creating package script '/home/rishabh/Desktop/MRT/Assignments/Assignment2/ros2_ws/install/rover_odometry/share/rover_odometry/package.zsh'
[1.281s] Level 1:colcon.colcon_core.environment:create_file_with_runtime_dependencies(/home/rishabh/Desktop/MRT/Assignments/Assignment2/ros2_ws/install/rover_odometry/share/colcon-core/packages/rover_odometry)
[1.281s] Level 1:colcon.colcon_core.shell:create_environment_hook('rover_navigation', 'pythonpath_develop')
[1.281s] INFO:colcon.colcon_core.shell:Creating environment hook '/home/rishabh/Desktop/MRT/Assignments/Assignment2/ros2_ws/build/rover_navigation/share/rover_navigation/hook/pythonpath_develop.ps1'
[1.282s] INFO:colcon.colcon_core.shell:Creating environment descriptor '/home/rishabh/Desktop/MRT/Assignments/Assignment2/ros2_ws/build/rover_navigation/share/rover_navigation/hook/pythonpath_develop.dsv'
[1.282s] DEBUG:colcon.colcon_core.event_handler.log_command:Invoked command in '/home/rishabh/Desktop/MRT/Assignments/Assignment2/ros2_ws/build/rover_navigation' returned '0': PYTHONPATH=/home/rishabh/Desktop/MRT/Assignments/Assignment2/ros2_ws/build/rover_navigation/prefix_override:/usr/lib/python3/dist-packages/colcon_core/task/python/colcon_distutils_commands:/home/rishabh/Desktop/MRT/Assignments/Assignment2/ros2_ws/install/rover_navigation/lib/python3.10/site-packages:${PYTHONPATH} /usr/bin/python3 -W ignore:setup.py install is deprecated setup.py develop --editable --build-directory /home/rishabh/Desktop/MRT/Assignments/Assignment2/ros2_ws/build/rover_navigation/build --no-deps symlink_data
[1.282s] INFO:colcon.colcon_core.shell:Creating environment hook '/home/rishabh/Desktop/MRT/Assignments/Assignment2/ros2_ws/build/rover_navigation/share/rover_navigation/hook/pythonpath_develop.sh'
[1.282s] Level 1:colcon.colcon_core.environment:checking '/home/rishabh/Desktop/MRT/Assignments/Assignment2/ros2_ws/install/rover_navigation' for CMake module files
[1.283s] Level 1:colcon.colcon_core.environment:checking '/home/rishabh/Desktop/MRT/Assignments/Assignment2/ros2_ws/install/rover_navigation' for CMake config files
[1.283s] Level 1:colcon.colcon_core.environment:checking '/home/rishabh/Desktop/MRT/Assignments/Assignment2/ros2_ws/install/rover_navigation/lib'
[1.283s] Level 1:colcon.colcon_core.environment:checking '/home/rishabh/Desktop/MRT/Assignments/Assignment2/ros2_ws/install/rover_navigation/bin'
[1.283s] Level 1:colcon.colcon_core.environment:checking '/home/rishabh/Desktop/MRT/Assignments/Assignment2/ros2_ws/install/rover_navigation/lib/pkgconfig/rover_navigation.pc'
[1.283s] Level 1:colcon.colcon_core.environment:checking '/home/rishabh/Desktop/MRT/Assignments/Assignment2/ros2_ws/install/rover_navigation/lib/python3.10/site-packages'
[1.283s] Level 1:colcon.colcon_core.shell:create_environment_hook('rover_navigation', 'pythonpath')
[1.283s] INFO:colcon.colcon_core.shell:Creating environment hook '/home/rishabh/Desktop/MRT/Assignments/Assignment2/ros2_ws/install/rover_navigation/share/rover_navigation/hook/pythonpath.ps1'
[1.284s] INFO:colcon.colcon_core.shell:Creating environment descriptor '/home/rishabh/Desktop/MRT/Assignments/Assignment2/ros2_ws/install/rover_navigation/share/rover_navigation/hook/pythonpath.dsv'
[1.284s] INFO:colcon.colcon_core.shell:Creating environment hook '/home/rishabh/Desktop/MRT/Assignments/Assignment2/ros2_ws/install/rover_navigation/share/rover_navigation/hook/pythonpath.sh'
[1.284s] Level 1:colcon.colcon_core.environment:checking '/home/rishabh/Desktop/MRT/Assignments/Assignment2/ros2_ws/install/rover_navigation/bin'
[1.284s] Level 1:colcon.colcon_core.environment:create_environment_scripts_only(rover_navigation)
[1.284s] INFO:colcon.colcon_core.shell:Creating package script '/home/rishabh/Desktop/MRT/Assignments/Assignment2/ros2_ws/install/rover_navigation/share/rover_navigation/package.ps1'
[1.285s] INFO:colcon.colcon_core.shell:Creating package descriptor '/home/rishabh/Desktop/MRT/Assignments/Assignment2/ros2_ws/install/rover_navigation/share/rover_navigation/package.dsv'
[1.285s] INFO:colcon.colcon_core.shell:Creating package script '/home/rishabh/Desktop/MRT/Assignments/Assignment2/ros2_ws/install/rover_navigation/share/rover_navigation/package.sh'
[1.285s] INFO:colcon.colcon_core.shell:Creating package script '/home/rishabh/Desktop/MRT/Assignments/Assignment2/ros2_ws/install/rover_navigation/share/rover_navigation/package.bash'
[1.285s] INFO:colcon.colcon_core.shell:Creating package script '/home/rishabh/Desktop/MRT/Assignments/Assignment2/ros2_ws/install/rover_navigation/share/rover_navigation/package.zsh'
[1.285s] Level 1:colcon.colcon_core.environment:create_file_with_runtime_dependencies(/home/rishabh/Desktop/MRT/Assignments/Assignment2/ros2_ws/install/rover_navigation/share/colcon-core/packages/rover_navigation)
[1.286s] DEBUG:colcon.colcon_parallel_executor.executor.parallel:closing loop
[1.286s] DEBUG:colcon.colcon_parallel_executor.executor.parallel:loop closed
[1.286s] DEBUG:colcon.colcon_parallel_executor.executor.parallel:run_until_complete finished with '0'
[1.286s] DEBUG:colcon.colcon_core.event_reactor:joining thread
[1.289s] INFO:colcon.colcon_core.plugin_system:Skipping extension 'colcon_notification.desktop_notification.terminal_notifier': Not used on non-Darwin systems
[1.289s] INFO:colcon.colcon_core.plugin_system:Skipping extension 'colcon_notification.desktop_notification.win32': Not used on non-Windows systems
[1.289s] INFO:colcon.colcon_notification.desktop_notification:Sending desktop notification using 'notify2'
[1.302s] DEBUG:colcon.colcon_core.event_reactor:joined thread
[1.302s] INFO:colcon.colcon_core.shell:Creating prefix script '/home/rishabh/Desktop/MRT/Assignments/Assignment2/ros2_ws/install/local_setup.ps1'
[1.303s] INFO:colcon.colcon_core.shell:Creating prefix util module '/home/rishabh/Desktop/MRT/Assignments/Assignment2/ros2_ws/install/_local_setup_util_ps1.py'
[1.305s] INFO:colcon.colcon_core.shell:Creating prefix chain script '/home/rishabh/Desktop/MRT/Assignments/Assignment2/ros2_ws/install/setup.ps1'
[1.306s] INFO:colcon.colcon_core.shell:Creating prefix script '/home/rishabh/Desktop/MRT/Assignments/Assignment2/ros2_ws/install/local_setup.sh'
[1.306s] INFO:colcon.colcon_core.shell:Creating prefix util module '/home/rishabh/Desktop/MRT/Assignments/Assignment2/ros2_ws/install/_local_setup_util_sh.py'
[1.307s] INFO:colcon.colcon_core.shell:Creating prefix chain script '/home/rishabh/Desktop/MRT/Assignments/Assignment2/ros2_ws/install/setup.sh'
[1.308s] INFO:colcon.colcon_core.shell:Creating prefix script '/home/rishabh/Desktop/MRT/Assignments/Assignment2/ros2_ws/install/local_setup.bash'
[1.308s] INFO:colcon.colcon_core.shell:Creating prefix chain script '/home/rishabh/Desktop/MRT/Assignments/Assignment2/ros2_ws/install/setup.bash'
[1.309s] INFO:colcon.colcon_core.shell:Creating prefix script '/home/rishabh/Desktop/MRT/Assignments/Assignment2/ros2_ws/install/local_setup.zsh'
[1.309s] INFO:colcon.colcon_core.shell:Creating prefix chain script '/home/rishabh/Desktop/MRT/Assignments/Assignment2/ros2_ws/install/setup.zsh'
